[2025-03-20T15:47:22.818+0000] {taskinstance.py:1159} INFO - Dependencies all met for dep_context=non-requeueable deps ti=<TaskInstance: trnsaction_ingestion_gcs_dag.spark_convert_to_parquet manual__2025-03-20T15:47:08.809308+00:00 [queued]>
[2025-03-20T15:47:22.839+0000] {taskinstance.py:1159} INFO - Dependencies all met for dep_context=requeueable deps ti=<TaskInstance: trnsaction_ingestion_gcs_dag.spark_convert_to_parquet manual__2025-03-20T15:47:08.809308+00:00 [queued]>
[2025-03-20T15:47:22.840+0000] {taskinstance.py:1361} INFO - Starting attempt 1 of 1
[2025-03-20T15:47:22.869+0000] {taskinstance.py:1382} INFO - Executing <Task(SparkSubmitOperator): spark_convert_to_parquet> on 2025-03-20 15:47:08.809308+00:00
[2025-03-20T15:47:22.882+0000] {standard_task_runner.py:57} INFO - Started process 9031 to run task
[2025-03-20T15:47:22.891+0000] {standard_task_runner.py:84} INFO - Running: ['***', 'tasks', 'run', 'trnsaction_ingestion_gcs_dag', 'spark_convert_to_parquet', 'manual__2025-03-20T15:47:08.809308+00:00', '--job-id', '117', '--raw', '--subdir', 'DAGS_FOLDER/etl_trsction_table.py', '--cfg-path', '/tmp/tmp1y6js_xr']
[2025-03-20T15:47:22.898+0000] {standard_task_runner.py:85} INFO - Job 117: Subtask spark_convert_to_parquet
[2025-03-20T15:47:22.991+0000] {task_command.py:415} INFO - Running <TaskInstance: trnsaction_ingestion_gcs_dag.spark_convert_to_parquet manual__2025-03-20T15:47:08.809308+00:00 [running]> on host 2c8eeef746cb
[2025-03-20T15:47:23.134+0000] {taskinstance.py:1660} INFO - Exporting env vars: AIRFLOW_CTX_DAG_OWNER='***' AIRFLOW_CTX_DAG_ID='trnsaction_ingestion_gcs_dag' AIRFLOW_CTX_TASK_ID='spark_convert_to_parquet' AIRFLOW_CTX_EXECUTION_DATE='2025-03-20T15:47:08.809308+00:00' AIRFLOW_CTX_TRY_NUMBER='1' AIRFLOW_CTX_DAG_RUN_ID='manual__2025-03-20T15:47:08.809308+00:00'
[2025-03-20T15:47:23.151+0000] {base.py:73} INFO - Using connection ID 'spark-conn' for task execution.
[2025-03-20T15:47:23.153+0000] {spark_submit.py:340} INFO - Spark-Submit cmd: spark-submit --master spark://spark-master:7077 --name spark-transaction-rename /opt/***/jobs/pyspark_convert_to_parquet.py
[2025-03-20T15:47:23.473+0000] {spark_submit.py:491} INFO - /home/***/.local/lib/python3.9/site-packages/pyspark/bin/load-spark-env.sh: line 68: ps: command not found
[2025-03-20T15:47:30.167+0000] {spark_submit.py:491} INFO - 25/03/20 15:47:30 INFO SparkContext: Running Spark version 3.4.1
[2025-03-20T15:47:30.334+0000] {spark_submit.py:491} INFO - 25/03/20 15:47:30 WARN NativeCodeLoader: Unable to load native-hadoop library for your platform... using builtin-java classes where applicable
[2025-03-20T15:47:30.528+0000] {spark_submit.py:491} INFO - 25/03/20 15:47:30 INFO ResourceUtils: ==============================================================
[2025-03-20T15:47:30.529+0000] {spark_submit.py:491} INFO - 25/03/20 15:47:30 INFO ResourceUtils: No custom resources configured for spark.driver.
[2025-03-20T15:47:30.529+0000] {spark_submit.py:491} INFO - 25/03/20 15:47:30 INFO ResourceUtils: ==============================================================
[2025-03-20T15:47:30.530+0000] {spark_submit.py:491} INFO - 25/03/20 15:47:30 INFO SparkContext: Submitted application: convert_csv_to_parquet
[2025-03-20T15:47:30.579+0000] {spark_submit.py:491} INFO - 25/03/20 15:47:30 INFO ResourceProfile: Default ResourceProfile created, executor resources: Map(cores -> name: cores, amount: 1, script: , vendor: , memory -> name: memory, amount: 1024, script: , vendor: , offHeap -> name: offHeap, amount: 0, script: , vendor: ), task resources: Map(cpus -> name: cpus, amount: 1.0)
[2025-03-20T15:47:30.606+0000] {spark_submit.py:491} INFO - 25/03/20 15:47:30 INFO ResourceProfile: Limiting resource is cpu
[2025-03-20T15:47:30.607+0000] {spark_submit.py:491} INFO - 25/03/20 15:47:30 INFO ResourceProfileManager: Added ResourceProfile id: 0
[2025-03-20T15:47:30.719+0000] {spark_submit.py:491} INFO - 25/03/20 15:47:30 INFO SecurityManager: Changing view acls to: default
[2025-03-20T15:47:30.720+0000] {spark_submit.py:491} INFO - 25/03/20 15:47:30 INFO SecurityManager: Changing modify acls to: default
[2025-03-20T15:47:30.721+0000] {spark_submit.py:491} INFO - 25/03/20 15:47:30 INFO SecurityManager: Changing view acls groups to:
[2025-03-20T15:47:30.722+0000] {spark_submit.py:491} INFO - 25/03/20 15:47:30 INFO SecurityManager: Changing modify acls groups to:
[2025-03-20T15:47:30.723+0000] {spark_submit.py:491} INFO - 25/03/20 15:47:30 INFO SecurityManager: SecurityManager: authentication disabled; ui acls disabled; users with view permissions: default; groups with view permissions: EMPTY; users with modify permissions: default; groups with modify permissions: EMPTY
[2025-03-20T15:47:31.216+0000] {spark_submit.py:491} INFO - 25/03/20 15:47:31 INFO Utils: Successfully started service 'sparkDriver' on port 36103.
[2025-03-20T15:47:31.308+0000] {spark_submit.py:491} INFO - 25/03/20 15:47:31 INFO SparkEnv: Registering MapOutputTracker
[2025-03-20T15:47:31.404+0000] {spark_submit.py:491} INFO - 25/03/20 15:47:31 INFO SparkEnv: Registering BlockManagerMaster
[2025-03-20T15:47:31.460+0000] {spark_submit.py:491} INFO - 25/03/20 15:47:31 INFO BlockManagerMasterEndpoint: Using org.apache.spark.storage.DefaultTopologyMapper for getting topology information
[2025-03-20T15:47:31.461+0000] {spark_submit.py:491} INFO - 25/03/20 15:47:31 INFO BlockManagerMasterEndpoint: BlockManagerMasterEndpoint up
[2025-03-20T15:47:31.472+0000] {spark_submit.py:491} INFO - 25/03/20 15:47:31 INFO SparkEnv: Registering BlockManagerMasterHeartbeat
[2025-03-20T15:47:31.575+0000] {spark_submit.py:491} INFO - 25/03/20 15:47:31 INFO DiskBlockManager: Created local directory at /tmp/blockmgr-a1d88a1a-a13d-4480-be71-0afee7bdc22e
[2025-03-20T15:47:31.611+0000] {spark_submit.py:491} INFO - 25/03/20 15:47:31 INFO MemoryStore: MemoryStore started with capacity 434.4 MiB
[2025-03-20T15:47:31.671+0000] {spark_submit.py:491} INFO - 25/03/20 15:47:31 INFO SparkEnv: Registering OutputCommitCoordinator
[2025-03-20T15:47:32.160+0000] {spark_submit.py:491} INFO - 25/03/20 15:47:32 INFO JettyUtils: Start Jetty 0.0.0.0:4040 for SparkUI
[2025-03-20T15:47:32.293+0000] {spark_submit.py:491} INFO - 25/03/20 15:47:32 INFO Utils: Successfully started service 'SparkUI' on port 4040.
[2025-03-20T15:47:32.506+0000] {spark_submit.py:491} INFO - 25/03/20 15:47:32 INFO Executor: Starting executor ID driver on host 2c8eeef746cb
[2025-03-20T15:47:32.522+0000] {spark_submit.py:491} INFO - 25/03/20 15:47:32 INFO Executor: Starting executor with user classpath (userClassPathFirst = false): ''
[2025-03-20T15:47:32.561+0000] {spark_submit.py:491} INFO - 25/03/20 15:47:32 INFO Utils: Successfully started service 'org.apache.spark.network.netty.NettyBlockTransferService' on port 43913.
[2025-03-20T15:47:32.562+0000] {spark_submit.py:491} INFO - 25/03/20 15:47:32 INFO NettyBlockTransferService: Server created on 2c8eeef746cb:43913
[2025-03-20T15:47:32.566+0000] {spark_submit.py:491} INFO - 25/03/20 15:47:32 INFO BlockManager: Using org.apache.spark.storage.RandomBlockReplicationPolicy for block replication policy
[2025-03-20T15:47:32.580+0000] {spark_submit.py:491} INFO - 25/03/20 15:47:32 INFO BlockManagerMaster: Registering BlockManager BlockManagerId(driver, 2c8eeef746cb, 43913, None)
[2025-03-20T15:47:32.588+0000] {spark_submit.py:491} INFO - 25/03/20 15:47:32 INFO BlockManagerMasterEndpoint: Registering block manager 2c8eeef746cb:43913 with 434.4 MiB RAM, BlockManagerId(driver, 2c8eeef746cb, 43913, None)
[2025-03-20T15:47:32.595+0000] {spark_submit.py:491} INFO - 25/03/20 15:47:32 INFO BlockManagerMaster: Registered BlockManager BlockManagerId(driver, 2c8eeef746cb, 43913, None)
[2025-03-20T15:47:32.599+0000] {spark_submit.py:491} INFO - 25/03/20 15:47:32 INFO BlockManager: Initialized BlockManager: BlockManagerId(driver, 2c8eeef746cb, 43913, None)
[2025-03-20T15:47:33.484+0000] {spark_submit.py:491} INFO - 25/03/20 15:47:33 INFO SharedState: Setting hive.metastore.warehouse.dir ('null') to the value of spark.sql.warehouse.dir.
[2025-03-20T15:47:33.504+0000] {spark_submit.py:491} INFO - 25/03/20 15:47:33 INFO SharedState: Warehouse path is 'file:/opt/***/spark-warehouse'.
[2025-03-20T15:47:35.636+0000] {spark_submit.py:491} INFO - 25/03/20 15:47:35 INFO InMemoryFileIndex: It took 110 ms to list leaf files for 1 paths.
[2025-03-20T15:47:40.904+0000] {spark_submit.py:491} INFO - 25/03/20 15:47:40 INFO FileSourceStrategy: Pushed Filters:
[2025-03-20T15:47:40.940+0000] {spark_submit.py:491} INFO - 25/03/20 15:47:40 INFO FileSourceStrategy: Post-Scan Filters:
[2025-03-20T15:47:41.218+0000] {spark_submit.py:491} INFO - 25/03/20 15:47:41 INFO ParquetUtils: Using default output committer for Parquet: org.apache.parquet.hadoop.ParquetOutputCommitter
[2025-03-20T15:47:41.290+0000] {spark_submit.py:491} INFO - 25/03/20 15:47:41 INFO FileOutputCommitter: File Output Committer Algorithm version is 1
[2025-03-20T15:47:41.291+0000] {spark_submit.py:491} INFO - 25/03/20 15:47:41 INFO FileOutputCommitter: FileOutputCommitter skip cleanup _temporary folders under output directory:false, ignore cleanup failures: false
[2025-03-20T15:47:41.295+0000] {spark_submit.py:491} INFO - 25/03/20 15:47:41 INFO SQLHadoopMapReduceCommitProtocol: Using user defined output committer class org.apache.parquet.hadoop.ParquetOutputCommitter
[2025-03-20T15:47:41.296+0000] {spark_submit.py:491} INFO - 25/03/20 15:47:41 INFO FileOutputCommitter: File Output Committer Algorithm version is 1
[2025-03-20T15:47:41.297+0000] {spark_submit.py:491} INFO - 25/03/20 15:47:41 INFO FileOutputCommitter: FileOutputCommitter skip cleanup _temporary folders under output directory:false, ignore cleanup failures: false
[2025-03-20T15:47:41.298+0000] {spark_submit.py:491} INFO - 25/03/20 15:47:41 INFO SQLHadoopMapReduceCommitProtocol: Using output committer class org.apache.parquet.hadoop.ParquetOutputCommitter
[2025-03-20T15:47:42.631+0000] {spark_submit.py:491} INFO - 25/03/20 15:47:42 INFO CodeGenerator: Code generated in 622.306831 ms
[2025-03-20T15:47:42.756+0000] {spark_submit.py:491} INFO - 25/03/20 15:47:42 INFO MemoryStore: Block broadcast_0 stored as values in memory (estimated size 199.2 KiB, free 434.2 MiB)
[2025-03-20T15:47:42.864+0000] {spark_submit.py:491} INFO - 25/03/20 15:47:42 INFO MemoryStore: Block broadcast_0_piece0 stored as bytes in memory (estimated size 34.1 KiB, free 434.2 MiB)
[2025-03-20T15:47:42.870+0000] {spark_submit.py:491} INFO - 25/03/20 15:47:42 INFO BlockManagerInfo: Added broadcast_0_piece0 in memory on 2c8eeef746cb:43913 (size: 34.1 KiB, free: 434.4 MiB)
[2025-03-20T15:47:42.880+0000] {spark_submit.py:491} INFO - 25/03/20 15:47:42 INFO SparkContext: Created broadcast 0 from parquet at NativeMethodAccessorImpl.java:0
[2025-03-20T15:47:42.930+0000] {spark_submit.py:491} INFO - 25/03/20 15:47:42 INFO FileSourceScanExec: Planning scan with bin packing, max size: 134217728 bytes, open cost is considered as scanning 4194304 bytes.
[2025-03-20T15:47:43.171+0000] {spark_submit.py:491} INFO - 25/03/20 15:47:43 INFO SparkContext: Starting job: parquet at NativeMethodAccessorImpl.java:0
[2025-03-20T15:47:43.213+0000] {spark_submit.py:491} INFO - 25/03/20 15:47:43 INFO DAGScheduler: Got job 0 (parquet at NativeMethodAccessorImpl.java:0) with 3 output partitions
[2025-03-20T15:47:43.214+0000] {spark_submit.py:491} INFO - 25/03/20 15:47:43 INFO DAGScheduler: Final stage: ResultStage 0 (parquet at NativeMethodAccessorImpl.java:0)
[2025-03-20T15:47:43.217+0000] {spark_submit.py:491} INFO - 25/03/20 15:47:43 INFO DAGScheduler: Parents of final stage: List()
[2025-03-20T15:47:43.221+0000] {spark_submit.py:491} INFO - 25/03/20 15:47:43 INFO DAGScheduler: Missing parents: List()
[2025-03-20T15:47:43.232+0000] {spark_submit.py:491} INFO - 25/03/20 15:47:43 INFO DAGScheduler: Submitting ResultStage 0 (MapPartitionsRDD[3] at parquet at NativeMethodAccessorImpl.java:0), which has no missing parents
[2025-03-20T15:47:43.534+0000] {spark_submit.py:491} INFO - 25/03/20 15:47:43 INFO MemoryStore: Block broadcast_1 stored as values in memory (estimated size 222.5 KiB, free 434.0 MiB)
[2025-03-20T15:47:43.544+0000] {spark_submit.py:491} INFO - 25/03/20 15:47:43 INFO MemoryStore: Block broadcast_1_piece0 stored as bytes in memory (estimated size 79.8 KiB, free 433.9 MiB)
[2025-03-20T15:47:43.546+0000] {spark_submit.py:491} INFO - 25/03/20 15:47:43 INFO BlockManagerInfo: Added broadcast_1_piece0 in memory on 2c8eeef746cb:43913 (size: 79.8 KiB, free: 434.3 MiB)
[2025-03-20T15:47:43.549+0000] {spark_submit.py:491} INFO - 25/03/20 15:47:43 INFO SparkContext: Created broadcast 1 from broadcast at DAGScheduler.scala:1535
[2025-03-20T15:47:43.585+0000] {spark_submit.py:491} INFO - 25/03/20 15:47:43 INFO DAGScheduler: Submitting 3 missing tasks from ResultStage 0 (MapPartitionsRDD[3] at parquet at NativeMethodAccessorImpl.java:0) (first 15 tasks are for partitions Vector(0, 1, 2))
[2025-03-20T15:47:43.588+0000] {spark_submit.py:491} INFO - 25/03/20 15:47:43 INFO TaskSchedulerImpl: Adding task set 0.0 with 3 tasks resource profile 0
[2025-03-20T15:47:43.724+0000] {spark_submit.py:491} INFO - 25/03/20 15:47:43 INFO TaskSetManager: Starting task 0.0 in stage 0.0 (TID 0) (2c8eeef746cb, executor driver, partition 0, PROCESS_LOCAL, 7933 bytes)
[2025-03-20T15:47:43.753+0000] {spark_submit.py:491} INFO - 25/03/20 15:47:43 INFO Executor: Running task 0.0 in stage 0.0 (TID 0)
[2025-03-20T15:47:44.045+0000] {spark_submit.py:491} INFO - 25/03/20 15:47:44 INFO FileOutputCommitter: File Output Committer Algorithm version is 1
[2025-03-20T15:47:44.046+0000] {spark_submit.py:491} INFO - 25/03/20 15:47:44 INFO FileOutputCommitter: FileOutputCommitter skip cleanup _temporary folders under output directory:false, ignore cleanup failures: false
[2025-03-20T15:47:44.049+0000] {spark_submit.py:491} INFO - 25/03/20 15:47:44 INFO SQLHadoopMapReduceCommitProtocol: Using user defined output committer class org.apache.parquet.hadoop.ParquetOutputCommitter
[2025-03-20T15:47:44.050+0000] {spark_submit.py:491} INFO - 25/03/20 15:47:44 INFO FileOutputCommitter: File Output Committer Algorithm version is 1
[2025-03-20T15:47:44.051+0000] {spark_submit.py:491} INFO - 25/03/20 15:47:44 INFO FileOutputCommitter: FileOutputCommitter skip cleanup _temporary folders under output directory:false, ignore cleanup failures: false
[2025-03-20T15:47:44.052+0000] {spark_submit.py:491} INFO - 25/03/20 15:47:44 INFO SQLHadoopMapReduceCommitProtocol: Using output committer class org.apache.parquet.hadoop.ParquetOutputCommitter
[2025-03-20T15:47:44.061+0000] {spark_submit.py:491} INFO - 25/03/20 15:47:44 INFO CodecConfig: Compression: SNAPPY
[2025-03-20T15:47:44.067+0000] {spark_submit.py:491} INFO - 25/03/20 15:47:44 INFO CodecConfig: Compression: SNAPPY
[2025-03-20T15:47:44.104+0000] {spark_submit.py:491} INFO - 25/03/20 15:47:44 INFO ParquetOutputFormat: ParquetRecordWriter [block size: 134217728b, row group padding size: 8388608b, validating: false]
[2025-03-20T15:47:44.152+0000] {spark_submit.py:491} INFO - 25/03/20 15:47:44 INFO ParquetWriteSupport: Initialized Parquet WriteSupport with Catalyst schema:
[2025-03-20T15:47:44.152+0000] {spark_submit.py:491} INFO - {
[2025-03-20T15:47:44.153+0000] {spark_submit.py:491} INFO - "type" : "struct",
[2025-03-20T15:47:44.153+0000] {spark_submit.py:491} INFO - "fields" : [ {
[2025-03-20T15:47:44.153+0000] {spark_submit.py:491} INFO - "name" : "id",
[2025-03-20T15:47:44.153+0000] {spark_submit.py:491} INFO - "type" : "integer",
[2025-03-20T15:47:44.153+0000] {spark_submit.py:491} INFO - "nullable" : true,
[2025-03-20T15:47:44.154+0000] {spark_submit.py:491} INFO - "metadata" : { }
[2025-03-20T15:47:44.154+0000] {spark_submit.py:491} INFO - }, {
[2025-03-20T15:47:44.154+0000] {spark_submit.py:491} INFO - "name" : "date",
[2025-03-20T15:47:44.154+0000] {spark_submit.py:491} INFO - "type" : "string",
[2025-03-20T15:47:44.154+0000] {spark_submit.py:491} INFO - "nullable" : true,
[2025-03-20T15:47:44.155+0000] {spark_submit.py:491} INFO - "metadata" : { }
[2025-03-20T15:47:44.155+0000] {spark_submit.py:491} INFO - }, {
[2025-03-20T15:47:44.155+0000] {spark_submit.py:491} INFO - "name" : "client_id",
[2025-03-20T15:47:44.155+0000] {spark_submit.py:491} INFO - "type" : "integer",
[2025-03-20T15:47:44.155+0000] {spark_submit.py:491} INFO - "nullable" : true,
[2025-03-20T15:47:44.155+0000] {spark_submit.py:491} INFO - "metadata" : { }
[2025-03-20T15:47:44.156+0000] {spark_submit.py:491} INFO - }, {
[2025-03-20T15:47:44.156+0000] {spark_submit.py:491} INFO - "name" : "card_id",
[2025-03-20T15:47:44.156+0000] {spark_submit.py:491} INFO - "type" : "integer",
[2025-03-20T15:47:44.156+0000] {spark_submit.py:491} INFO - "nullable" : true,
[2025-03-20T15:47:44.156+0000] {spark_submit.py:491} INFO - "metadata" : { }
[2025-03-20T15:47:44.157+0000] {spark_submit.py:491} INFO - }, {
[2025-03-20T15:47:44.157+0000] {spark_submit.py:491} INFO - "name" : "amount",
[2025-03-20T15:47:44.157+0000] {spark_submit.py:491} INFO - "type" : "string",
[2025-03-20T15:47:44.157+0000] {spark_submit.py:491} INFO - "nullable" : true,
[2025-03-20T15:47:44.157+0000] {spark_submit.py:491} INFO - "metadata" : { }
[2025-03-20T15:47:44.158+0000] {spark_submit.py:491} INFO - }, {
[2025-03-20T15:47:44.158+0000] {spark_submit.py:491} INFO - "name" : "use_chip",
[2025-03-20T15:47:44.158+0000] {spark_submit.py:491} INFO - "type" : "string",
[2025-03-20T15:47:44.158+0000] {spark_submit.py:491} INFO - "nullable" : true,
[2025-03-20T15:47:44.158+0000] {spark_submit.py:491} INFO - "metadata" : { }
[2025-03-20T15:47:44.159+0000] {spark_submit.py:491} INFO - }, {
[2025-03-20T15:47:44.159+0000] {spark_submit.py:491} INFO - "name" : "merchant_id",
[2025-03-20T15:47:44.159+0000] {spark_submit.py:491} INFO - "type" : "integer",
[2025-03-20T15:47:44.160+0000] {spark_submit.py:491} INFO - "nullable" : true,
[2025-03-20T15:47:44.160+0000] {spark_submit.py:491} INFO - "metadata" : { }
[2025-03-20T15:47:44.160+0000] {spark_submit.py:491} INFO - }, {
[2025-03-20T15:47:44.160+0000] {spark_submit.py:491} INFO - "name" : "merchant_city",
[2025-03-20T15:47:44.160+0000] {spark_submit.py:491} INFO - "type" : "string",
[2025-03-20T15:47:44.160+0000] {spark_submit.py:491} INFO - "nullable" : false,
[2025-03-20T15:47:44.161+0000] {spark_submit.py:491} INFO - "metadata" : { }
[2025-03-20T15:47:44.161+0000] {spark_submit.py:491} INFO - }, {
[2025-03-20T15:47:44.161+0000] {spark_submit.py:491} INFO - "name" : "merchant_state",
[2025-03-20T15:47:44.161+0000] {spark_submit.py:491} INFO - "type" : "string",
[2025-03-20T15:47:44.161+0000] {spark_submit.py:491} INFO - "nullable" : false,
[2025-03-20T15:47:44.162+0000] {spark_submit.py:491} INFO - "metadata" : { }
[2025-03-20T15:47:44.162+0000] {spark_submit.py:491} INFO - }, {
[2025-03-20T15:47:44.162+0000] {spark_submit.py:491} INFO - "name" : "zip",
[2025-03-20T15:47:44.162+0000] {spark_submit.py:491} INFO - "type" : "string",
[2025-03-20T15:47:44.162+0000] {spark_submit.py:491} INFO - "nullable" : true,
[2025-03-20T15:47:44.162+0000] {spark_submit.py:491} INFO - "metadata" : { }
[2025-03-20T15:47:44.163+0000] {spark_submit.py:491} INFO - }, {
[2025-03-20T15:47:44.163+0000] {spark_submit.py:491} INFO - "name" : "mcc",
[2025-03-20T15:47:44.163+0000] {spark_submit.py:491} INFO - "type" : "string",
[2025-03-20T15:47:44.163+0000] {spark_submit.py:491} INFO - "nullable" : true,
[2025-03-20T15:47:44.163+0000] {spark_submit.py:491} INFO - "metadata" : { }
[2025-03-20T15:47:44.164+0000] {spark_submit.py:491} INFO - }, {
[2025-03-20T15:47:44.164+0000] {spark_submit.py:491} INFO - "name" : "errors",
[2025-03-20T15:47:44.164+0000] {spark_submit.py:491} INFO - "type" : "string",
[2025-03-20T15:47:44.164+0000] {spark_submit.py:491} INFO - "nullable" : false,
[2025-03-20T15:47:44.164+0000] {spark_submit.py:491} INFO - "metadata" : { }
[2025-03-20T15:47:44.164+0000] {spark_submit.py:491} INFO - } ]
[2025-03-20T15:47:44.165+0000] {spark_submit.py:491} INFO - }
[2025-03-20T15:47:44.165+0000] {spark_submit.py:491} INFO - and corresponding Parquet message type:
[2025-03-20T15:47:44.165+0000] {spark_submit.py:491} INFO - message spark_schema {
[2025-03-20T15:47:44.165+0000] {spark_submit.py:491} INFO - optional int32 id;
[2025-03-20T15:47:44.165+0000] {spark_submit.py:491} INFO - optional binary date (STRING);
[2025-03-20T15:47:44.166+0000] {spark_submit.py:491} INFO - optional int32 client_id;
[2025-03-20T15:47:44.166+0000] {spark_submit.py:491} INFO - optional int32 card_id;
[2025-03-20T15:47:44.166+0000] {spark_submit.py:491} INFO - optional binary amount (STRING);
[2025-03-20T15:47:44.166+0000] {spark_submit.py:491} INFO - optional binary use_chip (STRING);
[2025-03-20T15:47:44.166+0000] {spark_submit.py:491} INFO - optional int32 merchant_id;
[2025-03-20T15:47:44.167+0000] {spark_submit.py:491} INFO - required binary merchant_city (STRING);
[2025-03-20T15:47:44.167+0000] {spark_submit.py:491} INFO - required binary merchant_state (STRING);
[2025-03-20T15:47:44.167+0000] {spark_submit.py:491} INFO - optional binary zip (STRING);
[2025-03-20T15:47:44.174+0000] {spark_submit.py:491} INFO - optional binary mcc (STRING);
[2025-03-20T15:47:44.175+0000] {spark_submit.py:491} INFO - required binary errors (STRING);
[2025-03-20T15:47:44.175+0000] {spark_submit.py:491} INFO - }
[2025-03-20T15:47:44.176+0000] {spark_submit.py:491} INFO - 
[2025-03-20T15:47:44.176+0000] {spark_submit.py:491} INFO - 
[2025-03-20T15:47:44.273+0000] {spark_submit.py:491} INFO - 25/03/20 15:47:44 INFO CodecPool: Got brand-new compressor [.snappy]
[2025-03-20T15:47:44.609+0000] {spark_submit.py:491} INFO - 25/03/20 15:47:44 INFO FileScanRDD: Reading File path: file:///opt/***/temp_data/trnsction/trnsction.csv, range: 0-134217728, partition values: [empty row]
[2025-03-20T15:47:44.709+0000] {spark_submit.py:491} INFO - 25/03/20 15:47:44 INFO CodeGenerator: Code generated in 65.869831 ms
[2025-03-20T15:47:44.849+0000] {spark_submit.py:491} INFO - 25/03/20 15:47:44 WARN CSVHeaderChecker: Number of column in CSV header is not equal to number of fields in the schema:
[2025-03-20T15:47:44.850+0000] {spark_submit.py:491} INFO - Header length: 1, schema size: 12
[2025-03-20T15:47:44.850+0000] {spark_submit.py:491} INFO - CSV file: file:///opt/***/temp_data/trnsction/trnsction.csv
[2025-03-20T15:48:32.104+0000] {spark_submit.py:491} INFO - 25/03/20 15:48:32 INFO FileOutputCommitter: Saved output of task 'attempt_202503201547431356452092127732133_0000_m_000000_0' to file:/opt/***/temp_data/trnsction/trnsction/_temporary/0/task_202503201547431356452092127732133_0000_m_000000
[2025-03-20T15:48:32.106+0000] {spark_submit.py:491} INFO - 25/03/20 15:48:32 INFO SparkHadoopMapRedUtil: attempt_202503201547431356452092127732133_0000_m_000000_0: Committed. Elapsed time: 2 ms.
[2025-03-20T15:48:32.197+0000] {spark_submit.py:491} INFO - 25/03/20 15:48:32 INFO Executor: Finished task 0.0 in stage 0.0 (TID 0). 2613 bytes result sent to driver
[2025-03-20T15:48:32.219+0000] {spark_submit.py:491} INFO - 25/03/20 15:48:32 INFO TaskSetManager: Starting task 1.0 in stage 0.0 (TID 1) (2c8eeef746cb, executor driver, partition 1, PROCESS_LOCAL, 7933 bytes)
[2025-03-20T15:48:32.225+0000] {spark_submit.py:491} INFO - 25/03/20 15:48:32 INFO Executor: Running task 1.0 in stage 0.0 (TID 1)
[2025-03-20T15:48:32.244+0000] {spark_submit.py:491} INFO - 25/03/20 15:48:32 INFO TaskSetManager: Finished task 0.0 in stage 0.0 (TID 0) in 48551 ms on 2c8eeef746cb (executor driver) (1/3)
[2025-03-20T15:48:32.327+0000] {spark_submit.py:491} INFO - 25/03/20 15:48:32 INFO FileOutputCommitter: File Output Committer Algorithm version is 1
[2025-03-20T15:48:32.329+0000] {spark_submit.py:491} INFO - 25/03/20 15:48:32 INFO FileOutputCommitter: FileOutputCommitter skip cleanup _temporary folders under output directory:false, ignore cleanup failures: false
[2025-03-20T15:48:32.331+0000] {spark_submit.py:491} INFO - 25/03/20 15:48:32 INFO SQLHadoopMapReduceCommitProtocol: Using user defined output committer class org.apache.parquet.hadoop.ParquetOutputCommitter
[2025-03-20T15:48:32.332+0000] {spark_submit.py:491} INFO - 25/03/20 15:48:32 INFO FileOutputCommitter: File Output Committer Algorithm version is 1
[2025-03-20T15:48:32.332+0000] {spark_submit.py:491} INFO - 25/03/20 15:48:32 INFO FileOutputCommitter: FileOutputCommitter skip cleanup _temporary folders under output directory:false, ignore cleanup failures: false
[2025-03-20T15:48:32.334+0000] {spark_submit.py:491} INFO - 25/03/20 15:48:32 INFO SQLHadoopMapReduceCommitProtocol: Using output committer class org.apache.parquet.hadoop.ParquetOutputCommitter
[2025-03-20T15:48:32.335+0000] {spark_submit.py:491} INFO - 25/03/20 15:48:32 INFO FileScanRDD: Reading File path: file:///opt/***/temp_data/trnsction/trnsction.csv, range: 134217728-268435456, partition values: [empty row]
[2025-03-20T15:48:32.364+0000] {spark_submit.py:491} INFO - 25/03/20 15:48:32 INFO CodecConfig: Compression: SNAPPY
[2025-03-20T15:48:32.366+0000] {spark_submit.py:491} INFO - 25/03/20 15:48:32 INFO CodecConfig: Compression: SNAPPY
[2025-03-20T15:48:32.372+0000] {spark_submit.py:491} INFO - 25/03/20 15:48:32 INFO ParquetOutputFormat: ParquetRecordWriter [block size: 134217728b, row group padding size: 8388608b, validating: false]
[2025-03-20T15:48:32.379+0000] {spark_submit.py:491} INFO - 25/03/20 15:48:32 INFO ParquetWriteSupport: Initialized Parquet WriteSupport with Catalyst schema:
[2025-03-20T15:48:32.380+0000] {spark_submit.py:491} INFO - {
[2025-03-20T15:48:32.381+0000] {spark_submit.py:491} INFO - "type" : "struct",
[2025-03-20T15:48:32.382+0000] {spark_submit.py:491} INFO - "fields" : [ {
[2025-03-20T15:48:32.383+0000] {spark_submit.py:491} INFO - "name" : "id",
[2025-03-20T15:48:32.383+0000] {spark_submit.py:491} INFO - "type" : "integer",
[2025-03-20T15:48:32.384+0000] {spark_submit.py:491} INFO - "nullable" : true,
[2025-03-20T15:48:32.385+0000] {spark_submit.py:491} INFO - "metadata" : { }
[2025-03-20T15:48:32.386+0000] {spark_submit.py:491} INFO - }, {
[2025-03-20T15:48:32.387+0000] {spark_submit.py:491} INFO - "name" : "date",
[2025-03-20T15:48:32.387+0000] {spark_submit.py:491} INFO - "type" : "string",
[2025-03-20T15:48:32.388+0000] {spark_submit.py:491} INFO - "nullable" : true,
[2025-03-20T15:48:32.389+0000] {spark_submit.py:491} INFO - "metadata" : { }
[2025-03-20T15:48:32.389+0000] {spark_submit.py:491} INFO - }, {
[2025-03-20T15:48:32.390+0000] {spark_submit.py:491} INFO - "name" : "client_id",
[2025-03-20T15:48:32.391+0000] {spark_submit.py:491} INFO - "type" : "integer",
[2025-03-20T15:48:32.392+0000] {spark_submit.py:491} INFO - "nullable" : true,
[2025-03-20T15:48:32.393+0000] {spark_submit.py:491} INFO - "metadata" : { }
[2025-03-20T15:48:32.394+0000] {spark_submit.py:491} INFO - }, {
[2025-03-20T15:48:32.394+0000] {spark_submit.py:491} INFO - "name" : "card_id",
[2025-03-20T15:48:32.395+0000] {spark_submit.py:491} INFO - "type" : "integer",
[2025-03-20T15:48:32.396+0000] {spark_submit.py:491} INFO - "nullable" : true,
[2025-03-20T15:48:32.397+0000] {spark_submit.py:491} INFO - "metadata" : { }
[2025-03-20T15:48:32.397+0000] {spark_submit.py:491} INFO - }, {
[2025-03-20T15:48:32.398+0000] {spark_submit.py:491} INFO - "name" : "amount",
[2025-03-20T15:48:32.399+0000] {spark_submit.py:491} INFO - "type" : "string",
[2025-03-20T15:48:32.399+0000] {spark_submit.py:491} INFO - "nullable" : true,
[2025-03-20T15:48:32.400+0000] {spark_submit.py:491} INFO - "metadata" : { }
[2025-03-20T15:48:32.401+0000] {spark_submit.py:491} INFO - }, {
[2025-03-20T15:48:32.402+0000] {spark_submit.py:491} INFO - "name" : "use_chip",
[2025-03-20T15:48:32.402+0000] {spark_submit.py:491} INFO - "type" : "string",
[2025-03-20T15:48:32.403+0000] {spark_submit.py:491} INFO - "nullable" : true,
[2025-03-20T15:48:32.404+0000] {spark_submit.py:491} INFO - "metadata" : { }
[2025-03-20T15:48:32.404+0000] {spark_submit.py:491} INFO - }, {
[2025-03-20T15:48:32.405+0000] {spark_submit.py:491} INFO - "name" : "merchant_id",
[2025-03-20T15:48:32.406+0000] {spark_submit.py:491} INFO - "type" : "integer",
[2025-03-20T15:48:32.407+0000] {spark_submit.py:491} INFO - "nullable" : true,
[2025-03-20T15:48:32.407+0000] {spark_submit.py:491} INFO - "metadata" : { }
[2025-03-20T15:48:32.408+0000] {spark_submit.py:491} INFO - }, {
[2025-03-20T15:48:32.409+0000] {spark_submit.py:491} INFO - "name" : "merchant_city",
[2025-03-20T15:48:32.410+0000] {spark_submit.py:491} INFO - "type" : "string",
[2025-03-20T15:48:32.411+0000] {spark_submit.py:491} INFO - "nullable" : false,
[2025-03-20T15:48:32.411+0000] {spark_submit.py:491} INFO - "metadata" : { }
[2025-03-20T15:48:32.412+0000] {spark_submit.py:491} INFO - }, {
[2025-03-20T15:48:32.413+0000] {spark_submit.py:491} INFO - "name" : "merchant_state",
[2025-03-20T15:48:32.414+0000] {spark_submit.py:491} INFO - "type" : "string",
[2025-03-20T15:48:32.414+0000] {spark_submit.py:491} INFO - "nullable" : false,
[2025-03-20T15:48:32.415+0000] {spark_submit.py:491} INFO - "metadata" : { }
[2025-03-20T15:48:32.416+0000] {spark_submit.py:491} INFO - }, {
[2025-03-20T15:48:32.416+0000] {spark_submit.py:491} INFO - "name" : "zip",
[2025-03-20T15:48:32.416+0000] {spark_submit.py:491} INFO - "type" : "string",
[2025-03-20T15:48:32.417+0000] {spark_submit.py:491} INFO - "nullable" : true,
[2025-03-20T15:48:32.417+0000] {spark_submit.py:491} INFO - "metadata" : { }
[2025-03-20T15:48:32.417+0000] {spark_submit.py:491} INFO - }, {
[2025-03-20T15:48:32.417+0000] {spark_submit.py:491} INFO - "name" : "mcc",
[2025-03-20T15:48:32.419+0000] {spark_submit.py:491} INFO - "type" : "string",
[2025-03-20T15:48:32.420+0000] {spark_submit.py:491} INFO - "nullable" : true,
[2025-03-20T15:48:32.420+0000] {spark_submit.py:491} INFO - "metadata" : { }
[2025-03-20T15:48:32.421+0000] {spark_submit.py:491} INFO - }, {
[2025-03-20T15:48:32.422+0000] {spark_submit.py:491} INFO - "name" : "errors",
[2025-03-20T15:48:32.423+0000] {spark_submit.py:491} INFO - "type" : "string",
[2025-03-20T15:48:32.423+0000] {spark_submit.py:491} INFO - "nullable" : false,
[2025-03-20T15:48:32.423+0000] {spark_submit.py:491} INFO - "metadata" : { }
[2025-03-20T15:48:32.423+0000] {spark_submit.py:491} INFO - } ]
[2025-03-20T15:48:32.423+0000] {spark_submit.py:491} INFO - }
[2025-03-20T15:48:32.424+0000] {spark_submit.py:491} INFO - and corresponding Parquet message type:
[2025-03-20T15:48:32.424+0000] {spark_submit.py:491} INFO - message spark_schema {
[2025-03-20T15:48:32.424+0000] {spark_submit.py:491} INFO - optional int32 id;
[2025-03-20T15:48:32.424+0000] {spark_submit.py:491} INFO - optional binary date (STRING);
[2025-03-20T15:48:32.425+0000] {spark_submit.py:491} INFO - optional int32 client_id;
[2025-03-20T15:48:32.425+0000] {spark_submit.py:491} INFO - optional int32 card_id;
[2025-03-20T15:48:32.426+0000] {spark_submit.py:491} INFO - optional binary amount (STRING);
[2025-03-20T15:48:32.427+0000] {spark_submit.py:491} INFO - optional binary use_chip (STRING);
[2025-03-20T15:48:32.432+0000] {spark_submit.py:491} INFO - optional int32 merchant_id;
[2025-03-20T15:48:32.432+0000] {spark_submit.py:491} INFO - required binary merchant_city (STRING);
[2025-03-20T15:48:32.433+0000] {spark_submit.py:491} INFO - required binary merchant_state (STRING);
[2025-03-20T15:48:32.433+0000] {spark_submit.py:491} INFO - optional binary zip (STRING);
[2025-03-20T15:48:32.433+0000] {spark_submit.py:491} INFO - optional binary mcc (STRING);
[2025-03-20T15:48:32.433+0000] {spark_submit.py:491} INFO - required binary errors (STRING);
[2025-03-20T15:48:32.433+0000] {spark_submit.py:491} INFO - }
[2025-03-20T15:48:32.433+0000] {spark_submit.py:491} INFO - 
[2025-03-20T15:48:32.434+0000] {spark_submit.py:491} INFO - 
[2025-03-20T15:49:10.882+0000] {spark_submit.py:491} INFO - 25/03/20 15:49:10 INFO FileOutputCommitter: Saved output of task 'attempt_202503201547431356452092127732133_0000_m_000001_1' to file:/opt/***/temp_data/trnsction/trnsction/_temporary/0/task_202503201547431356452092127732133_0000_m_000001
[2025-03-20T15:49:10.884+0000] {spark_submit.py:491} INFO - 25/03/20 15:49:10 INFO SparkHadoopMapRedUtil: attempt_202503201547431356452092127732133_0000_m_000001_1: Committed. Elapsed time: 2 ms.
[2025-03-20T15:49:10.893+0000] {spark_submit.py:491} INFO - 25/03/20 15:49:10 INFO Executor: Finished task 1.0 in stage 0.0 (TID 1). 2613 bytes result sent to driver
[2025-03-20T15:49:10.901+0000] {spark_submit.py:491} INFO - 25/03/20 15:49:10 INFO TaskSetManager: Starting task 2.0 in stage 0.0 (TID 2) (2c8eeef746cb, executor driver, partition 2, PROCESS_LOCAL, 7933 bytes)
[2025-03-20T15:49:10.904+0000] {spark_submit.py:491} INFO - 25/03/20 15:49:10 INFO Executor: Running task 2.0 in stage 0.0 (TID 2)
[2025-03-20T15:49:10.906+0000] {spark_submit.py:491} INFO - 25/03/20 15:49:10 INFO TaskSetManager: Finished task 1.0 in stage 0.0 (TID 1) in 38694 ms on 2c8eeef746cb (executor driver) (2/3)
[2025-03-20T15:49:10.949+0000] {spark_submit.py:491} INFO - 25/03/20 15:49:10 INFO FileOutputCommitter: File Output Committer Algorithm version is 1
[2025-03-20T15:49:10.950+0000] {spark_submit.py:491} INFO - 25/03/20 15:49:10 INFO FileOutputCommitter: FileOutputCommitter skip cleanup _temporary folders under output directory:false, ignore cleanup failures: false
[2025-03-20T15:49:10.951+0000] {spark_submit.py:491} INFO - 25/03/20 15:49:10 INFO SQLHadoopMapReduceCommitProtocol: Using user defined output committer class org.apache.parquet.hadoop.ParquetOutputCommitter
[2025-03-20T15:49:10.952+0000] {spark_submit.py:491} INFO - 25/03/20 15:49:10 INFO FileOutputCommitter: File Output Committer Algorithm version is 1
[2025-03-20T15:49:10.953+0000] {spark_submit.py:491} INFO - 25/03/20 15:49:10 INFO FileOutputCommitter: FileOutputCommitter skip cleanup _temporary folders under output directory:false, ignore cleanup failures: false
[2025-03-20T15:49:10.954+0000] {spark_submit.py:491} INFO - 25/03/20 15:49:10 INFO SQLHadoopMapReduceCommitProtocol: Using output committer class org.apache.parquet.hadoop.ParquetOutputCommitter
[2025-03-20T15:49:10.954+0000] {spark_submit.py:491} INFO - 25/03/20 15:49:10 INFO FileScanRDD: Reading File path: file:///opt/***/temp_data/trnsction/trnsction.csv, range: 268435456-318854564, partition values: [empty row]
[2025-03-20T15:49:10.982+0000] {spark_submit.py:491} INFO - 25/03/20 15:49:10 INFO CodecConfig: Compression: SNAPPY
[2025-03-20T15:49:10.983+0000] {spark_submit.py:491} INFO - 25/03/20 15:49:10 INFO CodecConfig: Compression: SNAPPY
[2025-03-20T15:49:10.987+0000] {spark_submit.py:491} INFO - 25/03/20 15:49:10 INFO ParquetOutputFormat: ParquetRecordWriter [block size: 134217728b, row group padding size: 8388608b, validating: false]
[2025-03-20T15:49:10.992+0000] {spark_submit.py:491} INFO - 25/03/20 15:49:10 INFO ParquetWriteSupport: Initialized Parquet WriteSupport with Catalyst schema:
[2025-03-20T15:49:10.994+0000] {spark_submit.py:491} INFO - {
[2025-03-20T15:49:10.995+0000] {spark_submit.py:491} INFO - "type" : "struct",
[2025-03-20T15:49:10.996+0000] {spark_submit.py:491} INFO - "fields" : [ {
[2025-03-20T15:49:10.997+0000] {spark_submit.py:491} INFO - "name" : "id",
[2025-03-20T15:49:10.997+0000] {spark_submit.py:491} INFO - "type" : "integer",
[2025-03-20T15:49:10.998+0000] {spark_submit.py:491} INFO - "nullable" : true,
[2025-03-20T15:49:10.999+0000] {spark_submit.py:491} INFO - "metadata" : { }
[2025-03-20T15:49:11.000+0000] {spark_submit.py:491} INFO - }, {
[2025-03-20T15:49:11.000+0000] {spark_submit.py:491} INFO - "name" : "date",
[2025-03-20T15:49:11.001+0000] {spark_submit.py:491} INFO - "type" : "string",
[2025-03-20T15:49:11.002+0000] {spark_submit.py:491} INFO - "nullable" : true,
[2025-03-20T15:49:11.003+0000] {spark_submit.py:491} INFO - "metadata" : { }
[2025-03-20T15:49:11.003+0000] {spark_submit.py:491} INFO - }, {
[2025-03-20T15:49:11.004+0000] {spark_submit.py:491} INFO - "name" : "client_id",
[2025-03-20T15:49:11.005+0000] {spark_submit.py:491} INFO - "type" : "integer",
[2025-03-20T15:49:11.005+0000] {spark_submit.py:491} INFO - "nullable" : true,
[2025-03-20T15:49:11.007+0000] {spark_submit.py:491} INFO - "metadata" : { }
[2025-03-20T15:49:11.009+0000] {spark_submit.py:491} INFO - }, {
[2025-03-20T15:49:11.009+0000] {spark_submit.py:491} INFO - "name" : "card_id",
[2025-03-20T15:49:11.010+0000] {spark_submit.py:491} INFO - "type" : "integer",
[2025-03-20T15:49:11.018+0000] {spark_submit.py:491} INFO - "nullable" : true,
[2025-03-20T15:49:11.019+0000] {spark_submit.py:491} INFO - "metadata" : { }
[2025-03-20T15:49:11.020+0000] {spark_submit.py:491} INFO - }, {
[2025-03-20T15:49:11.021+0000] {spark_submit.py:491} INFO - "name" : "amount",
[2025-03-20T15:49:11.021+0000] {spark_submit.py:491} INFO - "type" : "string",
[2025-03-20T15:49:11.023+0000] {spark_submit.py:491} INFO - "nullable" : true,
[2025-03-20T15:49:11.024+0000] {spark_submit.py:491} INFO - "metadata" : { }
[2025-03-20T15:49:11.026+0000] {spark_submit.py:491} INFO - }, {
[2025-03-20T15:49:11.027+0000] {spark_submit.py:491} INFO - "name" : "use_chip",
[2025-03-20T15:49:11.027+0000] {spark_submit.py:491} INFO - "type" : "string",
[2025-03-20T15:49:11.028+0000] {spark_submit.py:491} INFO - "nullable" : true,
[2025-03-20T15:49:11.029+0000] {spark_submit.py:491} INFO - "metadata" : { }
[2025-03-20T15:49:11.029+0000] {spark_submit.py:491} INFO - }, {
[2025-03-20T15:49:11.030+0000] {spark_submit.py:491} INFO - "name" : "merchant_id",
[2025-03-20T15:49:11.031+0000] {spark_submit.py:491} INFO - "type" : "integer",
[2025-03-20T15:49:11.031+0000] {spark_submit.py:491} INFO - "nullable" : true,
[2025-03-20T15:49:11.032+0000] {spark_submit.py:491} INFO - "metadata" : { }
[2025-03-20T15:49:11.033+0000] {spark_submit.py:491} INFO - }, {
[2025-03-20T15:49:11.033+0000] {spark_submit.py:491} INFO - "name" : "merchant_city",
[2025-03-20T15:49:11.034+0000] {spark_submit.py:491} INFO - "type" : "string",
[2025-03-20T15:49:11.034+0000] {spark_submit.py:491} INFO - "nullable" : false,
[2025-03-20T15:49:11.035+0000] {spark_submit.py:491} INFO - "metadata" : { }
[2025-03-20T15:49:11.036+0000] {spark_submit.py:491} INFO - }, {
[2025-03-20T15:49:11.036+0000] {spark_submit.py:491} INFO - "name" : "merchant_state",
[2025-03-20T15:49:11.037+0000] {spark_submit.py:491} INFO - "type" : "string",
[2025-03-20T15:49:11.038+0000] {spark_submit.py:491} INFO - "nullable" : false,
[2025-03-20T15:49:11.038+0000] {spark_submit.py:491} INFO - "metadata" : { }
[2025-03-20T15:49:11.039+0000] {spark_submit.py:491} INFO - }, {
[2025-03-20T15:49:11.040+0000] {spark_submit.py:491} INFO - "name" : "zip",
[2025-03-20T15:49:11.040+0000] {spark_submit.py:491} INFO - "type" : "string",
[2025-03-20T15:49:11.041+0000] {spark_submit.py:491} INFO - "nullable" : true,
[2025-03-20T15:49:11.042+0000] {spark_submit.py:491} INFO - "metadata" : { }
[2025-03-20T15:49:11.042+0000] {spark_submit.py:491} INFO - }, {
[2025-03-20T15:49:11.043+0000] {spark_submit.py:491} INFO - "name" : "mcc",
[2025-03-20T15:49:11.044+0000] {spark_submit.py:491} INFO - "type" : "string",
[2025-03-20T15:49:11.044+0000] {spark_submit.py:491} INFO - "nullable" : true,
[2025-03-20T15:49:11.045+0000] {spark_submit.py:491} INFO - "metadata" : { }
[2025-03-20T15:49:11.046+0000] {spark_submit.py:491} INFO - }, {
[2025-03-20T15:49:11.047+0000] {spark_submit.py:491} INFO - "name" : "errors",
[2025-03-20T15:49:11.047+0000] {spark_submit.py:491} INFO - "type" : "string",
[2025-03-20T15:49:11.048+0000] {spark_submit.py:491} INFO - "nullable" : false,
[2025-03-20T15:49:11.049+0000] {spark_submit.py:491} INFO - "metadata" : { }
[2025-03-20T15:49:11.049+0000] {spark_submit.py:491} INFO - } ]
[2025-03-20T15:49:11.050+0000] {spark_submit.py:491} INFO - }
[2025-03-20T15:49:11.051+0000] {spark_submit.py:491} INFO - and corresponding Parquet message type:
[2025-03-20T15:49:11.051+0000] {spark_submit.py:491} INFO - message spark_schema {
[2025-03-20T15:49:11.052+0000] {spark_submit.py:491} INFO - optional int32 id;
[2025-03-20T15:49:11.052+0000] {spark_submit.py:491} INFO - optional binary date (STRING);
[2025-03-20T15:49:11.053+0000] {spark_submit.py:491} INFO - optional int32 client_id;
[2025-03-20T15:49:11.054+0000] {spark_submit.py:491} INFO - optional int32 card_id;
[2025-03-20T15:49:11.055+0000] {spark_submit.py:491} INFO - optional binary amount (STRING);
[2025-03-20T15:49:11.056+0000] {spark_submit.py:491} INFO - optional binary use_chip (STRING);
[2025-03-20T15:49:11.056+0000] {spark_submit.py:491} INFO - optional int32 merchant_id;
[2025-03-20T15:49:11.057+0000] {spark_submit.py:491} INFO - required binary merchant_city (STRING);
[2025-03-20T15:49:11.058+0000] {spark_submit.py:491} INFO - required binary merchant_state (STRING);
[2025-03-20T15:49:11.058+0000] {spark_submit.py:491} INFO - optional binary zip (STRING);
[2025-03-20T15:49:11.059+0000] {spark_submit.py:491} INFO - optional binary mcc (STRING);
[2025-03-20T15:49:11.059+0000] {spark_submit.py:491} INFO - required binary errors (STRING);
[2025-03-20T15:49:11.059+0000] {spark_submit.py:491} INFO - }
[2025-03-20T15:49:11.059+0000] {spark_submit.py:491} INFO - 
[2025-03-20T15:49:11.059+0000] {spark_submit.py:491} INFO - 
[2025-03-20T15:49:25.373+0000] {spark_submit.py:491} INFO - 25/03/20 15:49:25 INFO FileOutputCommitter: Saved output of task 'attempt_202503201547431356452092127732133_0000_m_000002_2' to file:/opt/***/temp_data/trnsction/trnsction/_temporary/0/task_202503201547431356452092127732133_0000_m_000002
[2025-03-20T15:49:25.375+0000] {spark_submit.py:491} INFO - 25/03/20 15:49:25 INFO SparkHadoopMapRedUtil: attempt_202503201547431356452092127732133_0000_m_000002_2: Committed. Elapsed time: 1 ms.
[2025-03-20T15:49:25.378+0000] {spark_submit.py:491} INFO - 25/03/20 15:49:25 INFO Executor: Finished task 2.0 in stage 0.0 (TID 2). 2613 bytes result sent to driver
[2025-03-20T15:49:25.388+0000] {spark_submit.py:491} INFO - 25/03/20 15:49:25 INFO TaskSetManager: Finished task 2.0 in stage 0.0 (TID 2) in 14488 ms on 2c8eeef746cb (executor driver) (3/3)
[2025-03-20T15:49:25.392+0000] {spark_submit.py:491} INFO - 25/03/20 15:49:25 INFO TaskSchedulerImpl: Removed TaskSet 0.0, whose tasks have all completed, from pool
[2025-03-20T15:49:25.395+0000] {spark_submit.py:491} INFO - 25/03/20 15:49:25 INFO DAGScheduler: ResultStage 0 (parquet at NativeMethodAccessorImpl.java:0) finished in 102.125 s
[2025-03-20T15:49:25.407+0000] {spark_submit.py:491} INFO - 25/03/20 15:49:25 INFO DAGScheduler: Job 0 is finished. Cancelling potential speculative or zombie tasks for this job
[2025-03-20T15:49:25.409+0000] {spark_submit.py:491} INFO - 25/03/20 15:49:25 INFO TaskSchedulerImpl: Killing all running tasks in stage 0: Stage finished
[2025-03-20T15:49:25.416+0000] {spark_submit.py:491} INFO - 25/03/20 15:49:25 INFO DAGScheduler: Job 0 finished: parquet at NativeMethodAccessorImpl.java:0, took 102.242941 s
[2025-03-20T15:49:25.422+0000] {spark_submit.py:491} INFO - 25/03/20 15:49:25 INFO FileFormatWriter: Start to commit write Job 1e3f6af5-55a9-4386-838a-91f7029c405e.
[2025-03-20T15:49:25.460+0000] {spark_submit.py:491} INFO - 25/03/20 15:49:25 INFO FileFormatWriter: Write Job 1e3f6af5-55a9-4386-838a-91f7029c405e committed. Elapsed time: 36 ms.
[2025-03-20T15:49:25.470+0000] {spark_submit.py:491} INFO - 25/03/20 15:49:25 INFO FileFormatWriter: Finished processing stats for write job 1e3f6af5-55a9-4386-838a-91f7029c405e.
[2025-03-20T15:49:25.697+0000] {spark_submit.py:491} INFO - 25/03/20 15:49:25 INFO SparkContext: Invoking stop() from shutdown hook
[2025-03-20T15:49:25.698+0000] {spark_submit.py:491} INFO - 25/03/20 15:49:25 INFO SparkContext: SparkContext is stopping with exitCode 0.
[2025-03-20T15:49:25.726+0000] {spark_submit.py:491} INFO - 25/03/20 15:49:25 INFO SparkUI: Stopped Spark web UI at http://2c8eeef746cb:4040
[2025-03-20T15:49:25.771+0000] {spark_submit.py:491} INFO - 25/03/20 15:49:25 INFO MapOutputTrackerMasterEndpoint: MapOutputTrackerMasterEndpoint stopped!
[2025-03-20T15:49:25.812+0000] {spark_submit.py:491} INFO - 25/03/20 15:49:25 INFO MemoryStore: MemoryStore cleared
[2025-03-20T15:49:25.815+0000] {spark_submit.py:491} INFO - 25/03/20 15:49:25 INFO BlockManager: BlockManager stopped
[2025-03-20T15:49:25.842+0000] {spark_submit.py:491} INFO - 25/03/20 15:49:25 INFO BlockManagerMaster: BlockManagerMaster stopped
[2025-03-20T15:49:25.848+0000] {spark_submit.py:491} INFO - 25/03/20 15:49:25 INFO OutputCommitCoordinator$OutputCommitCoordinatorEndpoint: OutputCommitCoordinator stopped!
[2025-03-20T15:49:25.868+0000] {spark_submit.py:491} INFO - 25/03/20 15:49:25 INFO SparkContext: Successfully stopped SparkContext
[2025-03-20T15:49:25.869+0000] {spark_submit.py:491} INFO - 25/03/20 15:49:25 INFO ShutdownHookManager: Shutdown hook called
[2025-03-20T15:49:25.869+0000] {spark_submit.py:491} INFO - 25/03/20 15:49:25 INFO ShutdownHookManager: Deleting directory /tmp/spark-cf128682-4aab-407f-bfdb-b14edbd9e249/pyspark-7a18ac6d-c16a-4770-a4cb-49310ba1233f
[2025-03-20T15:49:25.886+0000] {spark_submit.py:491} INFO - 25/03/20 15:49:25 INFO ShutdownHookManager: Deleting directory /tmp/spark-e725b8ce-0365-4060-89e8-1e37a49b8d04
[2025-03-20T15:49:25.902+0000] {spark_submit.py:491} INFO - 25/03/20 15:49:25 INFO ShutdownHookManager: Deleting directory /tmp/spark-cf128682-4aab-407f-bfdb-b14edbd9e249
[2025-03-20T15:49:26.031+0000] {taskinstance.py:1400} INFO - Marking task as SUCCESS. dag_id=trnsaction_ingestion_gcs_dag, task_id=spark_convert_to_parquet, execution_date=20250320T154708, start_date=20250320T154722, end_date=20250320T154926
[2025-03-20T15:49:26.098+0000] {local_task_job_runner.py:228} INFO - Task exited with return code 0
[2025-03-20T15:49:26.159+0000] {taskinstance.py:2784} INFO - 1 downstream tasks scheduled from follow-on schedule check
