[2025-03-21T15:32:10.137+0000] {taskinstance.py:1159} INFO - Dependencies all met for dep_context=non-requeueable deps ti=<TaskInstance: trnsaction_ingestion_gcs_dag.spark_convert_to_parquet manual__2025-03-21T15:31:41.683593+00:00 [queued]>
[2025-03-21T15:32:10.155+0000] {taskinstance.py:1159} INFO - Dependencies all met for dep_context=requeueable deps ti=<TaskInstance: trnsaction_ingestion_gcs_dag.spark_convert_to_parquet manual__2025-03-21T15:31:41.683593+00:00 [queued]>
[2025-03-21T15:32:10.156+0000] {taskinstance.py:1361} INFO - Starting attempt 1 of 1
[2025-03-21T15:32:10.222+0000] {taskinstance.py:1382} INFO - Executing <Task(SparkSubmitOperator): spark_convert_to_parquet> on 2025-03-21 15:31:41.683593+00:00
[2025-03-21T15:32:10.235+0000] {standard_task_runner.py:57} INFO - Started process 1713 to run task
[2025-03-21T15:32:10.243+0000] {standard_task_runner.py:84} INFO - Running: ['***', 'tasks', 'run', 'trnsaction_ingestion_gcs_dag', 'spark_convert_to_parquet', 'manual__2025-03-21T15:31:41.683593+00:00', '--job-id', '210', '--raw', '--subdir', 'DAGS_FOLDER/etl_trsction_table.py', '--cfg-path', '/tmp/tmp41s3avx7']
[2025-03-21T15:32:10.250+0000] {standard_task_runner.py:85} INFO - Job 210: Subtask spark_convert_to_parquet
[2025-03-21T15:32:10.539+0000] {task_command.py:415} INFO - Running <TaskInstance: trnsaction_ingestion_gcs_dag.spark_convert_to_parquet manual__2025-03-21T15:31:41.683593+00:00 [running]> on host 76faeac9fcab
[2025-03-21T15:32:11.185+0000] {taskinstance.py:1660} INFO - Exporting env vars: AIRFLOW_CTX_DAG_OWNER='***' AIRFLOW_CTX_DAG_ID='trnsaction_ingestion_gcs_dag' AIRFLOW_CTX_TASK_ID='spark_convert_to_parquet' AIRFLOW_CTX_EXECUTION_DATE='2025-03-21T15:31:41.683593+00:00' AIRFLOW_CTX_TRY_NUMBER='1' AIRFLOW_CTX_DAG_RUN_ID='manual__2025-03-21T15:31:41.683593+00:00'
[2025-03-21T15:32:11.207+0000] {base.py:73} INFO - Using connection ID 'spark-conn' for task execution.
[2025-03-21T15:32:11.209+0000] {spark_submit.py:340} INFO - Spark-Submit cmd: spark-submit --master spark://spark-master:7077 --name spark-transaction-rename /opt/***/jobs/pyspark_convert_to_parquet.py
[2025-03-21T15:32:11.545+0000] {spark_submit.py:491} INFO - /home/***/.local/lib/python3.9/site-packages/pyspark/bin/load-spark-env.sh: line 68: ps: command not found
[2025-03-21T15:32:17.958+0000] {spark_submit.py:491} INFO - 25/03/21 15:32:17 INFO SparkContext: Running Spark version 3.4.1
[2025-03-21T15:32:18.097+0000] {spark_submit.py:491} INFO - 25/03/21 15:32:18 WARN NativeCodeLoader: Unable to load native-hadoop library for your platform... using builtin-java classes where applicable
[2025-03-21T15:32:18.306+0000] {spark_submit.py:491} INFO - 25/03/21 15:32:18 INFO ResourceUtils: ==============================================================
[2025-03-21T15:32:18.307+0000] {spark_submit.py:491} INFO - 25/03/21 15:32:18 INFO ResourceUtils: No custom resources configured for spark.driver.
[2025-03-21T15:32:18.308+0000] {spark_submit.py:491} INFO - 25/03/21 15:32:18 INFO ResourceUtils: ==============================================================
[2025-03-21T15:32:18.309+0000] {spark_submit.py:491} INFO - 25/03/21 15:32:18 INFO SparkContext: Submitted application: convert_csv_to_parquet
[2025-03-21T15:32:18.372+0000] {spark_submit.py:491} INFO - 25/03/21 15:32:18 INFO ResourceProfile: Default ResourceProfile created, executor resources: Map(cores -> name: cores, amount: 1, script: , vendor: , memory -> name: memory, amount: 1024, script: , vendor: , offHeap -> name: offHeap, amount: 0, script: , vendor: ), task resources: Map(cpus -> name: cpus, amount: 1.0)
[2025-03-21T15:32:18.413+0000] {spark_submit.py:491} INFO - 25/03/21 15:32:18 INFO ResourceProfile: Limiting resource is cpu
[2025-03-21T15:32:18.415+0000] {spark_submit.py:491} INFO - 25/03/21 15:32:18 INFO ResourceProfileManager: Added ResourceProfile id: 0
[2025-03-21T15:32:18.554+0000] {spark_submit.py:491} INFO - 25/03/21 15:32:18 INFO SecurityManager: Changing view acls to: default
[2025-03-21T15:32:18.555+0000] {spark_submit.py:491} INFO - 25/03/21 15:32:18 INFO SecurityManager: Changing modify acls to: default
[2025-03-21T15:32:18.556+0000] {spark_submit.py:491} INFO - 25/03/21 15:32:18 INFO SecurityManager: Changing view acls groups to:
[2025-03-21T15:32:18.557+0000] {spark_submit.py:491} INFO - 25/03/21 15:32:18 INFO SecurityManager: Changing modify acls groups to:
[2025-03-21T15:32:18.558+0000] {spark_submit.py:491} INFO - 25/03/21 15:32:18 INFO SecurityManager: SecurityManager: authentication disabled; ui acls disabled; users with view permissions: default; groups with view permissions: EMPTY; users with modify permissions: default; groups with modify permissions: EMPTY
[2025-03-21T15:32:19.105+0000] {spark_submit.py:491} INFO - 25/03/21 15:32:19 INFO Utils: Successfully started service 'sparkDriver' on port 38651.
[2025-03-21T15:32:19.209+0000] {spark_submit.py:491} INFO - 25/03/21 15:32:19 INFO SparkEnv: Registering MapOutputTracker
[2025-03-21T15:32:19.289+0000] {spark_submit.py:491} INFO - 25/03/21 15:32:19 INFO SparkEnv: Registering BlockManagerMaster
[2025-03-21T15:32:19.332+0000] {spark_submit.py:491} INFO - 25/03/21 15:32:19 INFO BlockManagerMasterEndpoint: Using org.apache.spark.storage.DefaultTopologyMapper for getting topology information
[2025-03-21T15:32:19.335+0000] {spark_submit.py:491} INFO - 25/03/21 15:32:19 INFO BlockManagerMasterEndpoint: BlockManagerMasterEndpoint up
[2025-03-21T15:32:19.344+0000] {spark_submit.py:491} INFO - 25/03/21 15:32:19 INFO SparkEnv: Registering BlockManagerMasterHeartbeat
[2025-03-21T15:32:19.408+0000] {spark_submit.py:491} INFO - 25/03/21 15:32:19 INFO DiskBlockManager: Created local directory at /tmp/blockmgr-d4719173-b2be-443b-b0d9-b045ce0fa5a7
[2025-03-21T15:32:19.459+0000] {spark_submit.py:491} INFO - 25/03/21 15:32:19 INFO MemoryStore: MemoryStore started with capacity 434.4 MiB
[2025-03-21T15:32:19.508+0000] {spark_submit.py:491} INFO - 25/03/21 15:32:19 INFO SparkEnv: Registering OutputCommitCoordinator
[2025-03-21T15:32:19.886+0000] {spark_submit.py:491} INFO - 25/03/21 15:32:19 INFO JettyUtils: Start Jetty 0.0.0.0:4040 for SparkUI
[2025-03-21T15:32:20.013+0000] {spark_submit.py:491} INFO - 25/03/21 15:32:20 INFO Utils: Successfully started service 'SparkUI' on port 4040.
[2025-03-21T15:32:20.254+0000] {spark_submit.py:491} INFO - 25/03/21 15:32:20 INFO Executor: Starting executor ID driver on host 76faeac9fcab
[2025-03-21T15:32:20.269+0000] {spark_submit.py:491} INFO - 25/03/21 15:32:20 INFO Executor: Starting executor with user classpath (userClassPathFirst = false): ''
[2025-03-21T15:32:20.307+0000] {spark_submit.py:491} INFO - 25/03/21 15:32:20 INFO Utils: Successfully started service 'org.apache.spark.network.netty.NettyBlockTransferService' on port 37837.
[2025-03-21T15:32:20.308+0000] {spark_submit.py:491} INFO - 25/03/21 15:32:20 INFO NettyBlockTransferService: Server created on 76faeac9fcab:37837
[2025-03-21T15:32:20.311+0000] {spark_submit.py:491} INFO - 25/03/21 15:32:20 INFO BlockManager: Using org.apache.spark.storage.RandomBlockReplicationPolicy for block replication policy
[2025-03-21T15:32:20.325+0000] {spark_submit.py:491} INFO - 25/03/21 15:32:20 INFO BlockManagerMaster: Registering BlockManager BlockManagerId(driver, 76faeac9fcab, 37837, None)
[2025-03-21T15:32:20.337+0000] {spark_submit.py:491} INFO - 25/03/21 15:32:20 INFO BlockManagerMasterEndpoint: Registering block manager 76faeac9fcab:37837 with 434.4 MiB RAM, BlockManagerId(driver, 76faeac9fcab, 37837, None)
[2025-03-21T15:32:20.343+0000] {spark_submit.py:491} INFO - 25/03/21 15:32:20 INFO BlockManagerMaster: Registered BlockManager BlockManagerId(driver, 76faeac9fcab, 37837, None)
[2025-03-21T15:32:20.346+0000] {spark_submit.py:491} INFO - 25/03/21 15:32:20 INFO BlockManager: Initialized BlockManager: BlockManagerId(driver, 76faeac9fcab, 37837, None)
[2025-03-21T15:32:21.253+0000] {spark_submit.py:491} INFO - 25/03/21 15:32:21 INFO SharedState: Setting hive.metastore.warehouse.dir ('null') to the value of spark.sql.warehouse.dir.
[2025-03-21T15:32:21.271+0000] {spark_submit.py:491} INFO - 25/03/21 15:32:21 INFO SharedState: Warehouse path is 'file:/opt/***/spark-warehouse'.
[2025-03-21T15:32:24.305+0000] {spark_submit.py:491} INFO - Traceback (most recent call last):
[2025-03-21T15:32:24.306+0000] {spark_submit.py:491} INFO - File "/opt/***/jobs/pyspark_convert_to_parquet.py", line 26, in <module>
[2025-03-21T15:32:24.307+0000] {spark_submit.py:491} INFO - trsction = spark.read \
[2025-03-21T15:32:24.308+0000] {spark_submit.py:491} INFO - File "/home/***/.local/lib/python3.9/site-packages/pyspark/python/lib/pyspark.zip/pyspark/sql/readwriter.py", line 727, in csv
[2025-03-21T15:32:24.309+0000] {spark_submit.py:491} INFO - return self._df(self._jreader.csv(self._spark._sc._jvm.PythonUtils.toSeq(path)))
[2025-03-21T15:32:24.309+0000] {spark_submit.py:491} INFO - File "/home/***/.local/lib/python3.9/site-packages/pyspark/python/lib/py4j-0.10.9.7-src.zip/py4j/java_gateway.py", line 1322, in __call__
[2025-03-21T15:32:24.310+0000] {spark_submit.py:491} INFO - return_value = get_return_value(
[2025-03-21T15:32:24.311+0000] {spark_submit.py:491} INFO - File "/home/***/.local/lib/python3.9/site-packages/pyspark/python/lib/pyspark.zip/pyspark/errors/exceptions/captured.py", line 175, in deco
[2025-03-21T15:32:24.312+0000] {spark_submit.py:491} INFO - raise converted from None
[2025-03-21T15:32:24.313+0000] {spark_submit.py:491} INFO - pyspark.errors.exceptions.captured.AnalysisException: [PATH_NOT_FOUND] Path does not exist: file:/opt/***/temp_data/trnsction/trnsction.csv.
[2025-03-21T15:32:24.462+0000] {spark_submit.py:491} INFO - 25/03/21 15:32:24 INFO SparkContext: Invoking stop() from shutdown hook
[2025-03-21T15:32:24.464+0000] {spark_submit.py:491} INFO - 25/03/21 15:32:24 INFO SparkContext: SparkContext is stopping with exitCode 0.
[2025-03-21T15:32:24.495+0000] {spark_submit.py:491} INFO - 25/03/21 15:32:24 INFO SparkUI: Stopped Spark web UI at http://76faeac9fcab:4040
[2025-03-21T15:32:24.535+0000] {spark_submit.py:491} INFO - 25/03/21 15:32:24 INFO MapOutputTrackerMasterEndpoint: MapOutputTrackerMasterEndpoint stopped!
[2025-03-21T15:32:24.565+0000] {spark_submit.py:491} INFO - 25/03/21 15:32:24 INFO MemoryStore: MemoryStore cleared
[2025-03-21T15:32:24.567+0000] {spark_submit.py:491} INFO - 25/03/21 15:32:24 INFO BlockManager: BlockManager stopped
[2025-03-21T15:32:24.588+0000] {spark_submit.py:491} INFO - 25/03/21 15:32:24 INFO BlockManagerMaster: BlockManagerMaster stopped
[2025-03-21T15:32:24.602+0000] {spark_submit.py:491} INFO - 25/03/21 15:32:24 INFO OutputCommitCoordinator$OutputCommitCoordinatorEndpoint: OutputCommitCoordinator stopped!
[2025-03-21T15:32:24.618+0000] {spark_submit.py:491} INFO - 25/03/21 15:32:24 INFO SparkContext: Successfully stopped SparkContext
[2025-03-21T15:32:24.619+0000] {spark_submit.py:491} INFO - 25/03/21 15:32:24 INFO ShutdownHookManager: Shutdown hook called
[2025-03-21T15:32:24.622+0000] {spark_submit.py:491} INFO - 25/03/21 15:32:24 INFO ShutdownHookManager: Deleting directory /tmp/spark-acb70a87-6f55-42c5-8961-1b362e800a4c/pyspark-d5522ef4-0a7d-4a8b-99f4-6310b7ec995b
[2025-03-21T15:32:24.629+0000] {spark_submit.py:491} INFO - 25/03/21 15:32:24 INFO ShutdownHookManager: Deleting directory /tmp/spark-0cc3e748-3a06-4ef7-b335-23dc7452f817
[2025-03-21T15:32:24.638+0000] {spark_submit.py:491} INFO - 25/03/21 15:32:24 INFO ShutdownHookManager: Deleting directory /tmp/spark-acb70a87-6f55-42c5-8961-1b362e800a4c
[2025-03-21T15:32:24.761+0000] {taskinstance.py:1943} ERROR - Task failed with exception
Traceback (most recent call last):
  File "/home/airflow/.local/lib/python3.9/site-packages/airflow/providers/apache/spark/operators/spark_submit.py", line 156, in execute
    self._hook.submit(self._application)
  File "/home/airflow/.local/lib/python3.9/site-packages/airflow/providers/apache/spark/hooks/spark_submit.py", line 422, in submit
    raise AirflowException(
airflow.exceptions.AirflowException: Cannot execute: spark-submit --master spark://spark-master:7077 --name spark-transaction-rename /opt/***/jobs/pyspark_convert_to_parquet.py. Error code is: 1.
[2025-03-21T15:32:24.771+0000] {taskinstance.py:1400} INFO - Marking task as FAILED. dag_id=trnsaction_ingestion_gcs_dag, task_id=spark_convert_to_parquet, execution_date=20250321T153141, start_date=20250321T153210, end_date=20250321T153224
[2025-03-21T15:32:24.803+0000] {standard_task_runner.py:104} ERROR - Failed to execute job 210 for task spark_convert_to_parquet (Cannot execute: spark-submit --master spark://spark-master:7077 --name spark-transaction-rename /opt/***/jobs/pyspark_convert_to_parquet.py. Error code is: 1.; 1713)
[2025-03-21T15:32:24.828+0000] {local_task_job_runner.py:228} INFO - Task exited with return code 1
[2025-03-21T15:32:24.877+0000] {taskinstance.py:2784} INFO - 0 downstream tasks scheduled from follow-on schedule check
