[2025-03-21T15:50:09.970+0000] {taskinstance.py:1159} INFO - Dependencies all met for dep_context=non-requeueable deps ti=<TaskInstance: trnsaction_ingestion_gcs_dag.trsction_load_to_gcp manual__2025-03-21T15:46:59.504424+00:00 [queued]>
[2025-03-21T15:50:09.992+0000] {taskinstance.py:1159} INFO - Dependencies all met for dep_context=requeueable deps ti=<TaskInstance: trnsaction_ingestion_gcs_dag.trsction_load_to_gcp manual__2025-03-21T15:46:59.504424+00:00 [queued]>
[2025-03-21T15:50:09.992+0000] {taskinstance.py:1361} INFO - Starting attempt 1 of 1
[2025-03-21T15:50:10.020+0000] {taskinstance.py:1382} INFO - Executing <Task(PythonOperator): trsction_load_to_gcp> on 2025-03-21 15:46:59.504424+00:00
[2025-03-21T15:50:10.033+0000] {standard_task_runner.py:57} INFO - Started process 2638 to run task
[2025-03-21T15:50:10.041+0000] {standard_task_runner.py:84} INFO - Running: ['***', 'tasks', 'run', 'trnsaction_ingestion_gcs_dag', 'trsction_load_to_gcp', 'manual__2025-03-21T15:46:59.504424+00:00', '--job-id', '223', '--raw', '--subdir', 'DAGS_FOLDER/etl_trsction_table.py', '--cfg-path', '/tmp/tmp_f1lbgek']
[2025-03-21T15:50:10.048+0000] {standard_task_runner.py:85} INFO - Job 223: Subtask trsction_load_to_gcp
[2025-03-21T15:50:10.142+0000] {task_command.py:415} INFO - Running <TaskInstance: trnsaction_ingestion_gcs_dag.trsction_load_to_gcp manual__2025-03-21T15:46:59.504424+00:00 [running]> on host 76faeac9fcab
[2025-03-21T15:50:10.303+0000] {taskinstance.py:1660} INFO - Exporting env vars: AIRFLOW_CTX_DAG_OWNER='***' AIRFLOW_CTX_DAG_ID='trnsaction_ingestion_gcs_dag' AIRFLOW_CTX_TASK_ID='trsction_load_to_gcp' AIRFLOW_CTX_EXECUTION_DATE='2025-03-21T15:46:59.504424+00:00' AIRFLOW_CTX_TRY_NUMBER='1' AIRFLOW_CTX_DAG_RUN_ID='manual__2025-03-21T15:46:59.504424+00:00'
[2025-03-21T15:50:10.428+0000] {gcp_operations.py:38} INFO - Remote path is trnsction/trnsction/
[2025-03-21T15:50:10.428+0000] {gcp_operations.py:38} INFO - Remote path is trnsction/trnsction/part-00009-cca6eb4b-55cc-43b0-a68d-6d882bf265d4-c000.snappy.parquet
[2025-03-21T15:50:10.707+0000] {gcp_operations.py:38} INFO - Remote path is trnsction/trnsction/part-00002-cca6eb4b-55cc-43b0-a68d-6d882bf265d4-c000.snappy.parquet
[2025-03-21T15:50:11.116+0000] {gcp_operations.py:38} INFO - Remote path is trnsction/trnsction/part-00004-cca6eb4b-55cc-43b0-a68d-6d882bf265d4-c000.snappy.parquet
[2025-03-21T15:50:11.489+0000] {gcp_operations.py:38} INFO - Remote path is trnsction/trnsction/part-00007-cca6eb4b-55cc-43b0-a68d-6d882bf265d4-c000.snappy.parquet
[2025-03-21T15:50:11.839+0000] {gcp_operations.py:38} INFO - Remote path is trnsction/trnsction/part-00008-cca6eb4b-55cc-43b0-a68d-6d882bf265d4-c000.snappy.parquet
[2025-03-21T15:50:12.229+0000] {gcp_operations.py:38} INFO - Remote path is trnsction/trnsction/part-00005-cca6eb4b-55cc-43b0-a68d-6d882bf265d4-c000.snappy.parquet
[2025-03-21T15:50:12.623+0000] {gcp_operations.py:38} INFO - Remote path is trnsction/trnsction/part-00001-cca6eb4b-55cc-43b0-a68d-6d882bf265d4-c000.snappy.parquet
[2025-03-21T15:50:13.023+0000] {gcp_operations.py:38} INFO - Remote path is trnsction/trnsction/part-00006-cca6eb4b-55cc-43b0-a68d-6d882bf265d4-c000.snappy.parquet
[2025-03-21T15:50:13.502+0000] {gcp_operations.py:38} INFO - Remote path is trnsction/trnsction/part-00000-cca6eb4b-55cc-43b0-a68d-6d882bf265d4-c000.snappy.parquet
[2025-03-21T15:50:13.863+0000] {gcp_operations.py:38} INFO - Remote path is trnsction/trnsction/part-00003-cca6eb4b-55cc-43b0-a68d-6d882bf265d4-c000.snappy.parquet
[2025-03-21T15:50:14.228+0000] {gcp_operations.py:38} INFO - Remote path is trnsction/trnsction/_SUCCESS
[2025-03-21T15:50:14.331+0000] {gcp_operations.py:42} INFO - Dir has been loaded
[2025-03-21T15:50:14.332+0000] {python.py:194} INFO - Done. Returned value was: None
[2025-03-21T15:50:14.352+0000] {taskinstance.py:1400} INFO - Marking task as SUCCESS. dag_id=trnsaction_ingestion_gcs_dag, task_id=trsction_load_to_gcp, execution_date=20250321T154659, start_date=20250321T155009, end_date=20250321T155014
[2025-03-21T15:50:14.439+0000] {local_task_job_runner.py:228} INFO - Task exited with return code 0
[2025-03-21T15:50:14.483+0000] {taskinstance.py:2784} INFO - 1 downstream tasks scheduled from follow-on schedule check
