[2025-03-21T15:23:41.097+0000] {taskinstance.py:1159} INFO - Dependencies all met for dep_context=non-requeueable deps ti=<TaskInstance: trnsaction_ingestion_gcs_dag.spark_convert_to_parquet manual__2025-03-21T15:23:06.598075+00:00 [queued]>
[2025-03-21T15:23:41.142+0000] {taskinstance.py:1159} INFO - Dependencies all met for dep_context=requeueable deps ti=<TaskInstance: trnsaction_ingestion_gcs_dag.spark_convert_to_parquet manual__2025-03-21T15:23:06.598075+00:00 [queued]>
[2025-03-21T15:23:41.144+0000] {taskinstance.py:1361} INFO - Starting attempt 1 of 1
[2025-03-21T15:23:41.268+0000] {taskinstance.py:1382} INFO - Executing <Task(SparkSubmitOperator): spark_convert_to_parquet> on 2025-03-21 15:23:06.598075+00:00
[2025-03-21T15:23:41.302+0000] {standard_task_runner.py:57} INFO - Started process 1271 to run task
[2025-03-21T15:23:41.319+0000] {standard_task_runner.py:84} INFO - Running: ['***', 'tasks', 'run', 'trnsaction_ingestion_gcs_dag', 'spark_convert_to_parquet', 'manual__2025-03-21T15:23:06.598075+00:00', '--job-id', '202', '--raw', '--subdir', 'DAGS_FOLDER/etl_trsction_table.py', '--cfg-path', '/tmp/tmp3g1gazou']
[2025-03-21T15:23:41.340+0000] {standard_task_runner.py:85} INFO - Job 202: Subtask spark_convert_to_parquet
[2025-03-21T15:23:41.756+0000] {task_command.py:415} INFO - Running <TaskInstance: trnsaction_ingestion_gcs_dag.spark_convert_to_parquet manual__2025-03-21T15:23:06.598075+00:00 [running]> on host 76faeac9fcab
[2025-03-21T15:23:42.355+0000] {taskinstance.py:1660} INFO - Exporting env vars: AIRFLOW_CTX_DAG_OWNER='***' AIRFLOW_CTX_DAG_ID='trnsaction_ingestion_gcs_dag' AIRFLOW_CTX_TASK_ID='spark_convert_to_parquet' AIRFLOW_CTX_EXECUTION_DATE='2025-03-21T15:23:06.598075+00:00' AIRFLOW_CTX_TRY_NUMBER='1' AIRFLOW_CTX_DAG_RUN_ID='manual__2025-03-21T15:23:06.598075+00:00'
[2025-03-21T15:23:42.391+0000] {base.py:73} INFO - Using connection ID 'spark-conn' for task execution.
[2025-03-21T15:23:42.396+0000] {spark_submit.py:340} INFO - Spark-Submit cmd: spark-submit --master spark://spark-master:7077 --name spark-transaction-rename /opt/***/jobs/pyspark_convert_to_parquet.py
[2025-03-21T15:23:43.207+0000] {spark_submit.py:491} INFO - /home/***/.local/lib/python3.9/site-packages/pyspark/bin/load-spark-env.sh: line 68: ps: command not found
[2025-03-21T15:23:59.771+0000] {spark_submit.py:491} INFO - 25/03/21 15:23:59 INFO SparkContext: Running Spark version 3.4.1
[2025-03-21T15:24:00.128+0000] {spark_submit.py:491} INFO - 25/03/21 15:24:00 WARN NativeCodeLoader: Unable to load native-hadoop library for your platform... using builtin-java classes where applicable
[2025-03-21T15:24:00.768+0000] {spark_submit.py:491} INFO - 25/03/21 15:24:00 INFO ResourceUtils: ==============================================================
[2025-03-21T15:24:00.769+0000] {spark_submit.py:491} INFO - 25/03/21 15:24:00 INFO ResourceUtils: No custom resources configured for spark.driver.
[2025-03-21T15:24:00.771+0000] {spark_submit.py:491} INFO - 25/03/21 15:24:00 INFO ResourceUtils: ==============================================================
[2025-03-21T15:24:00.772+0000] {spark_submit.py:491} INFO - 25/03/21 15:24:00 INFO SparkContext: Submitted application: convert_csv_to_parquet
[2025-03-21T15:24:00.900+0000] {spark_submit.py:491} INFO - 25/03/21 15:24:00 INFO ResourceProfile: Default ResourceProfile created, executor resources: Map(cores -> name: cores, amount: 1, script: , vendor: , memory -> name: memory, amount: 1024, script: , vendor: , offHeap -> name: offHeap, amount: 0, script: , vendor: ), task resources: Map(cpus -> name: cpus, amount: 1.0)
[2025-03-21T15:24:01.025+0000] {spark_submit.py:491} INFO - 25/03/21 15:24:01 INFO ResourceProfile: Limiting resource is cpu
[2025-03-21T15:24:01.029+0000] {spark_submit.py:491} INFO - 25/03/21 15:24:01 INFO ResourceProfileManager: Added ResourceProfile id: 0
[2025-03-21T15:24:01.429+0000] {spark_submit.py:491} INFO - 25/03/21 15:24:01 INFO SecurityManager: Changing view acls to: default
[2025-03-21T15:24:01.436+0000] {spark_submit.py:491} INFO - 25/03/21 15:24:01 INFO SecurityManager: Changing modify acls to: default
[2025-03-21T15:24:01.446+0000] {spark_submit.py:491} INFO - 25/03/21 15:24:01 INFO SecurityManager: Changing view acls groups to:
[2025-03-21T15:24:01.452+0000] {spark_submit.py:491} INFO - 25/03/21 15:24:01 INFO SecurityManager: Changing modify acls groups to:
[2025-03-21T15:24:01.459+0000] {spark_submit.py:491} INFO - 25/03/21 15:24:01 INFO SecurityManager: SecurityManager: authentication disabled; ui acls disabled; users with view permissions: default; groups with view permissions: EMPTY; users with modify permissions: default; groups with modify permissions: EMPTY
[2025-03-21T15:24:04.016+0000] {spark_submit.py:491} INFO - 25/03/21 15:24:04 INFO Utils: Successfully started service 'sparkDriver' on port 43185.
[2025-03-21T15:24:04.202+0000] {spark_submit.py:491} INFO - 25/03/21 15:24:04 INFO SparkEnv: Registering MapOutputTracker
[2025-03-21T15:24:04.593+0000] {spark_submit.py:491} INFO - 25/03/21 15:24:04 INFO SparkEnv: Registering BlockManagerMaster
[2025-03-21T15:24:04.905+0000] {spark_submit.py:491} INFO - 25/03/21 15:24:04 INFO BlockManagerMasterEndpoint: Using org.apache.spark.storage.DefaultTopologyMapper for getting topology information
[2025-03-21T15:24:04.915+0000] {spark_submit.py:491} INFO - 25/03/21 15:24:04 INFO BlockManagerMasterEndpoint: BlockManagerMasterEndpoint up
[2025-03-21T15:24:04.998+0000] {spark_submit.py:491} INFO - 25/03/21 15:24:04 INFO SparkEnv: Registering BlockManagerMasterHeartbeat
[2025-03-21T15:24:05.166+0000] {spark_submit.py:491} INFO - 25/03/21 15:24:05 INFO DiskBlockManager: Created local directory at /tmp/blockmgr-b52e02bd-5acb-4eba-a74e-c907c9957b09
[2025-03-21T15:24:05.277+0000] {spark_submit.py:491} INFO - 25/03/21 15:24:05 INFO MemoryStore: MemoryStore started with capacity 434.4 MiB
[2025-03-21T15:24:05.395+0000] {spark_submit.py:491} INFO - 25/03/21 15:24:05 INFO SparkEnv: Registering OutputCommitCoordinator
[2025-03-21T15:24:06.616+0000] {spark_submit.py:491} INFO - 25/03/21 15:24:06 INFO JettyUtils: Start Jetty 0.0.0.0:4040 for SparkUI
[2025-03-21T15:24:07.138+0000] {spark_submit.py:491} INFO - 25/03/21 15:24:07 INFO Utils: Successfully started service 'SparkUI' on port 4040.
[2025-03-21T15:24:07.753+0000] {spark_submit.py:491} INFO - 25/03/21 15:24:07 INFO Executor: Starting executor ID driver on host 76faeac9fcab
[2025-03-21T15:24:07.784+0000] {spark_submit.py:491} INFO - 25/03/21 15:24:07 INFO Executor: Starting executor with user classpath (userClassPathFirst = false): ''
[2025-03-21T15:24:07.876+0000] {spark_submit.py:491} INFO - 25/03/21 15:24:07 INFO Utils: Successfully started service 'org.apache.spark.network.netty.NettyBlockTransferService' on port 40723.
[2025-03-21T15:24:07.879+0000] {spark_submit.py:491} INFO - 25/03/21 15:24:07 INFO NettyBlockTransferService: Server created on 76faeac9fcab:40723
[2025-03-21T15:24:07.888+0000] {spark_submit.py:491} INFO - 25/03/21 15:24:07 INFO BlockManager: Using org.apache.spark.storage.RandomBlockReplicationPolicy for block replication policy
[2025-03-21T15:24:07.928+0000] {spark_submit.py:491} INFO - 25/03/21 15:24:07 INFO BlockManagerMaster: Registering BlockManager BlockManagerId(driver, 76faeac9fcab, 40723, None)
[2025-03-21T15:24:07.950+0000] {spark_submit.py:491} INFO - 25/03/21 15:24:07 INFO BlockManagerMasterEndpoint: Registering block manager 76faeac9fcab:40723 with 434.4 MiB RAM, BlockManagerId(driver, 76faeac9fcab, 40723, None)
[2025-03-21T15:24:07.966+0000] {spark_submit.py:491} INFO - 25/03/21 15:24:07 INFO BlockManagerMaster: Registered BlockManager BlockManagerId(driver, 76faeac9fcab, 40723, None)
[2025-03-21T15:24:07.972+0000] {spark_submit.py:491} INFO - 25/03/21 15:24:07 INFO BlockManager: Initialized BlockManager: BlockManagerId(driver, 76faeac9fcab, 40723, None)
[2025-03-21T15:24:10.536+0000] {spark_submit.py:491} INFO - 25/03/21 15:24:10 INFO SharedState: Setting hive.metastore.warehouse.dir ('null') to the value of spark.sql.warehouse.dir.
[2025-03-21T15:24:10.580+0000] {spark_submit.py:491} INFO - 25/03/21 15:24:10 INFO SharedState: Warehouse path is 'file:/opt/***/spark-warehouse'.
[2025-03-21T15:24:17.796+0000] {spark_submit.py:491} INFO - 25/03/21 15:24:17 INFO InMemoryFileIndex: It took 556 ms to list leaf files for 1 paths.
[2025-03-21T15:24:24.584+0000] {spark_submit.py:491} INFO - 25/03/21 15:24:24 INFO FileSourceStrategy: Pushed Filters:
[2025-03-21T15:24:24.627+0000] {spark_submit.py:491} INFO - 25/03/21 15:24:24 INFO FileSourceStrategy: Post-Scan Filters:
[2025-03-21T15:24:24.935+0000] {spark_submit.py:491} INFO - 25/03/21 15:24:24 INFO ParquetUtils: Using default output committer for Parquet: org.apache.parquet.hadoop.ParquetOutputCommitter
[2025-03-21T15:24:25.004+0000] {spark_submit.py:491} INFO - 25/03/21 15:24:25 INFO FileOutputCommitter: File Output Committer Algorithm version is 1
[2025-03-21T15:24:25.005+0000] {spark_submit.py:491} INFO - 25/03/21 15:24:25 INFO FileOutputCommitter: FileOutputCommitter skip cleanup _temporary folders under output directory:false, ignore cleanup failures: false
[2025-03-21T15:24:25.008+0000] {spark_submit.py:491} INFO - 25/03/21 15:24:25 INFO SQLHadoopMapReduceCommitProtocol: Using user defined output committer class org.apache.parquet.hadoop.ParquetOutputCommitter
[2025-03-21T15:24:25.008+0000] {spark_submit.py:491} INFO - 25/03/21 15:24:25 INFO FileOutputCommitter: File Output Committer Algorithm version is 1
[2025-03-21T15:24:25.009+0000] {spark_submit.py:491} INFO - 25/03/21 15:24:25 INFO FileOutputCommitter: FileOutputCommitter skip cleanup _temporary folders under output directory:false, ignore cleanup failures: false
[2025-03-21T15:24:25.010+0000] {spark_submit.py:491} INFO - 25/03/21 15:24:25 INFO SQLHadoopMapReduceCommitProtocol: Using output committer class org.apache.parquet.hadoop.ParquetOutputCommitter
[2025-03-21T15:24:26.575+0000] {spark_submit.py:491} INFO - 25/03/21 15:24:26 INFO CodeGenerator: Code generated in 780.550726 ms
[2025-03-21T15:24:26.723+0000] {spark_submit.py:491} INFO - 25/03/21 15:24:26 INFO MemoryStore: Block broadcast_0 stored as values in memory (estimated size 199.2 KiB, free 434.2 MiB)
[2025-03-21T15:24:26.872+0000] {spark_submit.py:491} INFO - 25/03/21 15:24:26 INFO MemoryStore: Block broadcast_0_piece0 stored as bytes in memory (estimated size 34.1 KiB, free 434.2 MiB)
[2025-03-21T15:24:26.881+0000] {spark_submit.py:491} INFO - 25/03/21 15:24:26 INFO BlockManagerInfo: Added broadcast_0_piece0 in memory on 76faeac9fcab:40723 (size: 34.1 KiB, free: 434.4 MiB)
[2025-03-21T15:24:26.891+0000] {spark_submit.py:491} INFO - 25/03/21 15:24:26 INFO SparkContext: Created broadcast 0 from parquet at NativeMethodAccessorImpl.java:0
[2025-03-21T15:24:26.961+0000] {spark_submit.py:491} INFO - 25/03/21 15:24:26 INFO FileSourceScanExec: Planning scan with bin packing, max size: 134217728 bytes, open cost is considered as scanning 4194304 bytes.
[2025-03-21T15:24:27.290+0000] {spark_submit.py:491} INFO - 25/03/21 15:24:27 INFO SparkContext: Starting job: parquet at NativeMethodAccessorImpl.java:0
[2025-03-21T15:24:27.332+0000] {spark_submit.py:491} INFO - 25/03/21 15:24:27 INFO DAGScheduler: Got job 0 (parquet at NativeMethodAccessorImpl.java:0) with 3 output partitions
[2025-03-21T15:24:27.333+0000] {spark_submit.py:491} INFO - 25/03/21 15:24:27 INFO DAGScheduler: Final stage: ResultStage 0 (parquet at NativeMethodAccessorImpl.java:0)
[2025-03-21T15:24:27.334+0000] {spark_submit.py:491} INFO - 25/03/21 15:24:27 INFO DAGScheduler: Parents of final stage: List()
[2025-03-21T15:24:27.337+0000] {spark_submit.py:491} INFO - 25/03/21 15:24:27 INFO DAGScheduler: Missing parents: List()
[2025-03-21T15:24:27.344+0000] {spark_submit.py:491} INFO - 25/03/21 15:24:27 INFO DAGScheduler: Submitting ResultStage 0 (MapPartitionsRDD[3] at parquet at NativeMethodAccessorImpl.java:0), which has no missing parents
[2025-03-21T15:24:27.651+0000] {spark_submit.py:491} INFO - 25/03/21 15:24:27 INFO MemoryStore: Block broadcast_1 stored as values in memory (estimated size 222.5 KiB, free 434.0 MiB)
[2025-03-21T15:24:27.681+0000] {spark_submit.py:491} INFO - 25/03/21 15:24:27 INFO MemoryStore: Block broadcast_1_piece0 stored as bytes in memory (estimated size 79.7 KiB, free 433.9 MiB)
[2025-03-21T15:24:27.688+0000] {spark_submit.py:491} INFO - 25/03/21 15:24:27 INFO BlockManagerInfo: Added broadcast_1_piece0 in memory on 76faeac9fcab:40723 (size: 79.7 KiB, free: 434.3 MiB)
[2025-03-21T15:24:27.692+0000] {spark_submit.py:491} INFO - 25/03/21 15:24:27 INFO SparkContext: Created broadcast 1 from broadcast at DAGScheduler.scala:1535
[2025-03-21T15:24:27.737+0000] {spark_submit.py:491} INFO - 25/03/21 15:24:27 INFO DAGScheduler: Submitting 3 missing tasks from ResultStage 0 (MapPartitionsRDD[3] at parquet at NativeMethodAccessorImpl.java:0) (first 15 tasks are for partitions Vector(0, 1, 2))
[2025-03-21T15:24:27.740+0000] {spark_submit.py:491} INFO - 25/03/21 15:24:27 INFO TaskSchedulerImpl: Adding task set 0.0 with 3 tasks resource profile 0
[2025-03-21T15:24:27.917+0000] {spark_submit.py:491} INFO - 25/03/21 15:24:27 INFO TaskSetManager: Starting task 0.0 in stage 0.0 (TID 0) (76faeac9fcab, executor driver, partition 0, PROCESS_LOCAL, 7933 bytes)
[2025-03-21T15:24:27.951+0000] {spark_submit.py:491} INFO - 25/03/21 15:24:27 INFO Executor: Running task 0.0 in stage 0.0 (TID 0)
[2025-03-21T15:24:28.361+0000] {spark_submit.py:491} INFO - 25/03/21 15:24:28 INFO FileOutputCommitter: File Output Committer Algorithm version is 1
[2025-03-21T15:24:28.363+0000] {spark_submit.py:491} INFO - 25/03/21 15:24:28 INFO FileOutputCommitter: FileOutputCommitter skip cleanup _temporary folders under output directory:false, ignore cleanup failures: false
[2025-03-21T15:24:28.365+0000] {spark_submit.py:491} INFO - 25/03/21 15:24:28 INFO SQLHadoopMapReduceCommitProtocol: Using user defined output committer class org.apache.parquet.hadoop.ParquetOutputCommitter
[2025-03-21T15:24:28.367+0000] {spark_submit.py:491} INFO - 25/03/21 15:24:28 INFO FileOutputCommitter: File Output Committer Algorithm version is 1
[2025-03-21T15:24:28.368+0000] {spark_submit.py:491} INFO - 25/03/21 15:24:28 INFO FileOutputCommitter: FileOutputCommitter skip cleanup _temporary folders under output directory:false, ignore cleanup failures: false
[2025-03-21T15:24:28.369+0000] {spark_submit.py:491} INFO - 25/03/21 15:24:28 INFO SQLHadoopMapReduceCommitProtocol: Using output committer class org.apache.parquet.hadoop.ParquetOutputCommitter
[2025-03-21T15:24:28.387+0000] {spark_submit.py:491} INFO - 25/03/21 15:24:28 INFO CodecConfig: Compression: SNAPPY
[2025-03-21T15:24:28.392+0000] {spark_submit.py:491} INFO - 25/03/21 15:24:28 INFO CodecConfig: Compression: SNAPPY
[2025-03-21T15:24:28.427+0000] {spark_submit.py:491} INFO - 25/03/21 15:24:28 INFO ParquetOutputFormat: ParquetRecordWriter [block size: 134217728b, row group padding size: 8388608b, validating: false]
[2025-03-21T15:24:28.470+0000] {spark_submit.py:491} INFO - 25/03/21 15:24:28 INFO ParquetWriteSupport: Initialized Parquet WriteSupport with Catalyst schema:
[2025-03-21T15:24:28.472+0000] {spark_submit.py:491} INFO - {
[2025-03-21T15:24:28.473+0000] {spark_submit.py:491} INFO - "type" : "struct",
[2025-03-21T15:24:28.474+0000] {spark_submit.py:491} INFO - "fields" : [ {
[2025-03-21T15:24:28.476+0000] {spark_submit.py:491} INFO - "name" : "id",
[2025-03-21T15:24:28.477+0000] {spark_submit.py:491} INFO - "type" : "integer",
[2025-03-21T15:24:28.479+0000] {spark_submit.py:491} INFO - "nullable" : true,
[2025-03-21T15:24:28.480+0000] {spark_submit.py:491} INFO - "metadata" : { }
[2025-03-21T15:24:28.481+0000] {spark_submit.py:491} INFO - }, {
[2025-03-21T15:24:28.482+0000] {spark_submit.py:491} INFO - "name" : "date",
[2025-03-21T15:24:28.483+0000] {spark_submit.py:491} INFO - "type" : "string",
[2025-03-21T15:24:28.484+0000] {spark_submit.py:491} INFO - "nullable" : true,
[2025-03-21T15:24:28.484+0000] {spark_submit.py:491} INFO - "metadata" : { }
[2025-03-21T15:24:28.485+0000] {spark_submit.py:491} INFO - }, {
[2025-03-21T15:24:28.486+0000] {spark_submit.py:491} INFO - "name" : "client_id",
[2025-03-21T15:24:28.489+0000] {spark_submit.py:491} INFO - "type" : "integer",
[2025-03-21T15:24:28.490+0000] {spark_submit.py:491} INFO - "nullable" : true,
[2025-03-21T15:24:28.491+0000] {spark_submit.py:491} INFO - "metadata" : { }
[2025-03-21T15:24:28.493+0000] {spark_submit.py:491} INFO - }, {
[2025-03-21T15:24:28.494+0000] {spark_submit.py:491} INFO - "name" : "card_id",
[2025-03-21T15:24:28.495+0000] {spark_submit.py:491} INFO - "type" : "integer",
[2025-03-21T15:24:28.495+0000] {spark_submit.py:491} INFO - "nullable" : true,
[2025-03-21T15:24:28.496+0000] {spark_submit.py:491} INFO - "metadata" : { }
[2025-03-21T15:24:28.497+0000] {spark_submit.py:491} INFO - }, {
[2025-03-21T15:24:28.498+0000] {spark_submit.py:491} INFO - "name" : "amount",
[2025-03-21T15:24:28.499+0000] {spark_submit.py:491} INFO - "type" : "string",
[2025-03-21T15:24:28.500+0000] {spark_submit.py:491} INFO - "nullable" : true,
[2025-03-21T15:24:28.501+0000] {spark_submit.py:491} INFO - "metadata" : { }
[2025-03-21T15:24:28.502+0000] {spark_submit.py:491} INFO - }, {
[2025-03-21T15:24:28.503+0000] {spark_submit.py:491} INFO - "name" : "use_chip",
[2025-03-21T15:24:28.504+0000] {spark_submit.py:491} INFO - "type" : "string",
[2025-03-21T15:24:28.504+0000] {spark_submit.py:491} INFO - "nullable" : true,
[2025-03-21T15:24:28.506+0000] {spark_submit.py:491} INFO - "metadata" : { }
[2025-03-21T15:24:28.507+0000] {spark_submit.py:491} INFO - }, {
[2025-03-21T15:24:28.507+0000] {spark_submit.py:491} INFO - "name" : "merchant_id",
[2025-03-21T15:24:28.508+0000] {spark_submit.py:491} INFO - "type" : "integer",
[2025-03-21T15:24:28.509+0000] {spark_submit.py:491} INFO - "nullable" : true,
[2025-03-21T15:24:28.509+0000] {spark_submit.py:491} INFO - "metadata" : { }
[2025-03-21T15:24:28.510+0000] {spark_submit.py:491} INFO - }, {
[2025-03-21T15:24:28.511+0000] {spark_submit.py:491} INFO - "name" : "merchant_city",
[2025-03-21T15:24:28.512+0000] {spark_submit.py:491} INFO - "type" : "string",
[2025-03-21T15:24:28.512+0000] {spark_submit.py:491} INFO - "nullable" : false,
[2025-03-21T15:24:28.513+0000] {spark_submit.py:491} INFO - "metadata" : { }
[2025-03-21T15:24:28.514+0000] {spark_submit.py:491} INFO - }, {
[2025-03-21T15:24:28.514+0000] {spark_submit.py:491} INFO - "name" : "merchant_state",
[2025-03-21T15:24:28.515+0000] {spark_submit.py:491} INFO - "type" : "string",
[2025-03-21T15:24:28.516+0000] {spark_submit.py:491} INFO - "nullable" : false,
[2025-03-21T15:24:28.516+0000] {spark_submit.py:491} INFO - "metadata" : { }
[2025-03-21T15:24:28.517+0000] {spark_submit.py:491} INFO - }, {
[2025-03-21T15:24:28.517+0000] {spark_submit.py:491} INFO - "name" : "zip",
[2025-03-21T15:24:28.518+0000] {spark_submit.py:491} INFO - "type" : "string",
[2025-03-21T15:24:28.519+0000] {spark_submit.py:491} INFO - "nullable" : true,
[2025-03-21T15:24:28.519+0000] {spark_submit.py:491} INFO - "metadata" : { }
[2025-03-21T15:24:28.519+0000] {spark_submit.py:491} INFO - }, {
[2025-03-21T15:24:28.519+0000] {spark_submit.py:491} INFO - "name" : "mcc",
[2025-03-21T15:24:28.520+0000] {spark_submit.py:491} INFO - "type" : "string",
[2025-03-21T15:24:28.520+0000] {spark_submit.py:491} INFO - "nullable" : true,
[2025-03-21T15:24:28.522+0000] {spark_submit.py:491} INFO - "metadata" : { }
[2025-03-21T15:24:28.523+0000] {spark_submit.py:491} INFO - }, {
[2025-03-21T15:24:28.523+0000] {spark_submit.py:491} INFO - "name" : "errors",
[2025-03-21T15:24:28.524+0000] {spark_submit.py:491} INFO - "type" : "string",
[2025-03-21T15:24:28.524+0000] {spark_submit.py:491} INFO - "nullable" : false,
[2025-03-21T15:24:28.525+0000] {spark_submit.py:491} INFO - "metadata" : { }
[2025-03-21T15:24:28.526+0000] {spark_submit.py:491} INFO - } ]
[2025-03-21T15:24:28.526+0000] {spark_submit.py:491} INFO - }
[2025-03-21T15:24:28.527+0000] {spark_submit.py:491} INFO - and corresponding Parquet message type:
[2025-03-21T15:24:28.529+0000] {spark_submit.py:491} INFO - message spark_schema {
[2025-03-21T15:24:28.531+0000] {spark_submit.py:491} INFO - optional int32 id;
[2025-03-21T15:24:28.535+0000] {spark_submit.py:491} INFO - optional binary date (STRING);
[2025-03-21T15:24:28.535+0000] {spark_submit.py:491} INFO - optional int32 client_id;
[2025-03-21T15:24:28.535+0000] {spark_submit.py:491} INFO - optional int32 card_id;
[2025-03-21T15:24:28.536+0000] {spark_submit.py:491} INFO - optional binary amount (STRING);
[2025-03-21T15:24:28.536+0000] {spark_submit.py:491} INFO - optional binary use_chip (STRING);
[2025-03-21T15:24:28.536+0000] {spark_submit.py:491} INFO - optional int32 merchant_id;
[2025-03-21T15:24:28.536+0000] {spark_submit.py:491} INFO - required binary merchant_city (STRING);
[2025-03-21T15:24:28.540+0000] {spark_submit.py:491} INFO - required binary merchant_state (STRING);
[2025-03-21T15:24:28.541+0000] {spark_submit.py:491} INFO - optional binary zip (STRING);
[2025-03-21T15:24:28.541+0000] {spark_submit.py:491} INFO - optional binary mcc (STRING);
[2025-03-21T15:24:28.541+0000] {spark_submit.py:491} INFO - required binary errors (STRING);
[2025-03-21T15:24:28.541+0000] {spark_submit.py:491} INFO - }
[2025-03-21T15:24:28.541+0000] {spark_submit.py:491} INFO - 
[2025-03-21T15:24:28.542+0000] {spark_submit.py:491} INFO - 
[2025-03-21T15:24:28.635+0000] {spark_submit.py:491} INFO - 25/03/21 15:24:28 INFO CodecPool: Got brand-new compressor [.snappy]
[2025-03-21T15:24:28.964+0000] {spark_submit.py:491} INFO - 25/03/21 15:24:28 INFO FileScanRDD: Reading File path: file:///opt/***/temp_data/trnsction/trnsction.csv, range: 0-134217728, partition values: [empty row]
[2025-03-21T15:24:29.054+0000] {spark_submit.py:491} INFO - 25/03/21 15:24:29 INFO CodeGenerator: Code generated in 55.708695 ms
[2025-03-21T15:24:29.186+0000] {spark_submit.py:491} INFO - 25/03/21 15:24:29 WARN CSVHeaderChecker: Number of column in CSV header is not equal to number of fields in the schema:
[2025-03-21T15:24:29.187+0000] {spark_submit.py:491} INFO - Header length: 1, schema size: 12
[2025-03-21T15:24:29.188+0000] {spark_submit.py:491} INFO - CSV file: file:///opt/***/temp_data/trnsction/trnsction.csv
[2025-03-21T15:25:16.730+0000] {spark_submit.py:491} INFO - 25/03/21 15:25:16 INFO FileOutputCommitter: Saved output of task 'attempt_202503211524279157972287557905329_0000_m_000000_0' to file:/opt/***/temp_data/trnsction/trnsction/_temporary/0/task_202503211524279157972287557905329_0000_m_000000
[2025-03-21T15:25:16.732+0000] {spark_submit.py:491} INFO - 25/03/21 15:25:16 INFO SparkHadoopMapRedUtil: attempt_202503211524279157972287557905329_0000_m_000000_0: Committed. Elapsed time: 2 ms.
[2025-03-21T15:25:16.805+0000] {spark_submit.py:491} INFO - 25/03/21 15:25:16 INFO Executor: Finished task 0.0 in stage 0.0 (TID 0). 2613 bytes result sent to driver
[2025-03-21T15:25:16.817+0000] {spark_submit.py:491} INFO - 25/03/21 15:25:16 INFO TaskSetManager: Starting task 1.0 in stage 0.0 (TID 1) (76faeac9fcab, executor driver, partition 1, PROCESS_LOCAL, 7933 bytes)
[2025-03-21T15:25:16.820+0000] {spark_submit.py:491} INFO - 25/03/21 15:25:16 INFO Executor: Running task 1.0 in stage 0.0 (TID 1)
[2025-03-21T15:25:16.846+0000] {spark_submit.py:491} INFO - 25/03/21 15:25:16 INFO TaskSetManager: Finished task 0.0 in stage 0.0 (TID 0) in 48968 ms on 76faeac9fcab (executor driver) (1/3)
[2025-03-21T15:25:16.881+0000] {spark_submit.py:491} INFO - 25/03/21 15:25:16 INFO FileOutputCommitter: File Output Committer Algorithm version is 1
[2025-03-21T15:25:16.883+0000] {spark_submit.py:491} INFO - 25/03/21 15:25:16 INFO FileOutputCommitter: FileOutputCommitter skip cleanup _temporary folders under output directory:false, ignore cleanup failures: false
[2025-03-21T15:25:16.884+0000] {spark_submit.py:491} INFO - 25/03/21 15:25:16 INFO SQLHadoopMapReduceCommitProtocol: Using user defined output committer class org.apache.parquet.hadoop.ParquetOutputCommitter
[2025-03-21T15:25:16.885+0000] {spark_submit.py:491} INFO - 25/03/21 15:25:16 INFO FileOutputCommitter: File Output Committer Algorithm version is 1
[2025-03-21T15:25:16.886+0000] {spark_submit.py:491} INFO - 25/03/21 15:25:16 INFO FileOutputCommitter: FileOutputCommitter skip cleanup _temporary folders under output directory:false, ignore cleanup failures: false
[2025-03-21T15:25:16.887+0000] {spark_submit.py:491} INFO - 25/03/21 15:25:16 INFO SQLHadoopMapReduceCommitProtocol: Using output committer class org.apache.parquet.hadoop.ParquetOutputCommitter
[2025-03-21T15:25:16.888+0000] {spark_submit.py:491} INFO - 25/03/21 15:25:16 INFO FileScanRDD: Reading File path: file:///opt/***/temp_data/trnsction/trnsction.csv, range: 134217728-268435456, partition values: [empty row]
[2025-03-21T15:25:16.919+0000] {spark_submit.py:491} INFO - 25/03/21 15:25:16 INFO CodecConfig: Compression: SNAPPY
[2025-03-21T15:25:16.921+0000] {spark_submit.py:491} INFO - 25/03/21 15:25:16 INFO CodecConfig: Compression: SNAPPY
[2025-03-21T15:25:16.925+0000] {spark_submit.py:491} INFO - 25/03/21 15:25:16 INFO ParquetOutputFormat: ParquetRecordWriter [block size: 134217728b, row group padding size: 8388608b, validating: false]
[2025-03-21T15:25:16.930+0000] {spark_submit.py:491} INFO - 25/03/21 15:25:16 INFO ParquetWriteSupport: Initialized Parquet WriteSupport with Catalyst schema:
[2025-03-21T15:25:16.931+0000] {spark_submit.py:491} INFO - {
[2025-03-21T15:25:16.932+0000] {spark_submit.py:491} INFO - "type" : "struct",
[2025-03-21T15:25:16.932+0000] {spark_submit.py:491} INFO - "fields" : [ {
[2025-03-21T15:25:16.932+0000] {spark_submit.py:491} INFO - "name" : "id",
[2025-03-21T15:25:16.932+0000] {spark_submit.py:491} INFO - "type" : "integer",
[2025-03-21T15:25:16.933+0000] {spark_submit.py:491} INFO - "nullable" : true,
[2025-03-21T15:25:16.933+0000] {spark_submit.py:491} INFO - "metadata" : { }
[2025-03-21T15:25:16.933+0000] {spark_submit.py:491} INFO - }, {
[2025-03-21T15:25:16.933+0000] {spark_submit.py:491} INFO - "name" : "date",
[2025-03-21T15:25:16.933+0000] {spark_submit.py:491} INFO - "type" : "string",
[2025-03-21T15:25:16.933+0000] {spark_submit.py:491} INFO - "nullable" : true,
[2025-03-21T15:25:16.934+0000] {spark_submit.py:491} INFO - "metadata" : { }
[2025-03-21T15:25:16.934+0000] {spark_submit.py:491} INFO - }, {
[2025-03-21T15:25:16.934+0000] {spark_submit.py:491} INFO - "name" : "client_id",
[2025-03-21T15:25:16.934+0000] {spark_submit.py:491} INFO - "type" : "integer",
[2025-03-21T15:25:16.934+0000] {spark_submit.py:491} INFO - "nullable" : true,
[2025-03-21T15:25:16.935+0000] {spark_submit.py:491} INFO - "metadata" : { }
[2025-03-21T15:25:16.935+0000] {spark_submit.py:491} INFO - }, {
[2025-03-21T15:25:16.935+0000] {spark_submit.py:491} INFO - "name" : "card_id",
[2025-03-21T15:25:16.935+0000] {spark_submit.py:491} INFO - "type" : "integer",
[2025-03-21T15:25:16.935+0000] {spark_submit.py:491} INFO - "nullable" : true,
[2025-03-21T15:25:16.935+0000] {spark_submit.py:491} INFO - "metadata" : { }
[2025-03-21T15:25:16.936+0000] {spark_submit.py:491} INFO - }, {
[2025-03-21T15:25:16.936+0000] {spark_submit.py:491} INFO - "name" : "amount",
[2025-03-21T15:25:16.936+0000] {spark_submit.py:491} INFO - "type" : "string",
[2025-03-21T15:25:16.936+0000] {spark_submit.py:491} INFO - "nullable" : true,
[2025-03-21T15:25:16.936+0000] {spark_submit.py:491} INFO - "metadata" : { }
[2025-03-21T15:25:16.936+0000] {spark_submit.py:491} INFO - }, {
[2025-03-21T15:25:16.937+0000] {spark_submit.py:491} INFO - "name" : "use_chip",
[2025-03-21T15:25:16.937+0000] {spark_submit.py:491} INFO - "type" : "string",
[2025-03-21T15:25:16.937+0000] {spark_submit.py:491} INFO - "nullable" : true,
[2025-03-21T15:25:16.937+0000] {spark_submit.py:491} INFO - "metadata" : { }
[2025-03-21T15:25:16.937+0000] {spark_submit.py:491} INFO - }, {
[2025-03-21T15:25:16.938+0000] {spark_submit.py:491} INFO - "name" : "merchant_id",
[2025-03-21T15:25:16.938+0000] {spark_submit.py:491} INFO - "type" : "integer",
[2025-03-21T15:25:16.938+0000] {spark_submit.py:491} INFO - "nullable" : true,
[2025-03-21T15:25:16.938+0000] {spark_submit.py:491} INFO - "metadata" : { }
[2025-03-21T15:25:16.938+0000] {spark_submit.py:491} INFO - }, {
[2025-03-21T15:25:16.938+0000] {spark_submit.py:491} INFO - "name" : "merchant_city",
[2025-03-21T15:25:16.939+0000] {spark_submit.py:491} INFO - "type" : "string",
[2025-03-21T15:25:16.939+0000] {spark_submit.py:491} INFO - "nullable" : false,
[2025-03-21T15:25:16.939+0000] {spark_submit.py:491} INFO - "metadata" : { }
[2025-03-21T15:25:16.939+0000] {spark_submit.py:491} INFO - }, {
[2025-03-21T15:25:16.939+0000] {spark_submit.py:491} INFO - "name" : "merchant_state",
[2025-03-21T15:25:16.939+0000] {spark_submit.py:491} INFO - "type" : "string",
[2025-03-21T15:25:16.940+0000] {spark_submit.py:491} INFO - "nullable" : false,
[2025-03-21T15:25:16.940+0000] {spark_submit.py:491} INFO - "metadata" : { }
[2025-03-21T15:25:16.940+0000] {spark_submit.py:491} INFO - }, {
[2025-03-21T15:25:16.940+0000] {spark_submit.py:491} INFO - "name" : "zip",
[2025-03-21T15:25:16.940+0000] {spark_submit.py:491} INFO - "type" : "string",
[2025-03-21T15:25:16.940+0000] {spark_submit.py:491} INFO - "nullable" : true,
[2025-03-21T15:25:16.941+0000] {spark_submit.py:491} INFO - "metadata" : { }
[2025-03-21T15:25:16.941+0000] {spark_submit.py:491} INFO - }, {
[2025-03-21T15:25:16.941+0000] {spark_submit.py:491} INFO - "name" : "mcc",
[2025-03-21T15:25:16.941+0000] {spark_submit.py:491} INFO - "type" : "string",
[2025-03-21T15:25:16.941+0000] {spark_submit.py:491} INFO - "nullable" : true,
[2025-03-21T15:25:16.945+0000] {spark_submit.py:491} INFO - "metadata" : { }
[2025-03-21T15:25:16.946+0000] {spark_submit.py:491} INFO - }, {
[2025-03-21T15:25:16.946+0000] {spark_submit.py:491} INFO - "name" : "errors",
[2025-03-21T15:25:16.946+0000] {spark_submit.py:491} INFO - "type" : "string",
[2025-03-21T15:25:16.946+0000] {spark_submit.py:491} INFO - "nullable" : false,
[2025-03-21T15:25:16.946+0000] {spark_submit.py:491} INFO - "metadata" : { }
[2025-03-21T15:25:16.947+0000] {spark_submit.py:491} INFO - } ]
[2025-03-21T15:25:16.947+0000] {spark_submit.py:491} INFO - }
[2025-03-21T15:25:16.948+0000] {spark_submit.py:491} INFO - and corresponding Parquet message type:
[2025-03-21T15:25:16.948+0000] {spark_submit.py:491} INFO - message spark_schema {
[2025-03-21T15:25:16.948+0000] {spark_submit.py:491} INFO - optional int32 id;
[2025-03-21T15:25:16.948+0000] {spark_submit.py:491} INFO - optional binary date (STRING);
[2025-03-21T15:25:16.949+0000] {spark_submit.py:491} INFO - optional int32 client_id;
[2025-03-21T15:25:16.949+0000] {spark_submit.py:491} INFO - optional int32 card_id;
[2025-03-21T15:25:16.949+0000] {spark_submit.py:491} INFO - optional binary amount (STRING);
[2025-03-21T15:25:16.949+0000] {spark_submit.py:491} INFO - optional binary use_chip (STRING);
[2025-03-21T15:25:16.949+0000] {spark_submit.py:491} INFO - optional int32 merchant_id;
[2025-03-21T15:25:16.950+0000] {spark_submit.py:491} INFO - required binary merchant_city (STRING);
[2025-03-21T15:25:16.950+0000] {spark_submit.py:491} INFO - required binary merchant_state (STRING);
[2025-03-21T15:25:16.951+0000] {spark_submit.py:491} INFO - optional binary zip (STRING);
[2025-03-21T15:25:16.951+0000] {spark_submit.py:491} INFO - optional binary mcc (STRING);
[2025-03-21T15:25:16.951+0000] {spark_submit.py:491} INFO - required binary errors (STRING);
[2025-03-21T15:25:16.951+0000] {spark_submit.py:491} INFO - }
[2025-03-21T15:25:16.951+0000] {spark_submit.py:491} INFO - 
[2025-03-21T15:25:16.952+0000] {spark_submit.py:491} INFO - 
[2025-03-21T15:25:56.710+0000] {spark_submit.py:491} INFO - 25/03/21 15:25:56 INFO FileOutputCommitter: Saved output of task 'attempt_202503211524279157972287557905329_0000_m_000001_1' to file:/opt/***/temp_data/trnsction/trnsction/_temporary/0/task_202503211524279157972287557905329_0000_m_000001
[2025-03-21T15:25:56.712+0000] {spark_submit.py:491} INFO - 25/03/21 15:25:56 INFO SparkHadoopMapRedUtil: attempt_202503211524279157972287557905329_0000_m_000001_1: Committed. Elapsed time: 2 ms.
[2025-03-21T15:25:56.716+0000] {spark_submit.py:491} INFO - 25/03/21 15:25:56 INFO Executor: Finished task 1.0 in stage 0.0 (TID 1). 2613 bytes result sent to driver
[2025-03-21T15:25:56.720+0000] {spark_submit.py:491} INFO - 25/03/21 15:25:56 INFO TaskSetManager: Starting task 2.0 in stage 0.0 (TID 2) (76faeac9fcab, executor driver, partition 2, PROCESS_LOCAL, 7933 bytes)
[2025-03-21T15:25:56.722+0000] {spark_submit.py:491} INFO - 25/03/21 15:25:56 INFO Executor: Running task 2.0 in stage 0.0 (TID 2)
[2025-03-21T15:25:56.736+0000] {spark_submit.py:491} INFO - 25/03/21 15:25:56 INFO TaskSetManager: Finished task 1.0 in stage 0.0 (TID 1) in 39919 ms on 76faeac9fcab (executor driver) (2/3)
[2025-03-21T15:25:56.772+0000] {spark_submit.py:491} INFO - 25/03/21 15:25:56 INFO FileOutputCommitter: File Output Committer Algorithm version is 1
[2025-03-21T15:25:56.773+0000] {spark_submit.py:491} INFO - 25/03/21 15:25:56 INFO FileOutputCommitter: FileOutputCommitter skip cleanup _temporary folders under output directory:false, ignore cleanup failures: false
[2025-03-21T15:25:56.774+0000] {spark_submit.py:491} INFO - 25/03/21 15:25:56 INFO SQLHadoopMapReduceCommitProtocol: Using user defined output committer class org.apache.parquet.hadoop.ParquetOutputCommitter
[2025-03-21T15:25:56.775+0000] {spark_submit.py:491} INFO - 25/03/21 15:25:56 INFO FileOutputCommitter: File Output Committer Algorithm version is 1
[2025-03-21T15:25:56.776+0000] {spark_submit.py:491} INFO - 25/03/21 15:25:56 INFO FileOutputCommitter: FileOutputCommitter skip cleanup _temporary folders under output directory:false, ignore cleanup failures: false
[2025-03-21T15:25:56.777+0000] {spark_submit.py:491} INFO - 25/03/21 15:25:56 INFO SQLHadoopMapReduceCommitProtocol: Using output committer class org.apache.parquet.hadoop.ParquetOutputCommitter
[2025-03-21T15:25:56.778+0000] {spark_submit.py:491} INFO - 25/03/21 15:25:56 INFO FileScanRDD: Reading File path: file:///opt/***/temp_data/trnsction/trnsction.csv, range: 268435456-318854564, partition values: [empty row]
[2025-03-21T15:25:56.821+0000] {spark_submit.py:491} INFO - 25/03/21 15:25:56 INFO CodecConfig: Compression: SNAPPY
[2025-03-21T15:25:56.829+0000] {spark_submit.py:491} INFO - 25/03/21 15:25:56 INFO CodecConfig: Compression: SNAPPY
[2025-03-21T15:25:56.834+0000] {spark_submit.py:491} INFO - 25/03/21 15:25:56 INFO ParquetOutputFormat: ParquetRecordWriter [block size: 134217728b, row group padding size: 8388608b, validating: false]
[2025-03-21T15:25:56.840+0000] {spark_submit.py:491} INFO - 25/03/21 15:25:56 INFO ParquetWriteSupport: Initialized Parquet WriteSupport with Catalyst schema:
[2025-03-21T15:25:56.842+0000] {spark_submit.py:491} INFO - {
[2025-03-21T15:25:56.842+0000] {spark_submit.py:491} INFO - "type" : "struct",
[2025-03-21T15:25:56.842+0000] {spark_submit.py:491} INFO - "fields" : [ {
[2025-03-21T15:25:56.843+0000] {spark_submit.py:491} INFO - "name" : "id",
[2025-03-21T15:25:56.843+0000] {spark_submit.py:491} INFO - "type" : "integer",
[2025-03-21T15:25:56.843+0000] {spark_submit.py:491} INFO - "nullable" : true,
[2025-03-21T15:25:56.843+0000] {spark_submit.py:491} INFO - "metadata" : { }
[2025-03-21T15:25:56.843+0000] {spark_submit.py:491} INFO - }, {
[2025-03-21T15:25:56.843+0000] {spark_submit.py:491} INFO - "name" : "date",
[2025-03-21T15:25:56.844+0000] {spark_submit.py:491} INFO - "type" : "string",
[2025-03-21T15:25:56.844+0000] {spark_submit.py:491} INFO - "nullable" : true,
[2025-03-21T15:25:56.844+0000] {spark_submit.py:491} INFO - "metadata" : { }
[2025-03-21T15:25:56.845+0000] {spark_submit.py:491} INFO - }, {
[2025-03-21T15:25:56.845+0000] {spark_submit.py:491} INFO - "name" : "client_id",
[2025-03-21T15:25:56.845+0000] {spark_submit.py:491} INFO - "type" : "integer",
[2025-03-21T15:25:56.845+0000] {spark_submit.py:491} INFO - "nullable" : true,
[2025-03-21T15:25:56.845+0000] {spark_submit.py:491} INFO - "metadata" : { }
[2025-03-21T15:25:56.845+0000] {spark_submit.py:491} INFO - }, {
[2025-03-21T15:25:56.846+0000] {spark_submit.py:491} INFO - "name" : "card_id",
[2025-03-21T15:25:56.846+0000] {spark_submit.py:491} INFO - "type" : "integer",
[2025-03-21T15:25:56.846+0000] {spark_submit.py:491} INFO - "nullable" : true,
[2025-03-21T15:25:56.846+0000] {spark_submit.py:491} INFO - "metadata" : { }
[2025-03-21T15:25:56.846+0000] {spark_submit.py:491} INFO - }, {
[2025-03-21T15:25:56.847+0000] {spark_submit.py:491} INFO - "name" : "amount",
[2025-03-21T15:25:56.847+0000] {spark_submit.py:491} INFO - "type" : "string",
[2025-03-21T15:25:56.847+0000] {spark_submit.py:491} INFO - "nullable" : true,
[2025-03-21T15:25:56.847+0000] {spark_submit.py:491} INFO - "metadata" : { }
[2025-03-21T15:25:56.847+0000] {spark_submit.py:491} INFO - }, {
[2025-03-21T15:25:56.847+0000] {spark_submit.py:491} INFO - "name" : "use_chip",
[2025-03-21T15:25:56.848+0000] {spark_submit.py:491} INFO - "type" : "string",
[2025-03-21T15:25:56.848+0000] {spark_submit.py:491} INFO - "nullable" : true,
[2025-03-21T15:25:56.848+0000] {spark_submit.py:491} INFO - "metadata" : { }
[2025-03-21T15:25:56.848+0000] {spark_submit.py:491} INFO - }, {
[2025-03-21T15:25:56.848+0000] {spark_submit.py:491} INFO - "name" : "merchant_id",
[2025-03-21T15:25:56.848+0000] {spark_submit.py:491} INFO - "type" : "integer",
[2025-03-21T15:25:56.849+0000] {spark_submit.py:491} INFO - "nullable" : true,
[2025-03-21T15:25:56.849+0000] {spark_submit.py:491} INFO - "metadata" : { }
[2025-03-21T15:25:56.850+0000] {spark_submit.py:491} INFO - }, {
[2025-03-21T15:25:56.850+0000] {spark_submit.py:491} INFO - "name" : "merchant_city",
[2025-03-21T15:25:56.850+0000] {spark_submit.py:491} INFO - "type" : "string",
[2025-03-21T15:25:56.850+0000] {spark_submit.py:491} INFO - "nullable" : false,
[2025-03-21T15:25:56.851+0000] {spark_submit.py:491} INFO - "metadata" : { }
[2025-03-21T15:25:56.851+0000] {spark_submit.py:491} INFO - }, {
[2025-03-21T15:25:56.851+0000] {spark_submit.py:491} INFO - "name" : "merchant_state",
[2025-03-21T15:25:56.851+0000] {spark_submit.py:491} INFO - "type" : "string",
[2025-03-21T15:25:56.851+0000] {spark_submit.py:491} INFO - "nullable" : false,
[2025-03-21T15:25:56.852+0000] {spark_submit.py:491} INFO - "metadata" : { }
[2025-03-21T15:25:56.852+0000] {spark_submit.py:491} INFO - }, {
[2025-03-21T15:25:56.852+0000] {spark_submit.py:491} INFO - "name" : "zip",
[2025-03-21T15:25:56.852+0000] {spark_submit.py:491} INFO - "type" : "string",
[2025-03-21T15:25:56.852+0000] {spark_submit.py:491} INFO - "nullable" : true,
[2025-03-21T15:25:56.853+0000] {spark_submit.py:491} INFO - "metadata" : { }
[2025-03-21T15:25:56.853+0000] {spark_submit.py:491} INFO - }, {
[2025-03-21T15:25:56.854+0000] {spark_submit.py:491} INFO - "name" : "mcc",
[2025-03-21T15:25:56.854+0000] {spark_submit.py:491} INFO - "type" : "string",
[2025-03-21T15:25:56.854+0000] {spark_submit.py:491} INFO - "nullable" : true,
[2025-03-21T15:25:56.855+0000] {spark_submit.py:491} INFO - "metadata" : { }
[2025-03-21T15:25:56.855+0000] {spark_submit.py:491} INFO - }, {
[2025-03-21T15:25:56.855+0000] {spark_submit.py:491} INFO - "name" : "errors",
[2025-03-21T15:25:56.855+0000] {spark_submit.py:491} INFO - "type" : "string",
[2025-03-21T15:25:56.856+0000] {spark_submit.py:491} INFO - "nullable" : false,
[2025-03-21T15:25:56.856+0000] {spark_submit.py:491} INFO - "metadata" : { }
[2025-03-21T15:25:56.857+0000] {spark_submit.py:491} INFO - } ]
[2025-03-21T15:25:56.857+0000] {spark_submit.py:491} INFO - }
[2025-03-21T15:25:56.857+0000] {spark_submit.py:491} INFO - and corresponding Parquet message type:
[2025-03-21T15:25:56.857+0000] {spark_submit.py:491} INFO - message spark_schema {
[2025-03-21T15:25:56.858+0000] {spark_submit.py:491} INFO - optional int32 id;
[2025-03-21T15:25:56.858+0000] {spark_submit.py:491} INFO - optional binary date (STRING);
[2025-03-21T15:25:56.859+0000] {spark_submit.py:491} INFO - optional int32 client_id;
[2025-03-21T15:25:56.860+0000] {spark_submit.py:491} INFO - optional int32 card_id;
[2025-03-21T15:25:56.860+0000] {spark_submit.py:491} INFO - optional binary amount (STRING);
[2025-03-21T15:25:56.860+0000] {spark_submit.py:491} INFO - optional binary use_chip (STRING);
[2025-03-21T15:25:56.860+0000] {spark_submit.py:491} INFO - optional int32 merchant_id;
[2025-03-21T15:25:56.860+0000] {spark_submit.py:491} INFO - required binary merchant_city (STRING);
[2025-03-21T15:25:56.861+0000] {spark_submit.py:491} INFO - required binary merchant_state (STRING);
[2025-03-21T15:25:56.861+0000] {spark_submit.py:491} INFO - optional binary zip (STRING);
[2025-03-21T15:25:56.861+0000] {spark_submit.py:491} INFO - optional binary mcc (STRING);
[2025-03-21T15:25:56.861+0000] {spark_submit.py:491} INFO - required binary errors (STRING);
[2025-03-21T15:25:56.861+0000] {spark_submit.py:491} INFO - }
[2025-03-21T15:25:56.862+0000] {spark_submit.py:491} INFO - 
[2025-03-21T15:25:56.862+0000] {spark_submit.py:491} INFO - 
[2025-03-21T15:26:11.514+0000] {spark_submit.py:491} INFO - 25/03/21 15:26:11 INFO FileOutputCommitter: Saved output of task 'attempt_202503211524279157972287557905329_0000_m_000002_2' to file:/opt/***/temp_data/trnsction/trnsction/_temporary/0/task_202503211524279157972287557905329_0000_m_000002
[2025-03-21T15:26:11.516+0000] {spark_submit.py:491} INFO - 25/03/21 15:26:11 INFO SparkHadoopMapRedUtil: attempt_202503211524279157972287557905329_0000_m_000002_2: Committed. Elapsed time: 2 ms.
[2025-03-21T15:26:11.519+0000] {spark_submit.py:491} INFO - 25/03/21 15:26:11 INFO Executor: Finished task 2.0 in stage 0.0 (TID 2). 2613 bytes result sent to driver
[2025-03-21T15:26:11.528+0000] {spark_submit.py:491} INFO - 25/03/21 15:26:11 INFO TaskSetManager: Finished task 2.0 in stage 0.0 (TID 2) in 14809 ms on 76faeac9fcab (executor driver) (3/3)
[2025-03-21T15:26:11.530+0000] {spark_submit.py:491} INFO - 25/03/21 15:26:11 INFO TaskSchedulerImpl: Removed TaskSet 0.0, whose tasks have all completed, from pool
[2025-03-21T15:26:11.532+0000] {spark_submit.py:491} INFO - 25/03/21 15:26:11 INFO DAGScheduler: ResultStage 0 (parquet at NativeMethodAccessorImpl.java:0) finished in 104.155 s
[2025-03-21T15:26:11.539+0000] {spark_submit.py:491} INFO - 25/03/21 15:26:11 INFO DAGScheduler: Job 0 is finished. Cancelling potential speculative or zombie tasks for this job
[2025-03-21T15:26:11.540+0000] {spark_submit.py:491} INFO - 25/03/21 15:26:11 INFO TaskSchedulerImpl: Killing all running tasks in stage 0: Stage finished
[2025-03-21T15:26:11.545+0000] {spark_submit.py:491} INFO - 25/03/21 15:26:11 INFO DAGScheduler: Job 0 finished: parquet at NativeMethodAccessorImpl.java:0, took 104.252239 s
[2025-03-21T15:26:11.549+0000] {spark_submit.py:491} INFO - 25/03/21 15:26:11 INFO FileFormatWriter: Start to commit write Job 2cb0fd52-e662-463e-8e1c-488b37a7fc69.
[2025-03-21T15:26:11.596+0000] {spark_submit.py:491} INFO - 25/03/21 15:26:11 INFO FileFormatWriter: Write Job 2cb0fd52-e662-463e-8e1c-488b37a7fc69 committed. Elapsed time: 44 ms.
[2025-03-21T15:26:11.617+0000] {spark_submit.py:491} INFO - 25/03/21 15:26:11 INFO FileFormatWriter: Finished processing stats for write job 2cb0fd52-e662-463e-8e1c-488b37a7fc69.
[2025-03-21T15:26:11.805+0000] {spark_submit.py:491} INFO - 25/03/21 15:26:11 INFO SparkContext: Invoking stop() from shutdown hook
[2025-03-21T15:26:11.806+0000] {spark_submit.py:491} INFO - 25/03/21 15:26:11 INFO SparkContext: SparkContext is stopping with exitCode 0.
[2025-03-21T15:26:11.837+0000] {spark_submit.py:491} INFO - 25/03/21 15:26:11 INFO SparkUI: Stopped Spark web UI at http://76faeac9fcab:4040
[2025-03-21T15:26:11.886+0000] {spark_submit.py:491} INFO - 25/03/21 15:26:11 INFO MapOutputTrackerMasterEndpoint: MapOutputTrackerMasterEndpoint stopped!
[2025-03-21T15:26:11.929+0000] {spark_submit.py:491} INFO - 25/03/21 15:26:11 INFO MemoryStore: MemoryStore cleared
[2025-03-21T15:26:11.930+0000] {spark_submit.py:491} INFO - 25/03/21 15:26:11 INFO BlockManager: BlockManager stopped
[2025-03-21T15:26:11.948+0000] {spark_submit.py:491} INFO - 25/03/21 15:26:11 INFO BlockManagerMaster: BlockManagerMaster stopped
[2025-03-21T15:26:11.956+0000] {spark_submit.py:491} INFO - 25/03/21 15:26:11 INFO OutputCommitCoordinator$OutputCommitCoordinatorEndpoint: OutputCommitCoordinator stopped!
[2025-03-21T15:26:11.970+0000] {spark_submit.py:491} INFO - 25/03/21 15:26:11 INFO SparkContext: Successfully stopped SparkContext
[2025-03-21T15:26:11.972+0000] {spark_submit.py:491} INFO - 25/03/21 15:26:11 INFO ShutdownHookManager: Shutdown hook called
[2025-03-21T15:26:11.974+0000] {spark_submit.py:491} INFO - 25/03/21 15:26:11 INFO ShutdownHookManager: Deleting directory /tmp/spark-abb7107e-1990-44f3-8094-c1f8cca7e536
[2025-03-21T15:26:11.982+0000] {spark_submit.py:491} INFO - 25/03/21 15:26:11 INFO ShutdownHookManager: Deleting directory /tmp/spark-2b24e438-eda5-48b1-ad05-3ace3beb63ba
[2025-03-21T15:26:11.993+0000] {spark_submit.py:491} INFO - 25/03/21 15:26:11 INFO ShutdownHookManager: Deleting directory /tmp/spark-2b24e438-eda5-48b1-ad05-3ace3beb63ba/pyspark-5dc459a9-07dc-486d-a12f-055e9816e9ac
[2025-03-21T15:26:12.178+0000] {taskinstance.py:1400} INFO - Marking task as SUCCESS. dag_id=trnsaction_ingestion_gcs_dag, task_id=spark_convert_to_parquet, execution_date=20250321T152306, start_date=20250321T152341, end_date=20250321T152612
[2025-03-21T15:26:12.235+0000] {local_task_job_runner.py:228} INFO - Task exited with return code 0
[2025-03-21T15:26:12.290+0000] {taskinstance.py:2784} INFO - 1 downstream tasks scheduled from follow-on schedule check
