[2025-03-21T15:42:11.190+0000] {taskinstance.py:1159} INFO - Dependencies all met for dep_context=non-requeueable deps ti=<TaskInstance: trnsaction_ingestion_gcs_dag.trsction_load_to_gcp manual__2025-03-21T15:39:00.595308+00:00 [queued]>
[2025-03-21T15:42:11.217+0000] {taskinstance.py:1159} INFO - Dependencies all met for dep_context=requeueable deps ti=<TaskInstance: trnsaction_ingestion_gcs_dag.trsction_load_to_gcp manual__2025-03-21T15:39:00.595308+00:00 [queued]>
[2025-03-21T15:42:11.219+0000] {taskinstance.py:1361} INFO - Starting attempt 1 of 1
[2025-03-21T15:42:11.256+0000] {taskinstance.py:1382} INFO - Executing <Task(PythonOperator): trsction_load_to_gcp> on 2025-03-21 15:39:00.595308+00:00
[2025-03-21T15:42:11.272+0000] {standard_task_runner.py:57} INFO - Started process 2311 to run task
[2025-03-21T15:42:11.281+0000] {standard_task_runner.py:84} INFO - Running: ['***', 'tasks', 'run', 'trnsaction_ingestion_gcs_dag', 'trsction_load_to_gcp', 'manual__2025-03-21T15:39:00.595308+00:00', '--job-id', '219', '--raw', '--subdir', 'DAGS_FOLDER/etl_trsction_table.py', '--cfg-path', '/tmp/tmpe521mgfn']
[2025-03-21T15:42:11.288+0000] {standard_task_runner.py:85} INFO - Job 219: Subtask trsction_load_to_gcp
[2025-03-21T15:42:11.393+0000] {task_command.py:415} INFO - Running <TaskInstance: trnsaction_ingestion_gcs_dag.trsction_load_to_gcp manual__2025-03-21T15:39:00.595308+00:00 [running]> on host 76faeac9fcab
[2025-03-21T15:42:11.597+0000] {taskinstance.py:1660} INFO - Exporting env vars: AIRFLOW_CTX_DAG_OWNER='***' AIRFLOW_CTX_DAG_ID='trnsaction_ingestion_gcs_dag' AIRFLOW_CTX_TASK_ID='trsction_load_to_gcp' AIRFLOW_CTX_EXECUTION_DATE='2025-03-21T15:39:00.595308+00:00' AIRFLOW_CTX_TRY_NUMBER='1' AIRFLOW_CTX_DAG_RUN_ID='manual__2025-03-21T15:39:00.595308+00:00'
[2025-03-21T15:42:11.741+0000] {gcp_operations.py:38} INFO - Remote path is trnsction/trnsction/
[2025-03-21T15:42:11.742+0000] {gcp_operations.py:38} INFO - Remote path is trnsction/trnsction/part-00001-d732abf2-7122-4fed-b008-1655c3580724-c000.snappy.parquet
[2025-03-21T15:42:12.134+0000] {gcp_operations.py:38} INFO - Remote path is trnsction/trnsction/part-00007-d732abf2-7122-4fed-b008-1655c3580724-c000.snappy.parquet
[2025-03-21T15:42:12.674+0000] {gcp_operations.py:38} INFO - Remote path is trnsction/trnsction/part-00006-d732abf2-7122-4fed-b008-1655c3580724-c000.snappy.parquet
[2025-03-21T15:42:13.135+0000] {gcp_operations.py:38} INFO - Remote path is trnsction/trnsction/part-00009-d732abf2-7122-4fed-b008-1655c3580724-c000.snappy.parquet
[2025-03-21T15:42:13.382+0000] {gcp_operations.py:38} INFO - Remote path is trnsction/trnsction/part-00004-d732abf2-7122-4fed-b008-1655c3580724-c000.snappy.parquet
[2025-03-21T15:42:13.742+0000] {gcp_operations.py:38} INFO - Remote path is trnsction/trnsction/part-00003-d732abf2-7122-4fed-b008-1655c3580724-c000.snappy.parquet
[2025-03-21T15:42:14.088+0000] {gcp_operations.py:38} INFO - Remote path is trnsction/trnsction/part-00002-d732abf2-7122-4fed-b008-1655c3580724-c000.snappy.parquet
[2025-03-21T15:42:14.407+0000] {gcp_operations.py:38} INFO - Remote path is trnsction/trnsction/part-00008-d732abf2-7122-4fed-b008-1655c3580724-c000.snappy.parquet
[2025-03-21T15:42:14.748+0000] {gcp_operations.py:38} INFO - Remote path is trnsction/trnsction/part-00000-d732abf2-7122-4fed-b008-1655c3580724-c000.snappy.parquet
[2025-03-21T15:42:15.187+0000] {gcp_operations.py:38} INFO - Remote path is trnsction/trnsction/part-00005-d732abf2-7122-4fed-b008-1655c3580724-c000.snappy.parquet
[2025-03-21T15:42:15.487+0000] {gcp_operations.py:38} INFO - Remote path is trnsction/trnsction/_SUCCESS
[2025-03-21T15:42:15.589+0000] {gcp_operations.py:42} INFO - Dir has been loaded
[2025-03-21T15:42:15.590+0000] {python.py:194} INFO - Done. Returned value was: None
[2025-03-21T15:42:15.610+0000] {taskinstance.py:1400} INFO - Marking task as SUCCESS. dag_id=trnsaction_ingestion_gcs_dag, task_id=trsction_load_to_gcp, execution_date=20250321T153900, start_date=20250321T154211, end_date=20250321T154215
[2025-03-21T15:42:15.682+0000] {local_task_job_runner.py:228} INFO - Task exited with return code 0
[2025-03-21T15:42:15.728+0000] {taskinstance.py:2784} INFO - 1 downstream tasks scheduled from follow-on schedule check
