[2025-03-21T15:34:29.870+0000] {taskinstance.py:1159} INFO - Dependencies all met for dep_context=non-requeueable deps ti=<TaskInstance: trnsaction_ingestion_gcs_dag.spark_convert_to_parquet manual__2025-03-21T15:33:50.581893+00:00 [queued]>
[2025-03-21T15:34:29.917+0000] {taskinstance.py:1159} INFO - Dependencies all met for dep_context=requeueable deps ti=<TaskInstance: trnsaction_ingestion_gcs_dag.spark_convert_to_parquet manual__2025-03-21T15:33:50.581893+00:00 [queued]>
[2025-03-21T15:34:29.919+0000] {taskinstance.py:1361} INFO - Starting attempt 1 of 1
[2025-03-21T15:34:29.996+0000] {taskinstance.py:1382} INFO - Executing <Task(SparkSubmitOperator): spark_convert_to_parquet> on 2025-03-21 15:33:50.581893+00:00
[2025-03-21T15:34:30.017+0000] {standard_task_runner.py:57} INFO - Started process 1866 to run task
[2025-03-21T15:34:30.038+0000] {standard_task_runner.py:84} INFO - Running: ['***', 'tasks', 'run', 'trnsaction_ingestion_gcs_dag', 'spark_convert_to_parquet', 'manual__2025-03-21T15:33:50.581893+00:00', '--job-id', '213', '--raw', '--subdir', 'DAGS_FOLDER/etl_trsction_table.py', '--cfg-path', '/tmp/tmpf2qlgzjz']
[2025-03-21T15:34:30.062+0000] {standard_task_runner.py:85} INFO - Job 213: Subtask spark_convert_to_parquet
[2025-03-21T15:34:30.315+0000] {task_command.py:415} INFO - Running <TaskInstance: trnsaction_ingestion_gcs_dag.spark_convert_to_parquet manual__2025-03-21T15:33:50.581893+00:00 [running]> on host 76faeac9fcab
[2025-03-21T15:34:30.695+0000] {taskinstance.py:1660} INFO - Exporting env vars: AIRFLOW_CTX_DAG_OWNER='***' AIRFLOW_CTX_DAG_ID='trnsaction_ingestion_gcs_dag' AIRFLOW_CTX_TASK_ID='spark_convert_to_parquet' AIRFLOW_CTX_EXECUTION_DATE='2025-03-21T15:33:50.581893+00:00' AIRFLOW_CTX_TRY_NUMBER='1' AIRFLOW_CTX_DAG_RUN_ID='manual__2025-03-21T15:33:50.581893+00:00'
[2025-03-21T15:34:30.744+0000] {base.py:73} INFO - Using connection ID 'spark-conn' for task execution.
[2025-03-21T15:34:30.748+0000] {spark_submit.py:340} INFO - Spark-Submit cmd: spark-submit --master spark://spark-master:7077 --name spark-transaction-rename /opt/***/jobs/pyspark_convert_to_parquet.py
[2025-03-21T15:34:31.549+0000] {spark_submit.py:491} INFO - /home/***/.local/lib/python3.9/site-packages/pyspark/bin/load-spark-env.sh: line 68: ps: command not found
[2025-03-21T15:34:48.468+0000] {spark_submit.py:491} INFO - 25/03/21 15:34:48 INFO SparkContext: Running Spark version 3.4.1
[2025-03-21T15:34:49.131+0000] {spark_submit.py:491} INFO - 25/03/21 15:34:49 WARN NativeCodeLoader: Unable to load native-hadoop library for your platform... using builtin-java classes where applicable
[2025-03-21T15:34:50.066+0000] {spark_submit.py:491} INFO - 25/03/21 15:34:50 INFO ResourceUtils: ==============================================================
[2025-03-21T15:34:50.072+0000] {spark_submit.py:491} INFO - 25/03/21 15:34:50 INFO ResourceUtils: No custom resources configured for spark.driver.
[2025-03-21T15:34:50.087+0000] {spark_submit.py:491} INFO - 25/03/21 15:34:50 INFO ResourceUtils: ==============================================================
[2025-03-21T15:34:50.090+0000] {spark_submit.py:491} INFO - 25/03/21 15:34:50 INFO SparkContext: Submitted application: convert_csv_to_parquet
[2025-03-21T15:34:50.265+0000] {spark_submit.py:491} INFO - 25/03/21 15:34:50 INFO ResourceProfile: Default ResourceProfile created, executor resources: Map(cores -> name: cores, amount: 1, script: , vendor: , memory -> name: memory, amount: 1024, script: , vendor: , offHeap -> name: offHeap, amount: 0, script: , vendor: ), task resources: Map(cpus -> name: cpus, amount: 1.0)
[2025-03-21T15:34:50.352+0000] {spark_submit.py:491} INFO - 25/03/21 15:34:50 INFO ResourceProfile: Limiting resource is cpu
[2025-03-21T15:34:50.362+0000] {spark_submit.py:491} INFO - 25/03/21 15:34:50 INFO ResourceProfileManager: Added ResourceProfile id: 0
[2025-03-21T15:34:50.679+0000] {spark_submit.py:491} INFO - 25/03/21 15:34:50 INFO SecurityManager: Changing view acls to: default
[2025-03-21T15:34:50.686+0000] {spark_submit.py:491} INFO - 25/03/21 15:34:50 INFO SecurityManager: Changing modify acls to: default
[2025-03-21T15:34:50.690+0000] {spark_submit.py:491} INFO - 25/03/21 15:34:50 INFO SecurityManager: Changing view acls groups to:
[2025-03-21T15:34:50.692+0000] {spark_submit.py:491} INFO - 25/03/21 15:34:50 INFO SecurityManager: Changing modify acls groups to:
[2025-03-21T15:34:50.695+0000] {spark_submit.py:491} INFO - 25/03/21 15:34:50 INFO SecurityManager: SecurityManager: authentication disabled; ui acls disabled; users with view permissions: default; groups with view permissions: EMPTY; users with modify permissions: default; groups with modify permissions: EMPTY
[2025-03-21T15:34:52.561+0000] {spark_submit.py:491} INFO - 25/03/21 15:34:52 INFO Utils: Successfully started service 'sparkDriver' on port 33367.
[2025-03-21T15:34:52.835+0000] {spark_submit.py:491} INFO - 25/03/21 15:34:52 INFO SparkEnv: Registering MapOutputTracker
[2025-03-21T15:34:53.095+0000] {spark_submit.py:491} INFO - 25/03/21 15:34:53 INFO SparkEnv: Registering BlockManagerMaster
[2025-03-21T15:34:53.237+0000] {spark_submit.py:491} INFO - 25/03/21 15:34:53 INFO BlockManagerMasterEndpoint: Using org.apache.spark.storage.DefaultTopologyMapper for getting topology information
[2025-03-21T15:34:53.246+0000] {spark_submit.py:491} INFO - 25/03/21 15:34:53 INFO BlockManagerMasterEndpoint: BlockManagerMasterEndpoint up
[2025-03-21T15:34:53.291+0000] {spark_submit.py:491} INFO - 25/03/21 15:34:53 INFO SparkEnv: Registering BlockManagerMasterHeartbeat
[2025-03-21T15:34:53.470+0000] {spark_submit.py:491} INFO - 25/03/21 15:34:53 INFO DiskBlockManager: Created local directory at /tmp/blockmgr-1824dedc-5ae6-4a1a-b2a8-5572bd075228
[2025-03-21T15:34:53.576+0000] {spark_submit.py:491} INFO - 25/03/21 15:34:53 INFO MemoryStore: MemoryStore started with capacity 434.4 MiB
[2025-03-21T15:34:53.687+0000] {spark_submit.py:491} INFO - 25/03/21 15:34:53 INFO SparkEnv: Registering OutputCommitCoordinator
[2025-03-21T15:34:54.897+0000] {spark_submit.py:491} INFO - 25/03/21 15:34:54 INFO JettyUtils: Start Jetty 0.0.0.0:4040 for SparkUI
[2025-03-21T15:34:55.240+0000] {spark_submit.py:491} INFO - 25/03/21 15:34:55 INFO Utils: Successfully started service 'SparkUI' on port 4040.
[2025-03-21T15:34:55.852+0000] {spark_submit.py:491} INFO - 25/03/21 15:34:55 INFO Executor: Starting executor ID driver on host 76faeac9fcab
[2025-03-21T15:34:55.894+0000] {spark_submit.py:491} INFO - 25/03/21 15:34:55 INFO Executor: Starting executor with user classpath (userClassPathFirst = false): ''
[2025-03-21T15:34:55.992+0000] {spark_submit.py:491} INFO - 25/03/21 15:34:55 INFO Utils: Successfully started service 'org.apache.spark.network.netty.NettyBlockTransferService' on port 46309.
[2025-03-21T15:34:55.994+0000] {spark_submit.py:491} INFO - 25/03/21 15:34:55 INFO NettyBlockTransferService: Server created on 76faeac9fcab:46309
[2025-03-21T15:34:56.020+0000] {spark_submit.py:491} INFO - 25/03/21 15:34:56 INFO BlockManager: Using org.apache.spark.storage.RandomBlockReplicationPolicy for block replication policy
[2025-03-21T15:34:56.065+0000] {spark_submit.py:491} INFO - 25/03/21 15:34:56 INFO BlockManagerMaster: Registering BlockManager BlockManagerId(driver, 76faeac9fcab, 46309, None)
[2025-03-21T15:34:56.105+0000] {spark_submit.py:491} INFO - 25/03/21 15:34:56 INFO BlockManagerMasterEndpoint: Registering block manager 76faeac9fcab:46309 with 434.4 MiB RAM, BlockManagerId(driver, 76faeac9fcab, 46309, None)
[2025-03-21T15:34:56.121+0000] {spark_submit.py:491} INFO - 25/03/21 15:34:56 INFO BlockManagerMaster: Registered BlockManager BlockManagerId(driver, 76faeac9fcab, 46309, None)
[2025-03-21T15:34:56.131+0000] {spark_submit.py:491} INFO - 25/03/21 15:34:56 INFO BlockManager: Initialized BlockManager: BlockManagerId(driver, 76faeac9fcab, 46309, None)
[2025-03-21T15:34:59.589+0000] {spark_submit.py:491} INFO - 25/03/21 15:34:59 INFO SharedState: Setting hive.metastore.warehouse.dir ('null') to the value of spark.sql.warehouse.dir.
[2025-03-21T15:34:59.704+0000] {spark_submit.py:491} INFO - 25/03/21 15:34:59 INFO SharedState: Warehouse path is 'file:/opt/***/spark-warehouse'.
[2025-03-21T15:35:08.538+0000] {spark_submit.py:491} INFO - Traceback (most recent call last):
[2025-03-21T15:35:08.539+0000] {spark_submit.py:491} INFO - File "/opt/***/jobs/pyspark_convert_to_parquet.py", line 26, in <module>
[2025-03-21T15:35:08.540+0000] {spark_submit.py:491} INFO - trsction = spark.read \
[2025-03-21T15:35:08.541+0000] {spark_submit.py:491} INFO - File "/home/***/.local/lib/python3.9/site-packages/pyspark/python/lib/pyspark.zip/pyspark/sql/readwriter.py", line 727, in csv
[2025-03-21T15:35:08.542+0000] {spark_submit.py:491} INFO - return self._df(self._jreader.csv(self._spark._sc._jvm.PythonUtils.toSeq(path)))
[2025-03-21T15:35:08.542+0000] {spark_submit.py:491} INFO - File "/home/***/.local/lib/python3.9/site-packages/pyspark/python/lib/py4j-0.10.9.7-src.zip/py4j/java_gateway.py", line 1322, in __call__
[2025-03-21T15:35:08.543+0000] {spark_submit.py:491} INFO - return_value = get_return_value(
[2025-03-21T15:35:08.544+0000] {spark_submit.py:491} INFO - File "/home/***/.local/lib/python3.9/site-packages/pyspark/python/lib/pyspark.zip/pyspark/errors/exceptions/captured.py", line 175, in deco
[2025-03-21T15:35:08.545+0000] {spark_submit.py:491} INFO - raise converted from None
[2025-03-21T15:35:08.546+0000] {spark_submit.py:491} INFO - pyspark.errors.exceptions.captured.AnalysisException: [PATH_NOT_FOUND] Path does not exist: file:/opt/***/temp_data/trnsction/trnsction.csv.
[2025-03-21T15:35:08.681+0000] {spark_submit.py:491} INFO - 25/03/21 15:35:08 INFO SparkContext: Invoking stop() from shutdown hook
[2025-03-21T15:35:08.683+0000] {spark_submit.py:491} INFO - 25/03/21 15:35:08 INFO SparkContext: SparkContext is stopping with exitCode 0.
[2025-03-21T15:35:08.713+0000] {spark_submit.py:491} INFO - 25/03/21 15:35:08 INFO SparkUI: Stopped Spark web UI at http://76faeac9fcab:4040
[2025-03-21T15:35:08.759+0000] {spark_submit.py:491} INFO - 25/03/21 15:35:08 INFO MapOutputTrackerMasterEndpoint: MapOutputTrackerMasterEndpoint stopped!
[2025-03-21T15:35:08.835+0000] {spark_submit.py:491} INFO - 25/03/21 15:35:08 INFO MemoryStore: MemoryStore cleared
[2025-03-21T15:35:08.837+0000] {spark_submit.py:491} INFO - 25/03/21 15:35:08 INFO BlockManager: BlockManager stopped
[2025-03-21T15:35:08.861+0000] {spark_submit.py:491} INFO - 25/03/21 15:35:08 INFO BlockManagerMaster: BlockManagerMaster stopped
[2025-03-21T15:35:08.894+0000] {spark_submit.py:491} INFO - 25/03/21 15:35:08 INFO OutputCommitCoordinator$OutputCommitCoordinatorEndpoint: OutputCommitCoordinator stopped!
[2025-03-21T15:35:08.909+0000] {spark_submit.py:491} INFO - 25/03/21 15:35:08 INFO SparkContext: Successfully stopped SparkContext
[2025-03-21T15:35:08.910+0000] {spark_submit.py:491} INFO - 25/03/21 15:35:08 INFO ShutdownHookManager: Shutdown hook called
[2025-03-21T15:35:08.911+0000] {spark_submit.py:491} INFO - 25/03/21 15:35:08 INFO ShutdownHookManager: Deleting directory /tmp/spark-0f9e1310-e984-489b-8638-3c3e1f812949
[2025-03-21T15:35:08.919+0000] {spark_submit.py:491} INFO - 25/03/21 15:35:08 INFO ShutdownHookManager: Deleting directory /tmp/spark-fd7f05cd-9cb7-40f7-acfa-44b5f46da9c4/pyspark-2fef0e30-10f9-494d-9a7b-695e01f94627
[2025-03-21T15:35:08.928+0000] {spark_submit.py:491} INFO - 25/03/21 15:35:08 INFO ShutdownHookManager: Deleting directory /tmp/spark-fd7f05cd-9cb7-40f7-acfa-44b5f46da9c4
[2025-03-21T15:35:09.053+0000] {taskinstance.py:1943} ERROR - Task failed with exception
Traceback (most recent call last):
  File "/home/airflow/.local/lib/python3.9/site-packages/airflow/providers/apache/spark/operators/spark_submit.py", line 156, in execute
    self._hook.submit(self._application)
  File "/home/airflow/.local/lib/python3.9/site-packages/airflow/providers/apache/spark/hooks/spark_submit.py", line 422, in submit
    raise AirflowException(
airflow.exceptions.AirflowException: Cannot execute: spark-submit --master spark://spark-master:7077 --name spark-transaction-rename /opt/***/jobs/pyspark_convert_to_parquet.py. Error code is: 1.
[2025-03-21T15:35:09.063+0000] {taskinstance.py:1400} INFO - Marking task as FAILED. dag_id=trnsaction_ingestion_gcs_dag, task_id=spark_convert_to_parquet, execution_date=20250321T153350, start_date=20250321T153429, end_date=20250321T153509
[2025-03-21T15:35:09.105+0000] {standard_task_runner.py:104} ERROR - Failed to execute job 213 for task spark_convert_to_parquet (Cannot execute: spark-submit --master spark://spark-master:7077 --name spark-transaction-rename /opt/***/jobs/pyspark_convert_to_parquet.py. Error code is: 1.; 1866)
[2025-03-21T15:35:09.139+0000] {local_task_job_runner.py:228} INFO - Task exited with return code 1
[2025-03-21T15:35:09.189+0000] {taskinstance.py:2784} INFO - 0 downstream tasks scheduled from follow-on schedule check
