[2025-03-20T07:55:12.378+0000] {taskinstance.py:1159} INFO - Dependencies all met for dep_context=non-requeueable deps ti=<TaskInstance: trnsaction_ingestion_gcs_dag.spark_convert_to_parquet scheduled__2025-03-20T07:54:14.979658+00:00 [queued]>
[2025-03-20T07:55:12.393+0000] {taskinstance.py:1159} INFO - Dependencies all met for dep_context=requeueable deps ti=<TaskInstance: trnsaction_ingestion_gcs_dag.spark_convert_to_parquet scheduled__2025-03-20T07:54:14.979658+00:00 [queued]>
[2025-03-20T07:55:12.394+0000] {taskinstance.py:1361} INFO - Starting attempt 1 of 1
[2025-03-20T07:55:12.415+0000] {taskinstance.py:1382} INFO - Executing <Task(SparkSubmitOperator): spark_convert_to_parquet> on 2025-03-20 07:54:14.979658+00:00
[2025-03-20T07:55:12.426+0000] {standard_task_runner.py:57} INFO - Started process 1988 to run task
[2025-03-20T07:55:12.436+0000] {standard_task_runner.py:84} INFO - Running: ['***', 'tasks', 'run', 'trnsaction_ingestion_gcs_dag', 'spark_convert_to_parquet', 'scheduled__2025-03-20T07:54:14.979658+00:00', '--job-id', '90', '--raw', '--subdir', 'DAGS_FOLDER/etl_trsction_table.py', '--cfg-path', '/tmp/tmp85v6i0wj']
[2025-03-20T07:55:12.446+0000] {standard_task_runner.py:85} INFO - Job 90: Subtask spark_convert_to_parquet
[2025-03-20T07:55:12.568+0000] {task_command.py:415} INFO - Running <TaskInstance: trnsaction_ingestion_gcs_dag.spark_convert_to_parquet scheduled__2025-03-20T07:54:14.979658+00:00 [running]> on host 2c8eeef746cb
[2025-03-20T07:55:12.727+0000] {taskinstance.py:1660} INFO - Exporting env vars: AIRFLOW_CTX_DAG_OWNER='***' AIRFLOW_CTX_DAG_ID='trnsaction_ingestion_gcs_dag' AIRFLOW_CTX_TASK_ID='spark_convert_to_parquet' AIRFLOW_CTX_EXECUTION_DATE='2025-03-20T07:54:14.979658+00:00' AIRFLOW_CTX_TRY_NUMBER='1' AIRFLOW_CTX_DAG_RUN_ID='scheduled__2025-03-20T07:54:14.979658+00:00'
[2025-03-20T07:55:12.750+0000] {base.py:73} INFO - Using connection ID 'spark-conn' for task execution.
[2025-03-20T07:55:12.753+0000] {spark_submit.py:340} INFO - Spark-Submit cmd: spark-submit --master spark://spark-master:7077 --name spark-transaction-rename /opt/***/jobs/pyspark_convert_to_parquet.py
[2025-03-20T07:55:13.113+0000] {spark_submit.py:491} INFO - /home/***/.local/lib/python3.9/site-packages/pyspark/bin/load-spark-env.sh: line 68: ps: command not found
[2025-03-20T07:55:24.069+0000] {spark_submit.py:491} INFO - 25/03/20 07:55:24 INFO SparkContext: Running Spark version 3.4.1
[2025-03-20T07:55:24.301+0000] {spark_submit.py:491} INFO - 25/03/20 07:55:24 WARN NativeCodeLoader: Unable to load native-hadoop library for your platform... using builtin-java classes where applicable
[2025-03-20T07:55:24.575+0000] {spark_submit.py:491} INFO - 25/03/20 07:55:24 INFO ResourceUtils: ==============================================================
[2025-03-20T07:55:24.576+0000] {spark_submit.py:491} INFO - 25/03/20 07:55:24 INFO ResourceUtils: No custom resources configured for spark.driver.
[2025-03-20T07:55:24.577+0000] {spark_submit.py:491} INFO - 25/03/20 07:55:24 INFO ResourceUtils: ==============================================================
[2025-03-20T07:55:24.579+0000] {spark_submit.py:491} INFO - 25/03/20 07:55:24 INFO SparkContext: Submitted application: convert_csv_to_parquet
[2025-03-20T07:55:24.647+0000] {spark_submit.py:491} INFO - 25/03/20 07:55:24 INFO ResourceProfile: Default ResourceProfile created, executor resources: Map(cores -> name: cores, amount: 1, script: , vendor: , memory -> name: memory, amount: 1024, script: , vendor: , offHeap -> name: offHeap, amount: 0, script: , vendor: ), task resources: Map(cpus -> name: cpus, amount: 1.0)
[2025-03-20T07:55:24.678+0000] {spark_submit.py:491} INFO - 25/03/20 07:55:24 INFO ResourceProfile: Limiting resource is cpu
[2025-03-20T07:55:24.680+0000] {spark_submit.py:491} INFO - 25/03/20 07:55:24 INFO ResourceProfileManager: Added ResourceProfile id: 0
[2025-03-20T07:55:24.870+0000] {spark_submit.py:491} INFO - 25/03/20 07:55:24 INFO SecurityManager: Changing view acls to: default
[2025-03-20T07:55:24.871+0000] {spark_submit.py:491} INFO - 25/03/20 07:55:24 INFO SecurityManager: Changing modify acls to: default
[2025-03-20T07:55:24.872+0000] {spark_submit.py:491} INFO - 25/03/20 07:55:24 INFO SecurityManager: Changing view acls groups to:
[2025-03-20T07:55:24.873+0000] {spark_submit.py:491} INFO - 25/03/20 07:55:24 INFO SecurityManager: Changing modify acls groups to:
[2025-03-20T07:55:24.874+0000] {spark_submit.py:491} INFO - 25/03/20 07:55:24 INFO SecurityManager: SecurityManager: authentication disabled; ui acls disabled; users with view permissions: default; groups with view permissions: EMPTY; users with modify permissions: default; groups with modify permissions: EMPTY
[2025-03-20T07:55:25.611+0000] {spark_submit.py:491} INFO - 25/03/20 07:55:25 INFO Utils: Successfully started service 'sparkDriver' on port 45855.
[2025-03-20T07:55:25.735+0000] {spark_submit.py:491} INFO - 25/03/20 07:55:25 INFO SparkEnv: Registering MapOutputTracker
[2025-03-20T07:55:25.858+0000] {spark_submit.py:491} INFO - 25/03/20 07:55:25 INFO SparkEnv: Registering BlockManagerMaster
[2025-03-20T07:55:25.936+0000] {spark_submit.py:491} INFO - 25/03/20 07:55:25 INFO BlockManagerMasterEndpoint: Using org.apache.spark.storage.DefaultTopologyMapper for getting topology information
[2025-03-20T07:55:25.937+0000] {spark_submit.py:491} INFO - 25/03/20 07:55:25 INFO BlockManagerMasterEndpoint: BlockManagerMasterEndpoint up
[2025-03-20T07:55:25.951+0000] {spark_submit.py:491} INFO - 25/03/20 07:55:25 INFO SparkEnv: Registering BlockManagerMasterHeartbeat
[2025-03-20T07:55:26.049+0000] {spark_submit.py:491} INFO - 25/03/20 07:55:26 INFO DiskBlockManager: Created local directory at /tmp/blockmgr-6acca1f5-1123-4c49-be47-38b6fb9b55ea
[2025-03-20T07:55:26.097+0000] {spark_submit.py:491} INFO - 25/03/20 07:55:26 INFO MemoryStore: MemoryStore started with capacity 434.4 MiB
[2025-03-20T07:55:26.148+0000] {spark_submit.py:491} INFO - 25/03/20 07:55:26 INFO SparkEnv: Registering OutputCommitCoordinator
[2025-03-20T07:55:26.636+0000] {spark_submit.py:491} INFO - 25/03/20 07:55:26 INFO JettyUtils: Start Jetty 0.0.0.0:4040 for SparkUI
[2025-03-20T07:55:26.854+0000] {spark_submit.py:491} INFO - 25/03/20 07:55:26 INFO Utils: Successfully started service 'SparkUI' on port 4040.
[2025-03-20T07:55:27.118+0000] {spark_submit.py:491} INFO - 25/03/20 07:55:27 INFO Executor: Starting executor ID driver on host 2c8eeef746cb
[2025-03-20T07:55:27.133+0000] {spark_submit.py:491} INFO - 25/03/20 07:55:27 INFO Executor: Starting executor with user classpath (userClassPathFirst = false): ''
[2025-03-20T07:55:27.186+0000] {spark_submit.py:491} INFO - 25/03/20 07:55:27 INFO Utils: Successfully started service 'org.apache.spark.network.netty.NettyBlockTransferService' on port 33027.
[2025-03-20T07:55:27.186+0000] {spark_submit.py:491} INFO - 25/03/20 07:55:27 INFO NettyBlockTransferService: Server created on 2c8eeef746cb:33027
[2025-03-20T07:55:27.193+0000] {spark_submit.py:491} INFO - 25/03/20 07:55:27 INFO BlockManager: Using org.apache.spark.storage.RandomBlockReplicationPolicy for block replication policy
[2025-03-20T07:55:27.213+0000] {spark_submit.py:491} INFO - 25/03/20 07:55:27 INFO BlockManagerMaster: Registering BlockManager BlockManagerId(driver, 2c8eeef746cb, 33027, None)
[2025-03-20T07:55:27.225+0000] {spark_submit.py:491} INFO - 25/03/20 07:55:27 INFO BlockManagerMasterEndpoint: Registering block manager 2c8eeef746cb:33027 with 434.4 MiB RAM, BlockManagerId(driver, 2c8eeef746cb, 33027, None)
[2025-03-20T07:55:27.230+0000] {spark_submit.py:491} INFO - 25/03/20 07:55:27 INFO BlockManagerMaster: Registered BlockManager BlockManagerId(driver, 2c8eeef746cb, 33027, None)
[2025-03-20T07:55:27.233+0000] {spark_submit.py:491} INFO - 25/03/20 07:55:27 INFO BlockManager: Initialized BlockManager: BlockManagerId(driver, 2c8eeef746cb, 33027, None)
[2025-03-20T07:55:28.750+0000] {spark_submit.py:491} INFO - 25/03/20 07:55:28 INFO SharedState: Setting hive.metastore.warehouse.dir ('null') to the value of spark.sql.warehouse.dir.
[2025-03-20T07:55:28.777+0000] {spark_submit.py:491} INFO - 25/03/20 07:55:28 INFO SharedState: Warehouse path is 'file:/opt/***/spark-warehouse'.
[2025-03-20T07:55:31.895+0000] {spark_submit.py:491} INFO - 25/03/20 07:55:31 INFO InMemoryFileIndex: It took 126 ms to list leaf files for 1 paths.
[2025-03-20T07:55:37.218+0000] {spark_submit.py:491} INFO - 25/03/20 07:55:37 INFO FileSourceStrategy: Pushed Filters:
[2025-03-20T07:55:37.260+0000] {spark_submit.py:491} INFO - 25/03/20 07:55:37 INFO FileSourceStrategy: Post-Scan Filters:
[2025-03-20T07:55:37.598+0000] {spark_submit.py:491} INFO - 25/03/20 07:55:37 INFO ParquetUtils: Using default output committer for Parquet: org.apache.parquet.hadoop.ParquetOutputCommitter
[2025-03-20T07:55:37.697+0000] {spark_submit.py:491} INFO - 25/03/20 07:55:37 INFO FileOutputCommitter: File Output Committer Algorithm version is 1
[2025-03-20T07:55:37.697+0000] {spark_submit.py:491} INFO - 25/03/20 07:55:37 INFO FileOutputCommitter: FileOutputCommitter skip cleanup _temporary folders under output directory:false, ignore cleanup failures: false
[2025-03-20T07:55:37.700+0000] {spark_submit.py:491} INFO - 25/03/20 07:55:37 INFO SQLHadoopMapReduceCommitProtocol: Using user defined output committer class org.apache.parquet.hadoop.ParquetOutputCommitter
[2025-03-20T07:55:37.701+0000] {spark_submit.py:491} INFO - 25/03/20 07:55:37 INFO FileOutputCommitter: File Output Committer Algorithm version is 1
[2025-03-20T07:55:37.701+0000] {spark_submit.py:491} INFO - 25/03/20 07:55:37 INFO FileOutputCommitter: FileOutputCommitter skip cleanup _temporary folders under output directory:false, ignore cleanup failures: false
[2025-03-20T07:55:37.702+0000] {spark_submit.py:491} INFO - 25/03/20 07:55:37 INFO SQLHadoopMapReduceCommitProtocol: Using output committer class org.apache.parquet.hadoop.ParquetOutputCommitter
[2025-03-20T07:55:39.097+0000] {spark_submit.py:491} INFO - 25/03/20 07:55:39 INFO CodeGenerator: Code generated in 628.197587 ms
[2025-03-20T07:55:39.263+0000] {spark_submit.py:491} INFO - 25/03/20 07:55:39 INFO MemoryStore: Block broadcast_0 stored as values in memory (estimated size 199.2 KiB, free 434.2 MiB)
[2025-03-20T07:55:39.414+0000] {spark_submit.py:491} INFO - 25/03/20 07:55:39 INFO MemoryStore: Block broadcast_0_piece0 stored as bytes in memory (estimated size 34.1 KiB, free 434.2 MiB)
[2025-03-20T07:55:39.422+0000] {spark_submit.py:491} INFO - 25/03/20 07:55:39 INFO BlockManagerInfo: Added broadcast_0_piece0 in memory on 2c8eeef746cb:33027 (size: 34.1 KiB, free: 434.4 MiB)
[2025-03-20T07:55:39.431+0000] {spark_submit.py:491} INFO - 25/03/20 07:55:39 INFO SparkContext: Created broadcast 0 from parquet at NativeMethodAccessorImpl.java:0
[2025-03-20T07:55:39.485+0000] {spark_submit.py:491} INFO - 25/03/20 07:55:39 INFO FileSourceScanExec: Planning scan with bin packing, max size: 134217728 bytes, open cost is considered as scanning 4194304 bytes.
[2025-03-20T07:55:39.834+0000] {spark_submit.py:491} INFO - 25/03/20 07:55:39 INFO SparkContext: Starting job: parquet at NativeMethodAccessorImpl.java:0
[2025-03-20T07:55:39.876+0000] {spark_submit.py:491} INFO - 25/03/20 07:55:39 INFO DAGScheduler: Got job 0 (parquet at NativeMethodAccessorImpl.java:0) with 1 output partitions
[2025-03-20T07:55:39.877+0000] {spark_submit.py:491} INFO - 25/03/20 07:55:39 INFO DAGScheduler: Final stage: ResultStage 0 (parquet at NativeMethodAccessorImpl.java:0)
[2025-03-20T07:55:39.878+0000] {spark_submit.py:491} INFO - 25/03/20 07:55:39 INFO DAGScheduler: Parents of final stage: List()
[2025-03-20T07:55:39.880+0000] {spark_submit.py:491} INFO - 25/03/20 07:55:39 INFO DAGScheduler: Missing parents: List()
[2025-03-20T07:55:39.892+0000] {spark_submit.py:491} INFO - 25/03/20 07:55:39 INFO DAGScheduler: Submitting ResultStage 0 (MapPartitionsRDD[4] at parquet at NativeMethodAccessorImpl.java:0), which has no missing parents
[2025-03-20T07:55:40.216+0000] {spark_submit.py:491} INFO - 25/03/20 07:55:40 INFO MemoryStore: Block broadcast_1 stored as values in memory (estimated size 222.8 KiB, free 434.0 MiB)
[2025-03-20T07:55:40.233+0000] {spark_submit.py:491} INFO - 25/03/20 07:55:40 INFO MemoryStore: Block broadcast_1_piece0 stored as bytes in memory (estimated size 79.8 KiB, free 433.9 MiB)
[2025-03-20T07:55:40.235+0000] {spark_submit.py:491} INFO - 25/03/20 07:55:40 INFO BlockManagerInfo: Added broadcast_1_piece0 in memory on 2c8eeef746cb:33027 (size: 79.8 KiB, free: 434.3 MiB)
[2025-03-20T07:55:40.237+0000] {spark_submit.py:491} INFO - 25/03/20 07:55:40 INFO SparkContext: Created broadcast 1 from broadcast at DAGScheduler.scala:1535
[2025-03-20T07:55:40.276+0000] {spark_submit.py:491} INFO - 25/03/20 07:55:40 INFO DAGScheduler: Submitting 1 missing tasks from ResultStage 0 (MapPartitionsRDD[4] at parquet at NativeMethodAccessorImpl.java:0) (first 15 tasks are for partitions Vector(0))
[2025-03-20T07:55:40.280+0000] {spark_submit.py:491} INFO - 25/03/20 07:55:40 INFO TaskSchedulerImpl: Adding task set 0.0 with 1 tasks resource profile 0
[2025-03-20T07:55:40.457+0000] {spark_submit.py:491} INFO - 25/03/20 07:55:40 INFO TaskSetManager: Starting task 0.0 in stage 0.0 (TID 0) (2c8eeef746cb, executor driver, partition 0, PROCESS_LOCAL, 8328 bytes)
[2025-03-20T07:55:40.500+0000] {spark_submit.py:491} INFO - 25/03/20 07:55:40 INFO Executor: Running task 0.0 in stage 0.0 (TID 0)
[2025-03-20T07:55:40.813+0000] {spark_submit.py:491} INFO - 25/03/20 07:55:40 INFO FileOutputCommitter: File Output Committer Algorithm version is 1
[2025-03-20T07:55:40.814+0000] {spark_submit.py:491} INFO - 25/03/20 07:55:40 INFO FileOutputCommitter: FileOutputCommitter skip cleanup _temporary folders under output directory:false, ignore cleanup failures: false
[2025-03-20T07:55:40.815+0000] {spark_submit.py:491} INFO - 25/03/20 07:55:40 INFO SQLHadoopMapReduceCommitProtocol: Using user defined output committer class org.apache.parquet.hadoop.ParquetOutputCommitter
[2025-03-20T07:55:40.815+0000] {spark_submit.py:491} INFO - 25/03/20 07:55:40 INFO FileOutputCommitter: File Output Committer Algorithm version is 1
[2025-03-20T07:55:40.816+0000] {spark_submit.py:491} INFO - 25/03/20 07:55:40 INFO FileOutputCommitter: FileOutputCommitter skip cleanup _temporary folders under output directory:false, ignore cleanup failures: false
[2025-03-20T07:55:40.816+0000] {spark_submit.py:491} INFO - 25/03/20 07:55:40 INFO SQLHadoopMapReduceCommitProtocol: Using output committer class org.apache.parquet.hadoop.ParquetOutputCommitter
[2025-03-20T07:55:40.831+0000] {spark_submit.py:491} INFO - 25/03/20 07:55:40 INFO CodecConfig: Compression: SNAPPY
[2025-03-20T07:55:40.838+0000] {spark_submit.py:491} INFO - 25/03/20 07:55:40 INFO CodecConfig: Compression: SNAPPY
[2025-03-20T07:55:40.894+0000] {spark_submit.py:491} INFO - 25/03/20 07:55:40 INFO ParquetOutputFormat: ParquetRecordWriter [block size: 134217728b, row group padding size: 8388608b, validating: false]
[2025-03-20T07:55:40.951+0000] {spark_submit.py:491} INFO - 25/03/20 07:55:40 INFO ParquetWriteSupport: Initialized Parquet WriteSupport with Catalyst schema:
[2025-03-20T07:55:40.952+0000] {spark_submit.py:491} INFO - {
[2025-03-20T07:55:40.952+0000] {spark_submit.py:491} INFO - "type" : "struct",
[2025-03-20T07:55:40.952+0000] {spark_submit.py:491} INFO - "fields" : [ {
[2025-03-20T07:55:40.953+0000] {spark_submit.py:491} INFO - "name" : "id",
[2025-03-20T07:55:40.953+0000] {spark_submit.py:491} INFO - "type" : "integer",
[2025-03-20T07:55:40.953+0000] {spark_submit.py:491} INFO - "nullable" : true,
[2025-03-20T07:55:40.953+0000] {spark_submit.py:491} INFO - "metadata" : { }
[2025-03-20T07:55:40.953+0000] {spark_submit.py:491} INFO - }, {
[2025-03-20T07:55:40.954+0000] {spark_submit.py:491} INFO - "name" : "date",
[2025-03-20T07:55:40.954+0000] {spark_submit.py:491} INFO - "type" : "string",
[2025-03-20T07:55:40.954+0000] {spark_submit.py:491} INFO - "nullable" : true,
[2025-03-20T07:55:40.954+0000] {spark_submit.py:491} INFO - "metadata" : { }
[2025-03-20T07:55:40.955+0000] {spark_submit.py:491} INFO - }, {
[2025-03-20T07:55:40.955+0000] {spark_submit.py:491} INFO - "name" : "client_id",
[2025-03-20T07:55:40.955+0000] {spark_submit.py:491} INFO - "type" : "integer",
[2025-03-20T07:55:40.955+0000] {spark_submit.py:491} INFO - "nullable" : true,
[2025-03-20T07:55:40.956+0000] {spark_submit.py:491} INFO - "metadata" : { }
[2025-03-20T07:55:40.956+0000] {spark_submit.py:491} INFO - }, {
[2025-03-20T07:55:40.956+0000] {spark_submit.py:491} INFO - "name" : "card_id",
[2025-03-20T07:55:40.956+0000] {spark_submit.py:491} INFO - "type" : "integer",
[2025-03-20T07:55:40.956+0000] {spark_submit.py:491} INFO - "nullable" : true,
[2025-03-20T07:55:40.957+0000] {spark_submit.py:491} INFO - "metadata" : { }
[2025-03-20T07:55:40.957+0000] {spark_submit.py:491} INFO - }, {
[2025-03-20T07:55:40.957+0000] {spark_submit.py:491} INFO - "name" : "amount",
[2025-03-20T07:55:40.957+0000] {spark_submit.py:491} INFO - "type" : "string",
[2025-03-20T07:55:40.958+0000] {spark_submit.py:491} INFO - "nullable" : true,
[2025-03-20T07:55:40.958+0000] {spark_submit.py:491} INFO - "metadata" : { }
[2025-03-20T07:55:40.958+0000] {spark_submit.py:491} INFO - }, {
[2025-03-20T07:55:40.958+0000] {spark_submit.py:491} INFO - "name" : "use_chip",
[2025-03-20T07:55:40.958+0000] {spark_submit.py:491} INFO - "type" : "string",
[2025-03-20T07:55:40.959+0000] {spark_submit.py:491} INFO - "nullable" : true,
[2025-03-20T07:55:40.959+0000] {spark_submit.py:491} INFO - "metadata" : { }
[2025-03-20T07:55:40.959+0000] {spark_submit.py:491} INFO - }, {
[2025-03-20T07:55:40.959+0000] {spark_submit.py:491} INFO - "name" : "merchant_id",
[2025-03-20T07:55:40.959+0000] {spark_submit.py:491} INFO - "type" : "integer",
[2025-03-20T07:55:40.960+0000] {spark_submit.py:491} INFO - "nullable" : true,
[2025-03-20T07:55:40.960+0000] {spark_submit.py:491} INFO - "metadata" : { }
[2025-03-20T07:55:40.960+0000] {spark_submit.py:491} INFO - }, {
[2025-03-20T07:55:40.960+0000] {spark_submit.py:491} INFO - "name" : "merchant_city",
[2025-03-20T07:55:40.960+0000] {spark_submit.py:491} INFO - "type" : "string",
[2025-03-20T07:55:40.961+0000] {spark_submit.py:491} INFO - "nullable" : false,
[2025-03-20T07:55:40.961+0000] {spark_submit.py:491} INFO - "metadata" : { }
[2025-03-20T07:55:40.961+0000] {spark_submit.py:491} INFO - }, {
[2025-03-20T07:55:40.961+0000] {spark_submit.py:491} INFO - "name" : "merchant_state",
[2025-03-20T07:55:40.961+0000] {spark_submit.py:491} INFO - "type" : "string",
[2025-03-20T07:55:40.962+0000] {spark_submit.py:491} INFO - "nullable" : false,
[2025-03-20T07:55:40.962+0000] {spark_submit.py:491} INFO - "metadata" : { }
[2025-03-20T07:55:40.962+0000] {spark_submit.py:491} INFO - }, {
[2025-03-20T07:55:40.962+0000] {spark_submit.py:491} INFO - "name" : "zip",
[2025-03-20T07:55:40.962+0000] {spark_submit.py:491} INFO - "type" : "string",
[2025-03-20T07:55:40.963+0000] {spark_submit.py:491} INFO - "nullable" : true,
[2025-03-20T07:55:40.963+0000] {spark_submit.py:491} INFO - "metadata" : { }
[2025-03-20T07:55:40.963+0000] {spark_submit.py:491} INFO - }, {
[2025-03-20T07:55:40.963+0000] {spark_submit.py:491} INFO - "name" : "mcc",
[2025-03-20T07:55:40.963+0000] {spark_submit.py:491} INFO - "type" : "string",
[2025-03-20T07:55:40.964+0000] {spark_submit.py:491} INFO - "nullable" : true,
[2025-03-20T07:55:40.964+0000] {spark_submit.py:491} INFO - "metadata" : { }
[2025-03-20T07:55:40.964+0000] {spark_submit.py:491} INFO - }, {
[2025-03-20T07:55:40.964+0000] {spark_submit.py:491} INFO - "name" : "errors",
[2025-03-20T07:55:40.964+0000] {spark_submit.py:491} INFO - "type" : "string",
[2025-03-20T07:55:40.965+0000] {spark_submit.py:491} INFO - "nullable" : false,
[2025-03-20T07:55:40.965+0000] {spark_submit.py:491} INFO - "metadata" : { }
[2025-03-20T07:55:40.965+0000] {spark_submit.py:491} INFO - } ]
[2025-03-20T07:55:40.965+0000] {spark_submit.py:491} INFO - }
[2025-03-20T07:55:40.965+0000] {spark_submit.py:491} INFO - and corresponding Parquet message type:
[2025-03-20T07:55:40.966+0000] {spark_submit.py:491} INFO - message spark_schema {
[2025-03-20T07:55:40.966+0000] {spark_submit.py:491} INFO - optional int32 id;
[2025-03-20T07:55:40.966+0000] {spark_submit.py:491} INFO - optional binary date (STRING);
[2025-03-20T07:55:40.966+0000] {spark_submit.py:491} INFO - optional int32 client_id;
[2025-03-20T07:55:40.967+0000] {spark_submit.py:491} INFO - optional int32 card_id;
[2025-03-20T07:55:40.967+0000] {spark_submit.py:491} INFO - optional binary amount (STRING);
[2025-03-20T07:55:40.967+0000] {spark_submit.py:491} INFO - optional binary use_chip (STRING);
[2025-03-20T07:55:40.967+0000] {spark_submit.py:491} INFO - optional int32 merchant_id;
[2025-03-20T07:55:40.968+0000] {spark_submit.py:491} INFO - required binary merchant_city (STRING);
[2025-03-20T07:55:40.968+0000] {spark_submit.py:491} INFO - required binary merchant_state (STRING);
[2025-03-20T07:55:40.968+0000] {spark_submit.py:491} INFO - optional binary zip (STRING);
[2025-03-20T07:55:40.968+0000] {spark_submit.py:491} INFO - optional binary mcc (STRING);
[2025-03-20T07:55:40.968+0000] {spark_submit.py:491} INFO - required binary errors (STRING);
[2025-03-20T07:55:40.969+0000] {spark_submit.py:491} INFO - }
[2025-03-20T07:55:40.969+0000] {spark_submit.py:491} INFO - 
[2025-03-20T07:55:40.970+0000] {spark_submit.py:491} INFO - 
[2025-03-20T07:55:41.103+0000] {spark_submit.py:491} INFO - 25/03/20 07:55:41 INFO CodecPool: Got brand-new compressor [.snappy]
[2025-03-20T07:55:41.556+0000] {spark_submit.py:491} INFO - 25/03/20 07:55:41 INFO FileScanRDD: Reading File path: file:///opt/***/temp_data/dimension/trnsction/trnsction.csv, range: 0-134217728, partition values: [empty row]
[2025-03-20T07:55:41.625+0000] {spark_submit.py:491} INFO - 25/03/20 07:55:41 INFO CodeGenerator: Code generated in 39.680059 ms
[2025-03-20T07:55:41.771+0000] {spark_submit.py:491} INFO - 25/03/20 07:55:41 WARN CSVHeaderChecker: Number of column in CSV header is not equal to number of fields in the schema:
[2025-03-20T07:55:41.772+0000] {spark_submit.py:491} INFO - Header length: 1, schema size: 12
[2025-03-20T07:55:41.773+0000] {spark_submit.py:491} INFO - CSV file: file:///opt/***/temp_data/dimension/trnsction/trnsction.csv
[2025-03-20T07:56:26.975+0000] {spark_submit.py:491} INFO - 25/03/20 07:56:26 INFO FileScanRDD: Reading File path: file:///opt/***/temp_data/dimension/trnsction/trnsction.csv, range: 134217728-268435456, partition values: [empty row]
[2025-03-20T07:57:12.203+0000] {spark_submit.py:491} INFO - 25/03/20 07:57:12 INFO FileScanRDD: Reading File path: file:///opt/***/temp_data/dimension/trnsction/trnsction.csv, range: 268435456-318854564, partition values: [empty row]
[2025-03-20T07:57:29.676+0000] {spark_submit.py:491} INFO - 25/03/20 07:57:29 INFO FileOutputCommitter: Saved output of task 'attempt_202503200755398984679578991797113_0000_m_000000_0' to file:/opt/***/trnsction.parquet/_temporary/0/task_202503200755398984679578991797113_0000_m_000000
[2025-03-20T07:57:29.678+0000] {spark_submit.py:491} INFO - 25/03/20 07:57:29 INFO SparkHadoopMapRedUtil: attempt_202503200755398984679578991797113_0000_m_000000_0: Committed. Elapsed time: 1 ms.
[2025-03-20T07:57:29.771+0000] {spark_submit.py:491} INFO - 25/03/20 07:57:29 INFO Executor: Finished task 0.0 in stage 0.0 (TID 0). 2613 bytes result sent to driver
[2025-03-20T07:57:29.804+0000] {spark_submit.py:491} INFO - 25/03/20 07:57:29 INFO TaskSetManager: Finished task 0.0 in stage 0.0 (TID 0) in 109413 ms on 2c8eeef746cb (executor driver) (1/1)
[2025-03-20T07:57:29.809+0000] {spark_submit.py:491} INFO - 25/03/20 07:57:29 INFO TaskSchedulerImpl: Removed TaskSet 0.0, whose tasks have all completed, from pool
[2025-03-20T07:57:29.819+0000] {spark_submit.py:491} INFO - 25/03/20 07:57:29 INFO DAGScheduler: ResultStage 0 (parquet at NativeMethodAccessorImpl.java:0) finished in 109.900 s
[2025-03-20T07:57:29.826+0000] {spark_submit.py:491} INFO - 25/03/20 07:57:29 INFO DAGScheduler: Job 0 is finished. Cancelling potential speculative or zombie tasks for this job
[2025-03-20T07:57:29.827+0000] {spark_submit.py:491} INFO - 25/03/20 07:57:29 INFO TaskSchedulerImpl: Killing all running tasks in stage 0: Stage finished
[2025-03-20T07:57:29.832+0000] {spark_submit.py:491} INFO - 25/03/20 07:57:29 INFO DAGScheduler: Job 0 finished: parquet at NativeMethodAccessorImpl.java:0, took 109.997147 s
[2025-03-20T07:57:29.841+0000] {spark_submit.py:491} INFO - 25/03/20 07:57:29 INFO FileFormatWriter: Start to commit write Job 584b9754-2b05-4dff-a011-9e8eff54cddc.
[2025-03-20T07:57:29.905+0000] {spark_submit.py:491} INFO - 25/03/20 07:57:29 INFO FileFormatWriter: Write Job 584b9754-2b05-4dff-a011-9e8eff54cddc committed. Elapsed time: 61 ms.
[2025-03-20T07:57:29.913+0000] {spark_submit.py:491} INFO - 25/03/20 07:57:29 INFO FileFormatWriter: Finished processing stats for write job 584b9754-2b05-4dff-a011-9e8eff54cddc.
[2025-03-20T07:57:30.109+0000] {spark_submit.py:491} INFO - 25/03/20 07:57:30 INFO SparkContext: Invoking stop() from shutdown hook
[2025-03-20T07:57:30.110+0000] {spark_submit.py:491} INFO - 25/03/20 07:57:30 INFO SparkContext: SparkContext is stopping with exitCode 0.
[2025-03-20T07:57:30.136+0000] {spark_submit.py:491} INFO - 25/03/20 07:57:30 INFO SparkUI: Stopped Spark web UI at http://2c8eeef746cb:4040
[2025-03-20T07:57:30.175+0000] {spark_submit.py:491} INFO - 25/03/20 07:57:30 INFO MapOutputTrackerMasterEndpoint: MapOutputTrackerMasterEndpoint stopped!
[2025-03-20T07:57:30.201+0000] {spark_submit.py:491} INFO - 25/03/20 07:57:30 INFO MemoryStore: MemoryStore cleared
[2025-03-20T07:57:30.202+0000] {spark_submit.py:491} INFO - 25/03/20 07:57:30 INFO BlockManager: BlockManager stopped
[2025-03-20T07:57:30.221+0000] {spark_submit.py:491} INFO - 25/03/20 07:57:30 INFO BlockManagerMaster: BlockManagerMaster stopped
[2025-03-20T07:57:30.228+0000] {spark_submit.py:491} INFO - 25/03/20 07:57:30 INFO OutputCommitCoordinator$OutputCommitCoordinatorEndpoint: OutputCommitCoordinator stopped!
[2025-03-20T07:57:30.240+0000] {spark_submit.py:491} INFO - 25/03/20 07:57:30 INFO SparkContext: Successfully stopped SparkContext
[2025-03-20T07:57:30.241+0000] {spark_submit.py:491} INFO - 25/03/20 07:57:30 INFO ShutdownHookManager: Shutdown hook called
[2025-03-20T07:57:30.243+0000] {spark_submit.py:491} INFO - 25/03/20 07:57:30 INFO ShutdownHookManager: Deleting directory /tmp/spark-10c3dcd2-ff8b-45e9-bfd3-17988dd614df
[2025-03-20T07:57:30.250+0000] {spark_submit.py:491} INFO - 25/03/20 07:57:30 INFO ShutdownHookManager: Deleting directory /tmp/spark-459ac67c-e5b9-4cd8-952c-18dac71421e9
[2025-03-20T07:57:30.258+0000] {spark_submit.py:491} INFO - 25/03/20 07:57:30 INFO ShutdownHookManager: Deleting directory /tmp/spark-459ac67c-e5b9-4cd8-952c-18dac71421e9/pyspark-f2504b03-b768-474d-8b33-424bbbfc58b2
[2025-03-20T07:57:30.393+0000] {taskinstance.py:1400} INFO - Marking task as SUCCESS. dag_id=trnsaction_ingestion_gcs_dag, task_id=spark_convert_to_parquet, execution_date=20250320T075414, start_date=20250320T075512, end_date=20250320T075730
[2025-03-20T07:57:30.462+0000] {local_task_job_runner.py:228} INFO - Task exited with return code 0
[2025-03-20T07:57:30.502+0000] {taskinstance.py:2784} INFO - 1 downstream tasks scheduled from follow-on schedule check
