[2025-03-21T15:59:29.318+0000] {processor.py:157} INFO - Started process (PID=2041) to work on /opt/airflow/dags/elt_dbt.py
[2025-03-21T15:59:29.320+0000] {processor.py:829} INFO - Processing file /opt/airflow/dags/elt_dbt.py for tasks to queue
[2025-03-21T15:59:29.322+0000] {logging_mixin.py:151} INFO - [2025-03-21T15:59:29.321+0000] {dagbag.py:539} INFO - Filling up the DagBag from /opt/airflow/dags/elt_dbt.py
[2025-03-21T15:59:29.347+0000] {processor.py:839} INFO - DAG(s) dict_keys(['dbt_core_pipeline']) retrieved from /opt/airflow/dags/elt_dbt.py
[2025-03-21T15:59:29.569+0000] {logging_mixin.py:151} INFO - [2025-03-21T15:59:29.569+0000] {manager.py:501} INFO - Created Permission View: can read on DAG:dbt_core_pipeline
[2025-03-21T15:59:29.596+0000] {logging_mixin.py:151} INFO - [2025-03-21T15:59:29.595+0000] {manager.py:501} INFO - Created Permission View: can edit on DAG:dbt_core_pipeline
[2025-03-21T15:59:29.615+0000] {logging_mixin.py:151} INFO - [2025-03-21T15:59:29.615+0000] {manager.py:501} INFO - Created Permission View: can delete on DAG:dbt_core_pipeline
[2025-03-21T15:59:29.646+0000] {logging_mixin.py:151} INFO - [2025-03-21T15:59:29.645+0000] {dag.py:2907} INFO - Sync 1 DAGs
[2025-03-21T15:59:29.668+0000] {logging_mixin.py:151} INFO - [2025-03-21T15:59:29.667+0000] {dag.py:2929} INFO - Creating ORM DAG for dbt_core_pipeline
[2025-03-21T15:59:29.688+0000] {logging_mixin.py:151} INFO - [2025-03-21T15:59:29.687+0000] {dag.py:3677} INFO - Setting next_dagrun for dbt_core_pipeline to 2024-03-21T00:00:00+00:00, run_after=2024-03-21T00:00:00+00:00
[2025-03-21T15:59:29.727+0000] {processor.py:179} INFO - Processing /opt/airflow/dags/elt_dbt.py took 0.417 seconds
[2025-03-21T16:00:00.242+0000] {processor.py:157} INFO - Started process (PID=2051) to work on /opt/airflow/dags/elt_dbt.py
[2025-03-21T16:00:00.244+0000] {processor.py:829} INFO - Processing file /opt/airflow/dags/elt_dbt.py for tasks to queue
[2025-03-21T16:00:00.245+0000] {logging_mixin.py:151} INFO - [2025-03-21T16:00:00.245+0000] {dagbag.py:539} INFO - Filling up the DagBag from /opt/airflow/dags/elt_dbt.py
[2025-03-21T16:00:00.264+0000] {processor.py:839} INFO - DAG(s) dict_keys(['dbt_core_pipeline']) retrieved from /opt/airflow/dags/elt_dbt.py
[2025-03-21T16:00:00.321+0000] {logging_mixin.py:151} INFO - [2025-03-21T16:00:00.320+0000] {dag.py:2907} INFO - Sync 1 DAGs
[2025-03-21T16:00:00.367+0000] {logging_mixin.py:151} INFO - [2025-03-21T16:00:00.366+0000] {dag.py:3677} INFO - Setting next_dagrun for dbt_core_pipeline to 2024-03-21T00:00:00+00:00, run_after=2024-03-21T00:00:00+00:00
[2025-03-21T16:00:00.400+0000] {processor.py:179} INFO - Processing /opt/airflow/dags/elt_dbt.py took 0.164 seconds
[2025-03-21T16:00:30.645+0000] {processor.py:157} INFO - Started process (PID=2062) to work on /opt/airflow/dags/elt_dbt.py
[2025-03-21T16:00:30.649+0000] {processor.py:829} INFO - Processing file /opt/airflow/dags/elt_dbt.py for tasks to queue
[2025-03-21T16:00:30.651+0000] {logging_mixin.py:151} INFO - [2025-03-21T16:00:30.651+0000] {dagbag.py:539} INFO - Filling up the DagBag from /opt/airflow/dags/elt_dbt.py
[2025-03-21T16:00:30.678+0000] {processor.py:839} INFO - DAG(s) dict_keys(['dbt_core_pipeline']) retrieved from /opt/airflow/dags/elt_dbt.py
[2025-03-21T16:00:30.748+0000] {logging_mixin.py:151} INFO - [2025-03-21T16:00:30.748+0000] {dag.py:2907} INFO - Sync 1 DAGs
[2025-03-21T16:00:30.810+0000] {logging_mixin.py:151} INFO - [2025-03-21T16:00:30.809+0000] {dag.py:3677} INFO - Setting next_dagrun for dbt_core_pipeline to 2024-03-21T00:00:00+00:00, run_after=2024-03-21T00:00:00+00:00
[2025-03-21T16:00:30.859+0000] {processor.py:179} INFO - Processing /opt/airflow/dags/elt_dbt.py took 0.223 seconds
[2025-03-21T16:01:01.120+0000] {processor.py:157} INFO - Started process (PID=2071) to work on /opt/airflow/dags/elt_dbt.py
[2025-03-21T16:01:01.123+0000] {processor.py:829} INFO - Processing file /opt/airflow/dags/elt_dbt.py for tasks to queue
[2025-03-21T16:01:01.126+0000] {logging_mixin.py:151} INFO - [2025-03-21T16:01:01.125+0000] {dagbag.py:539} INFO - Filling up the DagBag from /opt/airflow/dags/elt_dbt.py
[2025-03-21T16:01:01.146+0000] {processor.py:839} INFO - DAG(s) dict_keys(['dbt_core_pipeline']) retrieved from /opt/airflow/dags/elt_dbt.py
[2025-03-21T16:01:01.205+0000] {logging_mixin.py:151} INFO - [2025-03-21T16:01:01.204+0000] {dag.py:2907} INFO - Sync 1 DAGs
[2025-03-21T16:01:01.254+0000] {logging_mixin.py:151} INFO - [2025-03-21T16:01:01.253+0000] {dag.py:3677} INFO - Setting next_dagrun for dbt_core_pipeline to 2024-03-21T00:00:00+00:00, run_after=2024-03-21T00:00:00+00:00
[2025-03-21T16:01:01.290+0000] {processor.py:179} INFO - Processing /opt/airflow/dags/elt_dbt.py took 0.178 seconds
[2025-03-21T16:01:31.364+0000] {processor.py:157} INFO - Started process (PID=2081) to work on /opt/airflow/dags/elt_dbt.py
[2025-03-21T16:01:31.367+0000] {processor.py:829} INFO - Processing file /opt/airflow/dags/elt_dbt.py for tasks to queue
[2025-03-21T16:01:31.369+0000] {logging_mixin.py:151} INFO - [2025-03-21T16:01:31.368+0000] {dagbag.py:539} INFO - Filling up the DagBag from /opt/airflow/dags/elt_dbt.py
[2025-03-21T16:01:31.395+0000] {processor.py:839} INFO - DAG(s) dict_keys(['dbt_core_pipeline']) retrieved from /opt/airflow/dags/elt_dbt.py
[2025-03-21T16:01:31.449+0000] {logging_mixin.py:151} INFO - [2025-03-21T16:01:31.449+0000] {dag.py:2907} INFO - Sync 1 DAGs
[2025-03-21T16:01:31.496+0000] {logging_mixin.py:151} INFO - [2025-03-21T16:01:31.496+0000] {dag.py:3677} INFO - Setting next_dagrun for dbt_core_pipeline to 2024-03-21T00:00:00+00:00, run_after=2024-03-21T00:00:00+00:00
[2025-03-21T16:01:31.536+0000] {processor.py:179} INFO - Processing /opt/airflow/dags/elt_dbt.py took 0.180 seconds
[2025-03-21T16:02:02.127+0000] {processor.py:157} INFO - Started process (PID=2091) to work on /opt/airflow/dags/elt_dbt.py
[2025-03-21T16:02:02.129+0000] {processor.py:829} INFO - Processing file /opt/airflow/dags/elt_dbt.py for tasks to queue
[2025-03-21T16:02:02.132+0000] {logging_mixin.py:151} INFO - [2025-03-21T16:02:02.131+0000] {dagbag.py:539} INFO - Filling up the DagBag from /opt/airflow/dags/elt_dbt.py
[2025-03-21T16:02:02.152+0000] {processor.py:839} INFO - DAG(s) dict_keys(['dbt_core_pipeline']) retrieved from /opt/airflow/dags/elt_dbt.py
[2025-03-21T16:02:02.203+0000] {logging_mixin.py:151} INFO - [2025-03-21T16:02:02.203+0000] {dag.py:2907} INFO - Sync 1 DAGs
[2025-03-21T16:02:02.244+0000] {logging_mixin.py:151} INFO - [2025-03-21T16:02:02.244+0000] {dag.py:3677} INFO - Setting next_dagrun for dbt_core_pipeline to 2024-03-21T00:00:00+00:00, run_after=2024-03-21T00:00:00+00:00
[2025-03-21T16:02:02.287+0000] {processor.py:179} INFO - Processing /opt/airflow/dags/elt_dbt.py took 0.168 seconds
[2025-03-21T16:02:32.556+0000] {processor.py:157} INFO - Started process (PID=2101) to work on /opt/airflow/dags/elt_dbt.py
[2025-03-21T16:02:32.558+0000] {processor.py:829} INFO - Processing file /opt/airflow/dags/elt_dbt.py for tasks to queue
[2025-03-21T16:02:32.560+0000] {logging_mixin.py:151} INFO - [2025-03-21T16:02:32.559+0000] {dagbag.py:539} INFO - Filling up the DagBag from /opt/airflow/dags/elt_dbt.py
[2025-03-21T16:02:32.583+0000] {processor.py:839} INFO - DAG(s) dict_keys(['dbt_core_pipeline']) retrieved from /opt/airflow/dags/elt_dbt.py
[2025-03-21T16:02:32.632+0000] {logging_mixin.py:151} INFO - [2025-03-21T16:02:32.632+0000] {dag.py:2907} INFO - Sync 1 DAGs
[2025-03-21T16:02:32.678+0000] {logging_mixin.py:151} INFO - [2025-03-21T16:02:32.678+0000] {dag.py:3677} INFO - Setting next_dagrun for dbt_core_pipeline to 2024-03-21T00:00:00+00:00, run_after=2024-03-21T00:00:00+00:00
[2025-03-21T16:02:32.720+0000] {processor.py:179} INFO - Processing /opt/airflow/dags/elt_dbt.py took 0.172 seconds
[2025-03-21T16:03:02.766+0000] {processor.py:157} INFO - Started process (PID=2111) to work on /opt/airflow/dags/elt_dbt.py
[2025-03-21T16:03:02.768+0000] {processor.py:829} INFO - Processing file /opt/airflow/dags/elt_dbt.py for tasks to queue
[2025-03-21T16:03:02.771+0000] {logging_mixin.py:151} INFO - [2025-03-21T16:03:02.769+0000] {dagbag.py:539} INFO - Filling up the DagBag from /opt/airflow/dags/elt_dbt.py
[2025-03-21T16:03:02.794+0000] {processor.py:839} INFO - DAG(s) dict_keys(['dbt_core_pipeline']) retrieved from /opt/airflow/dags/elt_dbt.py
[2025-03-21T16:03:02.847+0000] {logging_mixin.py:151} INFO - [2025-03-21T16:03:02.847+0000] {dag.py:2907} INFO - Sync 1 DAGs
[2025-03-21T16:03:02.895+0000] {logging_mixin.py:151} INFO - [2025-03-21T16:03:02.894+0000] {dag.py:3677} INFO - Setting next_dagrun for dbt_core_pipeline to 2024-03-21T00:00:00+00:00, run_after=2024-03-21T00:00:00+00:00
[2025-03-21T16:03:02.939+0000] {processor.py:179} INFO - Processing /opt/airflow/dags/elt_dbt.py took 0.182 seconds
