[2025-03-21T13:47:38.837+0000] {processor.py:157} INFO - Started process (PID=35) to work on /opt/airflow/dags/etl_create_external_tables.py
[2025-03-21T13:47:38.841+0000] {processor.py:829} INFO - Processing file /opt/airflow/dags/etl_create_external_tables.py for tasks to queue
[2025-03-21T13:47:38.864+0000] {logging_mixin.py:151} INFO - [2025-03-21T13:47:38.863+0000] {dagbag.py:539} INFO - Filling up the DagBag from /opt/airflow/dags/etl_create_external_tables.py
[2025-03-21T13:47:43.572+0000] {processor.py:839} INFO - DAG(s) dict_keys(['external_table_creation_gcs_dag']) retrieved from /opt/airflow/dags/etl_create_external_tables.py
[2025-03-21T13:47:44.907+0000] {logging_mixin.py:151} INFO - [2025-03-21T13:47:44.905+0000] {dag.py:2907} INFO - Sync 1 DAGs
[2025-03-21T13:47:44.963+0000] {logging_mixin.py:151} INFO - [2025-03-21T13:47:44.963+0000] {dag.py:3677} INFO - Setting next_dagrun for external_table_creation_gcs_dag to None, run_after=None
[2025-03-21T13:47:45.020+0000] {processor.py:179} INFO - Processing /opt/airflow/dags/etl_create_external_tables.py took 6.200 seconds
[2025-03-21T13:48:15.513+0000] {processor.py:157} INFO - Started process (PID=44) to work on /opt/airflow/dags/etl_create_external_tables.py
[2025-03-21T13:48:15.537+0000] {processor.py:829} INFO - Processing file /opt/airflow/dags/etl_create_external_tables.py for tasks to queue
[2025-03-21T13:48:15.542+0000] {logging_mixin.py:151} INFO - [2025-03-21T13:48:15.541+0000] {dagbag.py:539} INFO - Filling up the DagBag from /opt/airflow/dags/etl_create_external_tables.py
[2025-03-21T13:48:16.444+0000] {processor.py:839} INFO - DAG(s) dict_keys(['external_table_creation_gcs_dag']) retrieved from /opt/airflow/dags/etl_create_external_tables.py
[2025-03-21T13:48:17.164+0000] {logging_mixin.py:151} INFO - [2025-03-21T13:48:17.163+0000] {dag.py:2907} INFO - Sync 1 DAGs
[2025-03-21T13:48:17.204+0000] {logging_mixin.py:151} INFO - [2025-03-21T13:48:17.204+0000] {dag.py:3677} INFO - Setting next_dagrun for external_table_creation_gcs_dag to None, run_after=None
[2025-03-21T13:48:17.248+0000] {processor.py:179} INFO - Processing /opt/airflow/dags/etl_create_external_tables.py took 1.742 seconds
[2025-03-21T13:48:47.527+0000] {processor.py:157} INFO - Started process (PID=54) to work on /opt/airflow/dags/etl_create_external_tables.py
[2025-03-21T13:48:47.528+0000] {processor.py:829} INFO - Processing file /opt/airflow/dags/etl_create_external_tables.py for tasks to queue
[2025-03-21T13:48:47.533+0000] {logging_mixin.py:151} INFO - [2025-03-21T13:48:47.533+0000] {dagbag.py:539} INFO - Filling up the DagBag from /opt/airflow/dags/etl_create_external_tables.py
[2025-03-21T13:48:48.397+0000] {processor.py:839} INFO - DAG(s) dict_keys(['external_table_creation_gcs_dag']) retrieved from /opt/airflow/dags/etl_create_external_tables.py
[2025-03-21T13:48:48.984+0000] {logging_mixin.py:151} INFO - [2025-03-21T13:48:48.982+0000] {dag.py:2907} INFO - Sync 1 DAGs
[2025-03-21T13:48:49.036+0000] {logging_mixin.py:151} INFO - [2025-03-21T13:48:49.035+0000] {dag.py:3677} INFO - Setting next_dagrun for external_table_creation_gcs_dag to None, run_after=None
[2025-03-21T13:48:49.084+0000] {processor.py:179} INFO - Processing /opt/airflow/dags/etl_create_external_tables.py took 1.564 seconds
[2025-03-21T13:49:19.402+0000] {processor.py:157} INFO - Started process (PID=64) to work on /opt/airflow/dags/etl_create_external_tables.py
[2025-03-21T13:49:19.408+0000] {processor.py:829} INFO - Processing file /opt/airflow/dags/etl_create_external_tables.py for tasks to queue
[2025-03-21T13:49:19.416+0000] {logging_mixin.py:151} INFO - [2025-03-21T13:49:19.415+0000] {dagbag.py:539} INFO - Filling up the DagBag from /opt/airflow/dags/etl_create_external_tables.py
[2025-03-21T13:49:20.297+0000] {processor.py:839} INFO - DAG(s) dict_keys(['external_table_creation_gcs_dag']) retrieved from /opt/airflow/dags/etl_create_external_tables.py
[2025-03-21T13:49:20.539+0000] {logging_mixin.py:151} INFO - [2025-03-21T13:49:20.538+0000] {dag.py:2907} INFO - Sync 1 DAGs
[2025-03-21T13:49:20.584+0000] {logging_mixin.py:151} INFO - [2025-03-21T13:49:20.583+0000] {dag.py:3677} INFO - Setting next_dagrun for external_table_creation_gcs_dag to None, run_after=None
[2025-03-21T13:49:21.059+0000] {processor.py:179} INFO - Processing /opt/airflow/dags/etl_create_external_tables.py took 1.665 seconds
[2025-03-21T13:49:51.358+0000] {processor.py:157} INFO - Started process (PID=74) to work on /opt/airflow/dags/etl_create_external_tables.py
[2025-03-21T13:49:51.397+0000] {processor.py:829} INFO - Processing file /opt/airflow/dags/etl_create_external_tables.py for tasks to queue
[2025-03-21T13:49:51.404+0000] {logging_mixin.py:151} INFO - [2025-03-21T13:49:51.403+0000] {dagbag.py:539} INFO - Filling up the DagBag from /opt/airflow/dags/etl_create_external_tables.py
[2025-03-21T13:49:52.287+0000] {processor.py:839} INFO - DAG(s) dict_keys(['external_table_creation_gcs_dag']) retrieved from /opt/airflow/dags/etl_create_external_tables.py
[2025-03-21T13:49:52.555+0000] {logging_mixin.py:151} INFO - [2025-03-21T13:49:52.553+0000] {dag.py:2907} INFO - Sync 1 DAGs
[2025-03-21T13:49:52.956+0000] {logging_mixin.py:151} INFO - [2025-03-21T13:49:52.956+0000] {dag.py:3677} INFO - Setting next_dagrun for external_table_creation_gcs_dag to None, run_after=None
[2025-03-21T13:49:53.005+0000] {processor.py:179} INFO - Processing /opt/airflow/dags/etl_create_external_tables.py took 1.656 seconds
[2025-03-21T13:50:23.276+0000] {processor.py:157} INFO - Started process (PID=85) to work on /opt/airflow/dags/etl_create_external_tables.py
[2025-03-21T13:50:23.297+0000] {processor.py:829} INFO - Processing file /opt/airflow/dags/etl_create_external_tables.py for tasks to queue
[2025-03-21T13:50:23.305+0000] {logging_mixin.py:151} INFO - [2025-03-21T13:50:23.304+0000] {dagbag.py:539} INFO - Filling up the DagBag from /opt/airflow/dags/etl_create_external_tables.py
[2025-03-21T13:50:24.478+0000] {processor.py:839} INFO - DAG(s) dict_keys(['external_table_creation_gcs_dag']) retrieved from /opt/airflow/dags/etl_create_external_tables.py
[2025-03-21T13:50:25.357+0000] {logging_mixin.py:151} INFO - [2025-03-21T13:50:25.354+0000] {dag.py:2907} INFO - Sync 1 DAGs
[2025-03-21T13:50:25.400+0000] {logging_mixin.py:151} INFO - [2025-03-21T13:50:25.400+0000] {dag.py:3677} INFO - Setting next_dagrun for external_table_creation_gcs_dag to None, run_after=None
[2025-03-21T13:50:25.446+0000] {processor.py:179} INFO - Processing /opt/airflow/dags/etl_create_external_tables.py took 2.178 seconds
[2025-03-21T13:50:55.738+0000] {processor.py:157} INFO - Started process (PID=99) to work on /opt/airflow/dags/etl_create_external_tables.py
[2025-03-21T13:50:55.741+0000] {processor.py:829} INFO - Processing file /opt/airflow/dags/etl_create_external_tables.py for tasks to queue
[2025-03-21T13:50:55.749+0000] {logging_mixin.py:151} INFO - [2025-03-21T13:50:55.747+0000] {dagbag.py:539} INFO - Filling up the DagBag from /opt/airflow/dags/etl_create_external_tables.py
[2025-03-21T13:50:56.896+0000] {processor.py:839} INFO - DAG(s) dict_keys(['external_table_creation_gcs_dag']) retrieved from /opt/airflow/dags/etl_create_external_tables.py
[2025-03-21T13:50:57.744+0000] {logging_mixin.py:151} INFO - [2025-03-21T13:50:57.742+0000] {dag.py:2907} INFO - Sync 1 DAGs
[2025-03-21T13:50:57.801+0000] {logging_mixin.py:151} INFO - [2025-03-21T13:50:57.799+0000] {dag.py:3677} INFO - Setting next_dagrun for external_table_creation_gcs_dag to None, run_after=None
[2025-03-21T13:50:57.862+0000] {processor.py:179} INFO - Processing /opt/airflow/dags/etl_create_external_tables.py took 2.134 seconds
[2025-03-21T13:51:28.030+0000] {processor.py:157} INFO - Started process (PID=115) to work on /opt/airflow/dags/etl_create_external_tables.py
[2025-03-21T13:51:28.034+0000] {processor.py:829} INFO - Processing file /opt/airflow/dags/etl_create_external_tables.py for tasks to queue
[2025-03-21T13:51:28.042+0000] {logging_mixin.py:151} INFO - [2025-03-21T13:51:28.041+0000] {dagbag.py:539} INFO - Filling up the DagBag from /opt/airflow/dags/etl_create_external_tables.py
[2025-03-21T13:51:28.963+0000] {processor.py:839} INFO - DAG(s) dict_keys(['external_table_creation_gcs_dag']) retrieved from /opt/airflow/dags/etl_create_external_tables.py
[2025-03-21T13:51:29.712+0000] {logging_mixin.py:151} INFO - [2025-03-21T13:51:29.710+0000] {dag.py:2907} INFO - Sync 1 DAGs
[2025-03-21T13:51:29.770+0000] {logging_mixin.py:151} INFO - [2025-03-21T13:51:29.769+0000] {dag.py:3677} INFO - Setting next_dagrun for external_table_creation_gcs_dag to None, run_after=None
[2025-03-21T13:51:29.819+0000] {processor.py:179} INFO - Processing /opt/airflow/dags/etl_create_external_tables.py took 1.798 seconds
[2025-03-21T13:52:00.301+0000] {processor.py:157} INFO - Started process (PID=125) to work on /opt/airflow/dags/etl_create_external_tables.py
[2025-03-21T13:52:00.306+0000] {processor.py:829} INFO - Processing file /opt/airflow/dags/etl_create_external_tables.py for tasks to queue
[2025-03-21T13:52:00.313+0000] {logging_mixin.py:151} INFO - [2025-03-21T13:52:00.312+0000] {dagbag.py:539} INFO - Filling up the DagBag from /opt/airflow/dags/etl_create_external_tables.py
[2025-03-21T13:52:01.548+0000] {processor.py:839} INFO - DAG(s) dict_keys(['external_table_creation_gcs_dag']) retrieved from /opt/airflow/dags/etl_create_external_tables.py
[2025-03-21T13:52:01.863+0000] {logging_mixin.py:151} INFO - [2025-03-21T13:52:01.861+0000] {dag.py:2907} INFO - Sync 1 DAGs
[2025-03-21T13:52:01.921+0000] {logging_mixin.py:151} INFO - [2025-03-21T13:52:01.920+0000] {dag.py:3677} INFO - Setting next_dagrun for external_table_creation_gcs_dag to None, run_after=None
[2025-03-21T13:52:02.300+0000] {processor.py:179} INFO - Processing /opt/airflow/dags/etl_create_external_tables.py took 2.005 seconds
[2025-03-21T13:52:05.509+0000] {processor.py:157} INFO - Started process (PID=128) to work on /opt/airflow/dags/etl_create_external_tables.py
[2025-03-21T13:52:05.511+0000] {processor.py:829} INFO - Processing file /opt/airflow/dags/etl_create_external_tables.py for tasks to queue
[2025-03-21T13:52:05.519+0000] {logging_mixin.py:151} INFO - [2025-03-21T13:52:05.518+0000] {dagbag.py:539} INFO - Filling up the DagBag from /opt/airflow/dags/etl_create_external_tables.py
[2025-03-21T13:52:06.382+0000] {processor.py:839} INFO - DAG(s) dict_keys(['external_table_creation_gcs_dag']) retrieved from /opt/airflow/dags/etl_create_external_tables.py
[2025-03-21T13:52:06.412+0000] {logging_mixin.py:151} INFO - [2025-03-21T13:52:06.411+0000] {dag.py:2907} INFO - Sync 1 DAGs
[2025-03-21T13:52:06.474+0000] {logging_mixin.py:151} INFO - [2025-03-21T13:52:06.473+0000] {dag.py:3677} INFO - Setting next_dagrun for external_table_creation_gcs_dag to None, run_after=None
[2025-03-21T13:52:06.521+0000] {processor.py:179} INFO - Processing /opt/airflow/dags/etl_create_external_tables.py took 1.021 seconds
[2025-03-21T13:52:35.838+0000] {processor.py:157} INFO - Started process (PID=143) to work on /opt/airflow/dags/etl_create_external_tables.py
[2025-03-21T13:52:35.842+0000] {processor.py:829} INFO - Processing file /opt/airflow/dags/etl_create_external_tables.py for tasks to queue
[2025-03-21T13:52:35.849+0000] {logging_mixin.py:151} INFO - [2025-03-21T13:52:35.848+0000] {dagbag.py:539} INFO - Filling up the DagBag from /opt/airflow/dags/etl_create_external_tables.py
[2025-03-21T13:52:36.704+0000] {processor.py:839} INFO - DAG(s) dict_keys(['external_table_creation_gcs_dag']) retrieved from /opt/airflow/dags/etl_create_external_tables.py
[2025-03-21T13:52:36.995+0000] {logging_mixin.py:151} INFO - [2025-03-21T13:52:36.993+0000] {dag.py:2907} INFO - Sync 1 DAGs
[2025-03-21T13:52:37.407+0000] {logging_mixin.py:151} INFO - [2025-03-21T13:52:37.407+0000] {dag.py:3677} INFO - Setting next_dagrun for external_table_creation_gcs_dag to None, run_after=None
[2025-03-21T13:52:37.464+0000] {processor.py:179} INFO - Processing /opt/airflow/dags/etl_create_external_tables.py took 1.636 seconds
[2025-03-21T13:53:08.409+0000] {processor.py:157} INFO - Started process (PID=153) to work on /opt/airflow/dags/etl_create_external_tables.py
[2025-03-21T13:53:08.411+0000] {processor.py:829} INFO - Processing file /opt/airflow/dags/etl_create_external_tables.py for tasks to queue
[2025-03-21T13:53:08.417+0000] {logging_mixin.py:151} INFO - [2025-03-21T13:53:08.416+0000] {dagbag.py:539} INFO - Filling up the DagBag from /opt/airflow/dags/etl_create_external_tables.py
[2025-03-21T13:53:09.258+0000] {processor.py:839} INFO - DAG(s) dict_keys(['external_table_creation_gcs_dag']) retrieved from /opt/airflow/dags/etl_create_external_tables.py
[2025-03-21T13:53:09.844+0000] {logging_mixin.py:151} INFO - [2025-03-21T13:53:09.843+0000] {dag.py:2907} INFO - Sync 1 DAGs
[2025-03-21T13:53:09.883+0000] {logging_mixin.py:151} INFO - [2025-03-21T13:53:09.883+0000] {dag.py:3677} INFO - Setting next_dagrun for external_table_creation_gcs_dag to None, run_after=None
[2025-03-21T13:53:09.924+0000] {processor.py:179} INFO - Processing /opt/airflow/dags/etl_create_external_tables.py took 1.524 seconds
[2025-03-21T14:09:30.521+0000] {processor.py:157} INFO - Started process (PID=35) to work on /opt/airflow/dags/etl_create_external_tables.py
[2025-03-21T14:09:30.536+0000] {processor.py:829} INFO - Processing file /opt/airflow/dags/etl_create_external_tables.py for tasks to queue
[2025-03-21T14:09:30.551+0000] {logging_mixin.py:151} INFO - [2025-03-21T14:09:30.549+0000] {dagbag.py:539} INFO - Filling up the DagBag from /opt/airflow/dags/etl_create_external_tables.py
[2025-03-21T14:09:35.533+0000] {processor.py:839} INFO - DAG(s) dict_keys(['external_table_creation_gcs_dag']) retrieved from /opt/airflow/dags/etl_create_external_tables.py
[2025-03-21T14:09:36.750+0000] {logging_mixin.py:151} INFO - [2025-03-21T14:09:36.748+0000] {dag.py:2907} INFO - Sync 1 DAGs
[2025-03-21T14:09:36.807+0000] {logging_mixin.py:151} INFO - [2025-03-21T14:09:36.806+0000] {dag.py:3677} INFO - Setting next_dagrun for external_table_creation_gcs_dag to None, run_after=None
[2025-03-21T14:09:36.866+0000] {processor.py:179} INFO - Processing /opt/airflow/dags/etl_create_external_tables.py took 6.363 seconds
[2025-03-21T14:10:07.435+0000] {processor.py:157} INFO - Started process (PID=45) to work on /opt/airflow/dags/etl_create_external_tables.py
[2025-03-21T14:10:07.441+0000] {processor.py:829} INFO - Processing file /opt/airflow/dags/etl_create_external_tables.py for tasks to queue
[2025-03-21T14:10:07.446+0000] {logging_mixin.py:151} INFO - [2025-03-21T14:10:07.446+0000] {dagbag.py:539} INFO - Filling up the DagBag from /opt/airflow/dags/etl_create_external_tables.py
[2025-03-21T14:10:08.609+0000] {processor.py:839} INFO - DAG(s) dict_keys(['external_table_creation_gcs_dag']) retrieved from /opt/airflow/dags/etl_create_external_tables.py
[2025-03-21T14:10:09.358+0000] {logging_mixin.py:151} INFO - [2025-03-21T14:10:09.357+0000] {dag.py:2907} INFO - Sync 1 DAGs
[2025-03-21T14:10:09.402+0000] {logging_mixin.py:151} INFO - [2025-03-21T14:10:09.401+0000] {dag.py:3677} INFO - Setting next_dagrun for external_table_creation_gcs_dag to None, run_after=None
[2025-03-21T14:10:09.439+0000] {processor.py:179} INFO - Processing /opt/airflow/dags/etl_create_external_tables.py took 2.011 seconds
[2025-03-21T14:10:39.636+0000] {processor.py:157} INFO - Started process (PID=55) to work on /opt/airflow/dags/etl_create_external_tables.py
[2025-03-21T14:10:39.639+0000] {processor.py:829} INFO - Processing file /opt/airflow/dags/etl_create_external_tables.py for tasks to queue
[2025-03-21T14:10:39.646+0000] {logging_mixin.py:151} INFO - [2025-03-21T14:10:39.645+0000] {dagbag.py:539} INFO - Filling up the DagBag from /opt/airflow/dags/etl_create_external_tables.py
[2025-03-21T14:10:40.522+0000] {processor.py:839} INFO - DAG(s) dict_keys(['external_table_creation_gcs_dag']) retrieved from /opt/airflow/dags/etl_create_external_tables.py
[2025-03-21T14:10:41.253+0000] {logging_mixin.py:151} INFO - [2025-03-21T14:10:41.251+0000] {dag.py:2907} INFO - Sync 1 DAGs
[2025-03-21T14:10:41.300+0000] {logging_mixin.py:151} INFO - [2025-03-21T14:10:41.300+0000] {dag.py:3677} INFO - Setting next_dagrun for external_table_creation_gcs_dag to None, run_after=None
[2025-03-21T14:10:41.348+0000] {processor.py:179} INFO - Processing /opt/airflow/dags/etl_create_external_tables.py took 1.720 seconds
[2025-03-21T14:11:11.684+0000] {processor.py:157} INFO - Started process (PID=69) to work on /opt/airflow/dags/etl_create_external_tables.py
[2025-03-21T14:11:11.687+0000] {processor.py:829} INFO - Processing file /opt/airflow/dags/etl_create_external_tables.py for tasks to queue
[2025-03-21T14:11:11.746+0000] {logging_mixin.py:151} INFO - [2025-03-21T14:11:11.729+0000] {dagbag.py:539} INFO - Filling up the DagBag from /opt/airflow/dags/etl_create_external_tables.py
[2025-03-21T14:11:13.501+0000] {processor.py:839} INFO - DAG(s) dict_keys(['external_table_creation_gcs_dag']) retrieved from /opt/airflow/dags/etl_create_external_tables.py
[2025-03-21T14:11:13.983+0000] {logging_mixin.py:151} INFO - [2025-03-21T14:11:13.981+0000] {dag.py:2907} INFO - Sync 1 DAGs
[2025-03-21T14:11:14.792+0000] {processor.py:179} INFO - Processing /opt/airflow/dags/etl_create_external_tables.py took 3.120 seconds
[2025-03-21T14:11:45.429+0000] {processor.py:157} INFO - Started process (PID=79) to work on /opt/airflow/dags/etl_create_external_tables.py
[2025-03-21T14:11:45.431+0000] {processor.py:829} INFO - Processing file /opt/airflow/dags/etl_create_external_tables.py for tasks to queue
[2025-03-21T14:11:45.436+0000] {logging_mixin.py:151} INFO - [2025-03-21T14:11:45.435+0000] {dagbag.py:539} INFO - Filling up the DagBag from /opt/airflow/dags/etl_create_external_tables.py
[2025-03-21T14:11:46.291+0000] {processor.py:839} INFO - DAG(s) dict_keys(['external_table_creation_gcs_dag']) retrieved from /opt/airflow/dags/etl_create_external_tables.py
[2025-03-21T14:11:46.537+0000] {logging_mixin.py:151} INFO - [2025-03-21T14:11:46.535+0000] {dag.py:2907} INFO - Sync 1 DAGs
[2025-03-21T14:11:46.942+0000] {logging_mixin.py:151} INFO - [2025-03-21T14:11:46.942+0000] {dag.py:3677} INFO - Setting next_dagrun for external_table_creation_gcs_dag to None, run_after=None
[2025-03-21T14:11:46.984+0000] {processor.py:179} INFO - Processing /opt/airflow/dags/etl_create_external_tables.py took 1.563 seconds
[2025-03-21T14:12:17.329+0000] {processor.py:157} INFO - Started process (PID=90) to work on /opt/airflow/dags/etl_create_external_tables.py
[2025-03-21T14:12:17.371+0000] {processor.py:829} INFO - Processing file /opt/airflow/dags/etl_create_external_tables.py for tasks to queue
[2025-03-21T14:12:17.376+0000] {logging_mixin.py:151} INFO - [2025-03-21T14:12:17.376+0000] {dagbag.py:539} INFO - Filling up the DagBag from /opt/airflow/dags/etl_create_external_tables.py
[2025-03-21T14:12:18.233+0000] {processor.py:839} INFO - DAG(s) dict_keys(['external_table_creation_gcs_dag']) retrieved from /opt/airflow/dags/etl_create_external_tables.py
[2025-03-21T14:12:18.960+0000] {logging_mixin.py:151} INFO - [2025-03-21T14:12:18.958+0000] {dag.py:2907} INFO - Sync 1 DAGs
[2025-03-21T14:12:19.009+0000] {logging_mixin.py:151} INFO - [2025-03-21T14:12:19.009+0000] {dag.py:3677} INFO - Setting next_dagrun for external_table_creation_gcs_dag to None, run_after=None
[2025-03-21T14:12:19.057+0000] {processor.py:179} INFO - Processing /opt/airflow/dags/etl_create_external_tables.py took 1.737 seconds
[2025-03-21T14:12:49.342+0000] {processor.py:157} INFO - Started process (PID=100) to work on /opt/airflow/dags/etl_create_external_tables.py
[2025-03-21T14:12:49.382+0000] {processor.py:829} INFO - Processing file /opt/airflow/dags/etl_create_external_tables.py for tasks to queue
[2025-03-21T14:12:49.387+0000] {logging_mixin.py:151} INFO - [2025-03-21T14:12:49.387+0000] {dagbag.py:539} INFO - Filling up the DagBag from /opt/airflow/dags/etl_create_external_tables.py
[2025-03-21T14:12:50.711+0000] {processor.py:839} INFO - DAG(s) dict_keys(['external_table_creation_gcs_dag']) retrieved from /opt/airflow/dags/etl_create_external_tables.py
[2025-03-21T14:12:51.388+0000] {logging_mixin.py:151} INFO - [2025-03-21T14:12:51.386+0000] {dag.py:2907} INFO - Sync 1 DAGs
[2025-03-21T14:12:51.440+0000] {logging_mixin.py:151} INFO - [2025-03-21T14:12:51.439+0000] {dag.py:3677} INFO - Setting next_dagrun for external_table_creation_gcs_dag to None, run_after=None
[2025-03-21T14:12:51.485+0000] {processor.py:179} INFO - Processing /opt/airflow/dags/etl_create_external_tables.py took 2.150 seconds
[2025-03-21T14:13:21.775+0000] {processor.py:157} INFO - Started process (PID=117) to work on /opt/airflow/dags/etl_create_external_tables.py
[2025-03-21T14:13:21.779+0000] {processor.py:829} INFO - Processing file /opt/airflow/dags/etl_create_external_tables.py for tasks to queue
[2025-03-21T14:13:21.787+0000] {logging_mixin.py:151} INFO - [2025-03-21T14:13:21.786+0000] {dagbag.py:539} INFO - Filling up the DagBag from /opt/airflow/dags/etl_create_external_tables.py
[2025-03-21T14:13:22.880+0000] {processor.py:839} INFO - DAG(s) dict_keys(['external_table_creation_gcs_dag']) retrieved from /opt/airflow/dags/etl_create_external_tables.py
[2025-03-21T14:13:23.479+0000] {logging_mixin.py:151} INFO - [2025-03-21T14:13:23.477+0000] {dag.py:2907} INFO - Sync 1 DAGs
[2025-03-21T14:13:23.518+0000] {logging_mixin.py:151} INFO - [2025-03-21T14:13:23.518+0000] {dag.py:3677} INFO - Setting next_dagrun for external_table_creation_gcs_dag to None, run_after=None
[2025-03-21T14:13:23.560+0000] {processor.py:179} INFO - Processing /opt/airflow/dags/etl_create_external_tables.py took 1.795 seconds
[2025-03-21T14:13:53.873+0000] {processor.py:157} INFO - Started process (PID=126) to work on /opt/airflow/dags/etl_create_external_tables.py
[2025-03-21T14:13:53.876+0000] {processor.py:829} INFO - Processing file /opt/airflow/dags/etl_create_external_tables.py for tasks to queue
[2025-03-21T14:13:53.882+0000] {logging_mixin.py:151} INFO - [2025-03-21T14:13:53.881+0000] {dagbag.py:539} INFO - Filling up the DagBag from /opt/airflow/dags/etl_create_external_tables.py
[2025-03-21T14:13:54.767+0000] {processor.py:839} INFO - DAG(s) dict_keys(['external_table_creation_gcs_dag']) retrieved from /opt/airflow/dags/etl_create_external_tables.py
[2025-03-21T14:13:55.014+0000] {logging_mixin.py:151} INFO - [2025-03-21T14:13:55.013+0000] {dag.py:2907} INFO - Sync 1 DAGs
[2025-03-21T14:13:55.058+0000] {logging_mixin.py:151} INFO - [2025-03-21T14:13:55.058+0000] {dag.py:3677} INFO - Setting next_dagrun for external_table_creation_gcs_dag to None, run_after=None
[2025-03-21T14:13:55.466+0000] {processor.py:179} INFO - Processing /opt/airflow/dags/etl_create_external_tables.py took 1.601 seconds
[2025-03-21T14:14:25.959+0000] {processor.py:157} INFO - Started process (PID=135) to work on /opt/airflow/dags/etl_create_external_tables.py
[2025-03-21T14:14:25.962+0000] {processor.py:829} INFO - Processing file /opt/airflow/dags/etl_create_external_tables.py for tasks to queue
[2025-03-21T14:14:25.968+0000] {logging_mixin.py:151} INFO - [2025-03-21T14:14:25.967+0000] {dagbag.py:539} INFO - Filling up the DagBag from /opt/airflow/dags/etl_create_external_tables.py
[2025-03-21T14:14:26.821+0000] {processor.py:839} INFO - DAG(s) dict_keys(['external_table_creation_gcs_dag']) retrieved from /opt/airflow/dags/etl_create_external_tables.py
[2025-03-21T14:14:27.053+0000] {logging_mixin.py:151} INFO - [2025-03-21T14:14:27.051+0000] {dag.py:2907} INFO - Sync 1 DAGs
[2025-03-21T14:14:27.449+0000] {logging_mixin.py:151} INFO - [2025-03-21T14:14:27.448+0000] {dag.py:3677} INFO - Setting next_dagrun for external_table_creation_gcs_dag to None, run_after=None
[2025-03-21T14:14:27.487+0000] {processor.py:179} INFO - Processing /opt/airflow/dags/etl_create_external_tables.py took 1.536 seconds
[2025-03-21T14:14:57.789+0000] {processor.py:157} INFO - Started process (PID=149) to work on /opt/airflow/dags/etl_create_external_tables.py
[2025-03-21T14:14:57.802+0000] {processor.py:829} INFO - Processing file /opt/airflow/dags/etl_create_external_tables.py for tasks to queue
[2025-03-21T14:14:57.817+0000] {logging_mixin.py:151} INFO - [2025-03-21T14:14:57.816+0000] {dagbag.py:539} INFO - Filling up the DagBag from /opt/airflow/dags/etl_create_external_tables.py
[2025-03-21T14:14:59.193+0000] {processor.py:839} INFO - DAG(s) dict_keys(['external_table_creation_gcs_dag']) retrieved from /opt/airflow/dags/etl_create_external_tables.py
[2025-03-21T14:15:00.204+0000] {logging_mixin.py:151} INFO - [2025-03-21T14:15:00.203+0000] {dag.py:2907} INFO - Sync 1 DAGs
[2025-03-21T14:15:00.324+0000] {processor.py:179} INFO - Processing /opt/airflow/dags/etl_create_external_tables.py took 2.550 seconds
[2025-03-21T14:15:30.929+0000] {processor.py:157} INFO - Started process (PID=158) to work on /opt/airflow/dags/etl_create_external_tables.py
[2025-03-21T14:15:30.932+0000] {processor.py:829} INFO - Processing file /opt/airflow/dags/etl_create_external_tables.py for tasks to queue
[2025-03-21T14:15:30.937+0000] {logging_mixin.py:151} INFO - [2025-03-21T14:15:30.936+0000] {dagbag.py:539} INFO - Filling up the DagBag from /opt/airflow/dags/etl_create_external_tables.py
[2025-03-21T14:15:31.832+0000] {processor.py:839} INFO - DAG(s) dict_keys(['external_table_creation_gcs_dag']) retrieved from /opt/airflow/dags/etl_create_external_tables.py
[2025-03-21T14:15:32.405+0000] {logging_mixin.py:151} INFO - [2025-03-21T14:15:32.404+0000] {dag.py:2907} INFO - Sync 1 DAGs
[2025-03-21T14:15:32.446+0000] {logging_mixin.py:151} INFO - [2025-03-21T14:15:32.445+0000] {dag.py:3677} INFO - Setting next_dagrun for external_table_creation_gcs_dag to None, run_after=None
[2025-03-21T14:15:32.485+0000] {processor.py:179} INFO - Processing /opt/airflow/dags/etl_create_external_tables.py took 1.563 seconds
[2025-03-21T14:16:02.767+0000] {processor.py:157} INFO - Started process (PID=170) to work on /opt/airflow/dags/etl_create_external_tables.py
[2025-03-21T14:16:02.770+0000] {processor.py:829} INFO - Processing file /opt/airflow/dags/etl_create_external_tables.py for tasks to queue
[2025-03-21T14:16:02.775+0000] {logging_mixin.py:151} INFO - [2025-03-21T14:16:02.775+0000] {dagbag.py:539} INFO - Filling up the DagBag from /opt/airflow/dags/etl_create_external_tables.py
[2025-03-21T14:16:03.673+0000] {processor.py:839} INFO - DAG(s) dict_keys(['external_table_creation_gcs_dag']) retrieved from /opt/airflow/dags/etl_create_external_tables.py
[2025-03-21T14:16:04.276+0000] {logging_mixin.py:151} INFO - [2025-03-21T14:16:04.275+0000] {dag.py:2907} INFO - Sync 1 DAGs
[2025-03-21T14:16:04.318+0000] {logging_mixin.py:151} INFO - [2025-03-21T14:16:04.317+0000] {dag.py:3677} INFO - Setting next_dagrun for external_table_creation_gcs_dag to None, run_after=None
[2025-03-21T14:16:04.365+0000] {processor.py:179} INFO - Processing /opt/airflow/dags/etl_create_external_tables.py took 1.606 seconds
[2025-03-21T14:16:34.924+0000] {processor.py:157} INFO - Started process (PID=180) to work on /opt/airflow/dags/etl_create_external_tables.py
[2025-03-21T14:16:34.927+0000] {processor.py:829} INFO - Processing file /opt/airflow/dags/etl_create_external_tables.py for tasks to queue
[2025-03-21T14:16:34.930+0000] {logging_mixin.py:151} INFO - [2025-03-21T14:16:34.929+0000] {dagbag.py:539} INFO - Filling up the DagBag from /opt/airflow/dags/etl_create_external_tables.py
[2025-03-21T14:16:35.836+0000] {processor.py:839} INFO - DAG(s) dict_keys(['external_table_creation_gcs_dag']) retrieved from /opt/airflow/dags/etl_create_external_tables.py
[2025-03-21T14:16:36.349+0000] {logging_mixin.py:151} INFO - [2025-03-21T14:16:36.348+0000] {dag.py:2907} INFO - Sync 1 DAGs
[2025-03-21T14:16:36.387+0000] {logging_mixin.py:151} INFO - [2025-03-21T14:16:36.387+0000] {dag.py:3677} INFO - Setting next_dagrun for external_table_creation_gcs_dag to None, run_after=None
[2025-03-21T14:16:36.434+0000] {processor.py:179} INFO - Processing /opt/airflow/dags/etl_create_external_tables.py took 1.518 seconds
[2025-03-21T14:17:06.577+0000] {processor.py:157} INFO - Started process (PID=193) to work on /opt/airflow/dags/etl_create_external_tables.py
[2025-03-21T14:17:06.580+0000] {processor.py:829} INFO - Processing file /opt/airflow/dags/etl_create_external_tables.py for tasks to queue
[2025-03-21T14:17:06.582+0000] {logging_mixin.py:151} INFO - [2025-03-21T14:17:06.581+0000] {dagbag.py:539} INFO - Filling up the DagBag from /opt/airflow/dags/etl_create_external_tables.py
[2025-03-21T14:17:07.426+0000] {processor.py:839} INFO - DAG(s) dict_keys(['external_table_creation_gcs_dag']) retrieved from /opt/airflow/dags/etl_create_external_tables.py
[2025-03-21T14:17:08.016+0000] {logging_mixin.py:151} INFO - [2025-03-21T14:17:08.015+0000] {dag.py:2907} INFO - Sync 1 DAGs
[2025-03-21T14:17:08.052+0000] {logging_mixin.py:151} INFO - [2025-03-21T14:17:08.051+0000] {dag.py:3677} INFO - Setting next_dagrun for external_table_creation_gcs_dag to None, run_after=None
[2025-03-21T14:17:08.095+0000] {processor.py:179} INFO - Processing /opt/airflow/dags/etl_create_external_tables.py took 1.525 seconds
