[2025-03-21T15:30:11.068+0000] {taskinstance.py:1159} INFO - Dependencies all met for dep_context=non-requeueable deps ti=<TaskInstance: trnsaction_ingestion_gcs_dag.spark_convert_to_parquet manual__2025-03-21T15:29:39.440384+00:00 [queued]>
[2025-03-21T15:30:11.087+0000] {taskinstance.py:1159} INFO - Dependencies all met for dep_context=requeueable deps ti=<TaskInstance: trnsaction_ingestion_gcs_dag.spark_convert_to_parquet manual__2025-03-21T15:29:39.440384+00:00 [queued]>
[2025-03-21T15:30:11.088+0000] {taskinstance.py:1361} INFO - Starting attempt 1 of 1
[2025-03-21T15:30:11.115+0000] {taskinstance.py:1382} INFO - Executing <Task(SparkSubmitOperator): spark_convert_to_parquet> on 2025-03-21 15:29:39.440384+00:00
[2025-03-21T15:30:11.129+0000] {standard_task_runner.py:57} INFO - Started process 1554 to run task
[2025-03-21T15:30:11.138+0000] {standard_task_runner.py:84} INFO - Running: ['***', 'tasks', 'run', 'trnsaction_ingestion_gcs_dag', 'spark_convert_to_parquet', 'manual__2025-03-21T15:29:39.440384+00:00', '--job-id', '207', '--raw', '--subdir', 'DAGS_FOLDER/etl_trsction_table.py', '--cfg-path', '/tmp/tmp74tzxsqj']
[2025-03-21T15:30:11.145+0000] {standard_task_runner.py:85} INFO - Job 207: Subtask spark_convert_to_parquet
[2025-03-21T15:30:11.241+0000] {task_command.py:415} INFO - Running <TaskInstance: trnsaction_ingestion_gcs_dag.spark_convert_to_parquet manual__2025-03-21T15:29:39.440384+00:00 [running]> on host 76faeac9fcab
[2025-03-21T15:30:11.409+0000] {taskinstance.py:1660} INFO - Exporting env vars: AIRFLOW_CTX_DAG_OWNER='***' AIRFLOW_CTX_DAG_ID='trnsaction_ingestion_gcs_dag' AIRFLOW_CTX_TASK_ID='spark_convert_to_parquet' AIRFLOW_CTX_EXECUTION_DATE='2025-03-21T15:29:39.440384+00:00' AIRFLOW_CTX_TRY_NUMBER='1' AIRFLOW_CTX_DAG_RUN_ID='manual__2025-03-21T15:29:39.440384+00:00'
[2025-03-21T15:30:11.432+0000] {base.py:73} INFO - Using connection ID 'spark-conn' for task execution.
[2025-03-21T15:30:11.434+0000] {spark_submit.py:340} INFO - Spark-Submit cmd: spark-submit --master spark://spark-master:7077 --name spark-transaction-rename /opt/***/jobs/pyspark_convert_to_parquet.py
[2025-03-21T15:30:11.762+0000] {spark_submit.py:491} INFO - /home/***/.local/lib/python3.9/site-packages/pyspark/bin/load-spark-env.sh: line 68: ps: command not found
[2025-03-21T15:30:18.661+0000] {spark_submit.py:491} INFO - 25/03/21 15:30:18 INFO SparkContext: Running Spark version 3.4.1
[2025-03-21T15:30:18.889+0000] {spark_submit.py:491} INFO - 25/03/21 15:30:18 WARN NativeCodeLoader: Unable to load native-hadoop library for your platform... using builtin-java classes where applicable
[2025-03-21T15:30:19.121+0000] {spark_submit.py:491} INFO - 25/03/21 15:30:19 INFO ResourceUtils: ==============================================================
[2025-03-21T15:30:19.122+0000] {spark_submit.py:491} INFO - 25/03/21 15:30:19 INFO ResourceUtils: No custom resources configured for spark.driver.
[2025-03-21T15:30:19.123+0000] {spark_submit.py:491} INFO - 25/03/21 15:30:19 INFO ResourceUtils: ==============================================================
[2025-03-21T15:30:19.124+0000] {spark_submit.py:491} INFO - 25/03/21 15:30:19 INFO SparkContext: Submitted application: convert_csv_to_parquet
[2025-03-21T15:30:19.179+0000] {spark_submit.py:491} INFO - 25/03/21 15:30:19 INFO ResourceProfile: Default ResourceProfile created, executor resources: Map(cores -> name: cores, amount: 1, script: , vendor: , memory -> name: memory, amount: 1024, script: , vendor: , offHeap -> name: offHeap, amount: 0, script: , vendor: ), task resources: Map(cpus -> name: cpus, amount: 1.0)
[2025-03-21T15:30:19.206+0000] {spark_submit.py:491} INFO - 25/03/21 15:30:19 INFO ResourceProfile: Limiting resource is cpu
[2025-03-21T15:30:19.208+0000] {spark_submit.py:491} INFO - 25/03/21 15:30:19 INFO ResourceProfileManager: Added ResourceProfile id: 0
[2025-03-21T15:30:19.394+0000] {spark_submit.py:491} INFO - 25/03/21 15:30:19 INFO SecurityManager: Changing view acls to: default
[2025-03-21T15:30:19.395+0000] {spark_submit.py:491} INFO - 25/03/21 15:30:19 INFO SecurityManager: Changing modify acls to: default
[2025-03-21T15:30:19.396+0000] {spark_submit.py:491} INFO - 25/03/21 15:30:19 INFO SecurityManager: Changing view acls groups to:
[2025-03-21T15:30:19.397+0000] {spark_submit.py:491} INFO - 25/03/21 15:30:19 INFO SecurityManager: Changing modify acls groups to:
[2025-03-21T15:30:19.398+0000] {spark_submit.py:491} INFO - 25/03/21 15:30:19 INFO SecurityManager: SecurityManager: authentication disabled; ui acls disabled; users with view permissions: default; groups with view permissions: EMPTY; users with modify permissions: default; groups with modify permissions: EMPTY
[2025-03-21T15:30:20.123+0000] {spark_submit.py:491} INFO - 25/03/21 15:30:20 INFO Utils: Successfully started service 'sparkDriver' on port 44545.
[2025-03-21T15:30:20.271+0000] {spark_submit.py:491} INFO - 25/03/21 15:30:20 INFO SparkEnv: Registering MapOutputTracker
[2025-03-21T15:30:20.382+0000] {spark_submit.py:491} INFO - 25/03/21 15:30:20 INFO SparkEnv: Registering BlockManagerMaster
[2025-03-21T15:30:20.466+0000] {spark_submit.py:491} INFO - 25/03/21 15:30:20 INFO BlockManagerMasterEndpoint: Using org.apache.spark.storage.DefaultTopologyMapper for getting topology information
[2025-03-21T15:30:20.469+0000] {spark_submit.py:491} INFO - 25/03/21 15:30:20 INFO BlockManagerMasterEndpoint: BlockManagerMasterEndpoint up
[2025-03-21T15:30:20.484+0000] {spark_submit.py:491} INFO - 25/03/21 15:30:20 INFO SparkEnv: Registering BlockManagerMasterHeartbeat
[2025-03-21T15:30:20.561+0000] {spark_submit.py:491} INFO - 25/03/21 15:30:20 INFO DiskBlockManager: Created local directory at /tmp/blockmgr-faa30766-dd13-44a5-a005-7a3a6ef26357
[2025-03-21T15:30:20.618+0000] {spark_submit.py:491} INFO - 25/03/21 15:30:20 INFO MemoryStore: MemoryStore started with capacity 434.4 MiB
[2025-03-21T15:30:20.677+0000] {spark_submit.py:491} INFO - 25/03/21 15:30:20 INFO SparkEnv: Registering OutputCommitCoordinator
[2025-03-21T15:30:21.237+0000] {spark_submit.py:491} INFO - 25/03/21 15:30:21 INFO JettyUtils: Start Jetty 0.0.0.0:4040 for SparkUI
[2025-03-21T15:30:21.448+0000] {spark_submit.py:491} INFO - 25/03/21 15:30:21 INFO Utils: Successfully started service 'SparkUI' on port 4040.
[2025-03-21T15:30:21.732+0000] {spark_submit.py:491} INFO - 25/03/21 15:30:21 INFO Executor: Starting executor ID driver on host 76faeac9fcab
[2025-03-21T15:30:21.750+0000] {spark_submit.py:491} INFO - 25/03/21 15:30:21 INFO Executor: Starting executor with user classpath (userClassPathFirst = false): ''
[2025-03-21T15:30:21.804+0000] {spark_submit.py:491} INFO - 25/03/21 15:30:21 INFO Utils: Successfully started service 'org.apache.spark.network.netty.NettyBlockTransferService' on port 39703.
[2025-03-21T15:30:21.805+0000] {spark_submit.py:491} INFO - 25/03/21 15:30:21 INFO NettyBlockTransferService: Server created on 76faeac9fcab:39703
[2025-03-21T15:30:21.809+0000] {spark_submit.py:491} INFO - 25/03/21 15:30:21 INFO BlockManager: Using org.apache.spark.storage.RandomBlockReplicationPolicy for block replication policy
[2025-03-21T15:30:21.827+0000] {spark_submit.py:491} INFO - 25/03/21 15:30:21 INFO BlockManagerMaster: Registering BlockManager BlockManagerId(driver, 76faeac9fcab, 39703, None)
[2025-03-21T15:30:21.838+0000] {spark_submit.py:491} INFO - 25/03/21 15:30:21 INFO BlockManagerMasterEndpoint: Registering block manager 76faeac9fcab:39703 with 434.4 MiB RAM, BlockManagerId(driver, 76faeac9fcab, 39703, None)
[2025-03-21T15:30:21.847+0000] {spark_submit.py:491} INFO - 25/03/21 15:30:21 INFO BlockManagerMaster: Registered BlockManager BlockManagerId(driver, 76faeac9fcab, 39703, None)
[2025-03-21T15:30:21.849+0000] {spark_submit.py:491} INFO - 25/03/21 15:30:21 INFO BlockManager: Initialized BlockManager: BlockManagerId(driver, 76faeac9fcab, 39703, None)
[2025-03-21T15:30:22.913+0000] {spark_submit.py:491} INFO - 25/03/21 15:30:22 INFO SharedState: Setting hive.metastore.warehouse.dir ('null') to the value of spark.sql.warehouse.dir.
[2025-03-21T15:30:22.929+0000] {spark_submit.py:491} INFO - 25/03/21 15:30:22 INFO SharedState: Warehouse path is 'file:/opt/***/spark-warehouse'.
[2025-03-21T15:30:25.963+0000] {spark_submit.py:491} INFO - Traceback (most recent call last):
[2025-03-21T15:30:25.963+0000] {spark_submit.py:491} INFO - File "/opt/***/jobs/pyspark_convert_to_parquet.py", line 26, in <module>
[2025-03-21T15:30:25.964+0000] {spark_submit.py:491} INFO - trsction = spark.read \
[2025-03-21T15:30:25.964+0000] {spark_submit.py:491} INFO - File "/home/***/.local/lib/python3.9/site-packages/pyspark/python/lib/pyspark.zip/pyspark/sql/readwriter.py", line 727, in csv
[2025-03-21T15:30:25.965+0000] {spark_submit.py:491} INFO - return self._df(self._jreader.csv(self._spark._sc._jvm.PythonUtils.toSeq(path)))
[2025-03-21T15:30:25.965+0000] {spark_submit.py:491} INFO - File "/home/***/.local/lib/python3.9/site-packages/pyspark/python/lib/py4j-0.10.9.7-src.zip/py4j/java_gateway.py", line 1322, in __call__
[2025-03-21T15:30:25.965+0000] {spark_submit.py:491} INFO - return_value = get_return_value(
[2025-03-21T15:30:25.965+0000] {spark_submit.py:491} INFO - File "/home/***/.local/lib/python3.9/site-packages/pyspark/python/lib/pyspark.zip/pyspark/errors/exceptions/captured.py", line 175, in deco
[2025-03-21T15:30:25.966+0000] {spark_submit.py:491} INFO - raise converted from None
[2025-03-21T15:30:25.966+0000] {spark_submit.py:491} INFO - pyspark.errors.exceptions.captured.AnalysisException: [PATH_NOT_FOUND] Path does not exist: file:/opt/***/temp_data/trnsction/trnsction.csv.
[2025-03-21T15:30:26.102+0000] {spark_submit.py:491} INFO - 25/03/21 15:30:26 INFO SparkContext: Invoking stop() from shutdown hook
[2025-03-21T15:30:26.105+0000] {spark_submit.py:491} INFO - 25/03/21 15:30:26 INFO SparkContext: SparkContext is stopping with exitCode 0.
[2025-03-21T15:30:26.129+0000] {spark_submit.py:491} INFO - 25/03/21 15:30:26 INFO SparkUI: Stopped Spark web UI at http://76faeac9fcab:4040
[2025-03-21T15:30:26.163+0000] {spark_submit.py:491} INFO - 25/03/21 15:30:26 INFO MapOutputTrackerMasterEndpoint: MapOutputTrackerMasterEndpoint stopped!
[2025-03-21T15:30:26.184+0000] {spark_submit.py:491} INFO - 25/03/21 15:30:26 INFO MemoryStore: MemoryStore cleared
[2025-03-21T15:30:26.186+0000] {spark_submit.py:491} INFO - 25/03/21 15:30:26 INFO BlockManager: BlockManager stopped
[2025-03-21T15:30:26.208+0000] {spark_submit.py:491} INFO - 25/03/21 15:30:26 INFO BlockManagerMaster: BlockManagerMaster stopped
[2025-03-21T15:30:26.217+0000] {spark_submit.py:491} INFO - 25/03/21 15:30:26 INFO OutputCommitCoordinator$OutputCommitCoordinatorEndpoint: OutputCommitCoordinator stopped!
[2025-03-21T15:30:26.229+0000] {spark_submit.py:491} INFO - 25/03/21 15:30:26 INFO SparkContext: Successfully stopped SparkContext
[2025-03-21T15:30:26.230+0000] {spark_submit.py:491} INFO - 25/03/21 15:30:26 INFO ShutdownHookManager: Shutdown hook called
[2025-03-21T15:30:26.231+0000] {spark_submit.py:491} INFO - 25/03/21 15:30:26 INFO ShutdownHookManager: Deleting directory /tmp/spark-b1899e2e-912b-4206-b4c1-36af819cbfb3/pyspark-508eb3f3-e851-44c8-81c8-3de83ff44190
[2025-03-21T15:30:26.238+0000] {spark_submit.py:491} INFO - 25/03/21 15:30:26 INFO ShutdownHookManager: Deleting directory /tmp/spark-b1899e2e-912b-4206-b4c1-36af819cbfb3
[2025-03-21T15:30:26.245+0000] {spark_submit.py:491} INFO - 25/03/21 15:30:26 INFO ShutdownHookManager: Deleting directory /tmp/spark-072eb668-4cc1-4327-ad9c-d31f22c54528
[2025-03-21T15:30:26.357+0000] {taskinstance.py:1943} ERROR - Task failed with exception
Traceback (most recent call last):
  File "/home/airflow/.local/lib/python3.9/site-packages/airflow/providers/apache/spark/operators/spark_submit.py", line 156, in execute
    self._hook.submit(self._application)
  File "/home/airflow/.local/lib/python3.9/site-packages/airflow/providers/apache/spark/hooks/spark_submit.py", line 422, in submit
    raise AirflowException(
airflow.exceptions.AirflowException: Cannot execute: spark-submit --master spark://spark-master:7077 --name spark-transaction-rename /opt/***/jobs/pyspark_convert_to_parquet.py. Error code is: 1.
[2025-03-21T15:30:26.369+0000] {taskinstance.py:1400} INFO - Marking task as FAILED. dag_id=trnsaction_ingestion_gcs_dag, task_id=spark_convert_to_parquet, execution_date=20250321T152939, start_date=20250321T153011, end_date=20250321T153026
[2025-03-21T15:30:26.399+0000] {standard_task_runner.py:104} ERROR - Failed to execute job 207 for task spark_convert_to_parquet (Cannot execute: spark-submit --master spark://spark-master:7077 --name spark-transaction-rename /opt/***/jobs/pyspark_convert_to_parquet.py. Error code is: 1.; 1554)
[2025-03-21T15:30:26.455+0000] {local_task_job_runner.py:228} INFO - Task exited with return code 1
[2025-03-21T15:30:26.507+0000] {taskinstance.py:2784} INFO - 0 downstream tasks scheduled from follow-on schedule check
