[2025-03-21T14:50:05.225+0000] {taskinstance.py:1159} INFO - Dependencies all met for dep_context=non-requeueable deps ti=<TaskInstance: trnsaction_ingestion_gcs_dag.spark_convert_to_parquet manual__2025-03-21T14:49:49.544588+00:00 [queued]>
[2025-03-21T14:50:05.242+0000] {taskinstance.py:1159} INFO - Dependencies all met for dep_context=requeueable deps ti=<TaskInstance: trnsaction_ingestion_gcs_dag.spark_convert_to_parquet manual__2025-03-21T14:49:49.544588+00:00 [queued]>
[2025-03-21T14:50:05.242+0000] {taskinstance.py:1361} INFO - Starting attempt 1 of 1
[2025-03-21T14:50:05.267+0000] {taskinstance.py:1382} INFO - Executing <Task(SparkSubmitOperator): spark_convert_to_parquet> on 2025-03-21 14:49:49.544588+00:00
[2025-03-21T14:50:05.280+0000] {standard_task_runner.py:57} INFO - Started process 660 to run task
[2025-03-21T14:50:05.288+0000] {standard_task_runner.py:84} INFO - Running: ['***', 'tasks', 'run', 'trnsaction_ingestion_gcs_dag', 'spark_convert_to_parquet', 'manual__2025-03-21T14:49:49.544588+00:00', '--job-id', '193', '--raw', '--subdir', 'DAGS_FOLDER/etl_trsction_table.py', '--cfg-path', '/tmp/tmpt1aklk0y']
[2025-03-21T14:50:05.294+0000] {standard_task_runner.py:85} INFO - Job 193: Subtask spark_convert_to_parquet
[2025-03-21T14:50:05.392+0000] {task_command.py:415} INFO - Running <TaskInstance: trnsaction_ingestion_gcs_dag.spark_convert_to_parquet manual__2025-03-21T14:49:49.544588+00:00 [running]> on host 76faeac9fcab
[2025-03-21T14:50:05.572+0000] {taskinstance.py:1660} INFO - Exporting env vars: AIRFLOW_CTX_DAG_OWNER='***' AIRFLOW_CTX_DAG_ID='trnsaction_ingestion_gcs_dag' AIRFLOW_CTX_TASK_ID='spark_convert_to_parquet' AIRFLOW_CTX_EXECUTION_DATE='2025-03-21T14:49:49.544588+00:00' AIRFLOW_CTX_TRY_NUMBER='1' AIRFLOW_CTX_DAG_RUN_ID='manual__2025-03-21T14:49:49.544588+00:00'
[2025-03-21T14:50:05.596+0000] {base.py:73} INFO - Using connection ID 'spark-conn' for task execution.
[2025-03-21T14:50:05.599+0000] {spark_submit.py:340} INFO - Spark-Submit cmd: spark-submit --master spark://spark-master:7077 --name spark-transaction-rename /opt/***/jobs/pyspark_convert_to_parquet.py
[2025-03-21T14:50:05.974+0000] {spark_submit.py:491} INFO - /home/***/.local/lib/python3.9/site-packages/pyspark/bin/load-spark-env.sh: line 68: ps: command not found
[2025-03-21T14:50:14.038+0000] {spark_submit.py:491} INFO - 25/03/21 14:50:14 INFO SparkContext: Running Spark version 3.4.1
[2025-03-21T14:50:14.183+0000] {spark_submit.py:491} INFO - 25/03/21 14:50:14 WARN NativeCodeLoader: Unable to load native-hadoop library for your platform... using builtin-java classes where applicable
[2025-03-21T14:50:14.348+0000] {spark_submit.py:491} INFO - 25/03/21 14:50:14 INFO ResourceUtils: ==============================================================
[2025-03-21T14:50:14.349+0000] {spark_submit.py:491} INFO - 25/03/21 14:50:14 INFO ResourceUtils: No custom resources configured for spark.driver.
[2025-03-21T14:50:14.350+0000] {spark_submit.py:491} INFO - 25/03/21 14:50:14 INFO ResourceUtils: ==============================================================
[2025-03-21T14:50:14.351+0000] {spark_submit.py:491} INFO - 25/03/21 14:50:14 INFO SparkContext: Submitted application: convert_csv_to_parquet
[2025-03-21T14:50:14.410+0000] {spark_submit.py:491} INFO - 25/03/21 14:50:14 INFO ResourceProfile: Default ResourceProfile created, executor resources: Map(cores -> name: cores, amount: 1, script: , vendor: , memory -> name: memory, amount: 1024, script: , vendor: , offHeap -> name: offHeap, amount: 0, script: , vendor: ), task resources: Map(cpus -> name: cpus, amount: 1.0)
[2025-03-21T14:50:14.454+0000] {spark_submit.py:491} INFO - 25/03/21 14:50:14 INFO ResourceProfile: Limiting resource is cpu
[2025-03-21T14:50:14.458+0000] {spark_submit.py:491} INFO - 25/03/21 14:50:14 INFO ResourceProfileManager: Added ResourceProfile id: 0
[2025-03-21T14:50:14.588+0000] {spark_submit.py:491} INFO - 25/03/21 14:50:14 INFO SecurityManager: Changing view acls to: default
[2025-03-21T14:50:14.589+0000] {spark_submit.py:491} INFO - 25/03/21 14:50:14 INFO SecurityManager: Changing modify acls to: default
[2025-03-21T14:50:14.590+0000] {spark_submit.py:491} INFO - 25/03/21 14:50:14 INFO SecurityManager: Changing view acls groups to:
[2025-03-21T14:50:14.591+0000] {spark_submit.py:491} INFO - 25/03/21 14:50:14 INFO SecurityManager: Changing modify acls groups to:
[2025-03-21T14:50:14.592+0000] {spark_submit.py:491} INFO - 25/03/21 14:50:14 INFO SecurityManager: SecurityManager: authentication disabled; ui acls disabled; users with view permissions: default; groups with view permissions: EMPTY; users with modify permissions: default; groups with modify permissions: EMPTY
[2025-03-21T14:50:15.151+0000] {spark_submit.py:491} INFO - 25/03/21 14:50:15 INFO Utils: Successfully started service 'sparkDriver' on port 44057.
[2025-03-21T14:50:15.208+0000] {spark_submit.py:491} INFO - 25/03/21 14:50:15 INFO SparkEnv: Registering MapOutputTracker
[2025-03-21T14:50:15.284+0000] {spark_submit.py:491} INFO - 25/03/21 14:50:15 INFO SparkEnv: Registering BlockManagerMaster
[2025-03-21T14:50:15.330+0000] {spark_submit.py:491} INFO - 25/03/21 14:50:15 INFO BlockManagerMasterEndpoint: Using org.apache.spark.storage.DefaultTopologyMapper for getting topology information
[2025-03-21T14:50:15.331+0000] {spark_submit.py:491} INFO - 25/03/21 14:50:15 INFO BlockManagerMasterEndpoint: BlockManagerMasterEndpoint up
[2025-03-21T14:50:15.341+0000] {spark_submit.py:491} INFO - 25/03/21 14:50:15 INFO SparkEnv: Registering BlockManagerMasterHeartbeat
[2025-03-21T14:50:15.404+0000] {spark_submit.py:491} INFO - 25/03/21 14:50:15 INFO DiskBlockManager: Created local directory at /tmp/blockmgr-fc9006d7-5f1d-4425-a99e-e8ace37a9944
[2025-03-21T14:50:15.476+0000] {spark_submit.py:491} INFO - 25/03/21 14:50:15 INFO MemoryStore: MemoryStore started with capacity 434.4 MiB
[2025-03-21T14:50:15.543+0000] {spark_submit.py:491} INFO - 25/03/21 14:50:15 INFO SparkEnv: Registering OutputCommitCoordinator
[2025-03-21T14:50:16.037+0000] {spark_submit.py:491} INFO - 25/03/21 14:50:16 INFO JettyUtils: Start Jetty 0.0.0.0:4040 for SparkUI
[2025-03-21T14:50:16.167+0000] {spark_submit.py:491} INFO - 25/03/21 14:50:16 INFO Utils: Successfully started service 'SparkUI' on port 4040.
[2025-03-21T14:50:16.394+0000] {spark_submit.py:491} INFO - 25/03/21 14:50:16 INFO Executor: Starting executor ID driver on host 76faeac9fcab
[2025-03-21T14:50:16.407+0000] {spark_submit.py:491} INFO - 25/03/21 14:50:16 INFO Executor: Starting executor with user classpath (userClassPathFirst = false): ''
[2025-03-21T14:50:16.447+0000] {spark_submit.py:491} INFO - 25/03/21 14:50:16 INFO Utils: Successfully started service 'org.apache.spark.network.netty.NettyBlockTransferService' on port 34285.
[2025-03-21T14:50:16.447+0000] {spark_submit.py:491} INFO - 25/03/21 14:50:16 INFO NettyBlockTransferService: Server created on 76faeac9fcab:34285
[2025-03-21T14:50:16.451+0000] {spark_submit.py:491} INFO - 25/03/21 14:50:16 INFO BlockManager: Using org.apache.spark.storage.RandomBlockReplicationPolicy for block replication policy
[2025-03-21T14:50:16.468+0000] {spark_submit.py:491} INFO - 25/03/21 14:50:16 INFO BlockManagerMaster: Registering BlockManager BlockManagerId(driver, 76faeac9fcab, 34285, None)
[2025-03-21T14:50:16.477+0000] {spark_submit.py:491} INFO - 25/03/21 14:50:16 INFO BlockManagerMasterEndpoint: Registering block manager 76faeac9fcab:34285 with 434.4 MiB RAM, BlockManagerId(driver, 76faeac9fcab, 34285, None)
[2025-03-21T14:50:16.484+0000] {spark_submit.py:491} INFO - 25/03/21 14:50:16 INFO BlockManagerMaster: Registered BlockManager BlockManagerId(driver, 76faeac9fcab, 34285, None)
[2025-03-21T14:50:16.489+0000] {spark_submit.py:491} INFO - 25/03/21 14:50:16 INFO BlockManager: Initialized BlockManager: BlockManagerId(driver, 76faeac9fcab, 34285, None)
[2025-03-21T14:50:17.598+0000] {spark_submit.py:491} INFO - 25/03/21 14:50:17 INFO SharedState: Setting hive.metastore.warehouse.dir ('null') to the value of spark.sql.warehouse.dir.
[2025-03-21T14:50:17.618+0000] {spark_submit.py:491} INFO - 25/03/21 14:50:17 INFO SharedState: Warehouse path is 'file:/opt/***/spark-warehouse'.
[2025-03-21T14:50:20.505+0000] {spark_submit.py:491} INFO - 25/03/21 14:50:20 INFO InMemoryFileIndex: It took 147 ms to list leaf files for 1 paths.
[2025-03-21T14:50:25.230+0000] {spark_submit.py:491} INFO - 25/03/21 14:50:25 INFO FileSourceStrategy: Pushed Filters:
[2025-03-21T14:50:25.268+0000] {spark_submit.py:491} INFO - 25/03/21 14:50:25 INFO FileSourceStrategy: Post-Scan Filters:
[2025-03-21T14:50:25.531+0000] {spark_submit.py:491} INFO - 25/03/21 14:50:25 INFO ParquetUtils: Using default output committer for Parquet: org.apache.parquet.hadoop.ParquetOutputCommitter
[2025-03-21T14:50:25.593+0000] {spark_submit.py:491} INFO - 25/03/21 14:50:25 INFO FileOutputCommitter: File Output Committer Algorithm version is 1
[2025-03-21T14:50:25.594+0000] {spark_submit.py:491} INFO - 25/03/21 14:50:25 INFO FileOutputCommitter: FileOutputCommitter skip cleanup _temporary folders under output directory:false, ignore cleanup failures: false
[2025-03-21T14:50:25.597+0000] {spark_submit.py:491} INFO - 25/03/21 14:50:25 INFO SQLHadoopMapReduceCommitProtocol: Using user defined output committer class org.apache.parquet.hadoop.ParquetOutputCommitter
[2025-03-21T14:50:25.597+0000] {spark_submit.py:491} INFO - 25/03/21 14:50:25 INFO FileOutputCommitter: File Output Committer Algorithm version is 1
[2025-03-21T14:50:25.598+0000] {spark_submit.py:491} INFO - 25/03/21 14:50:25 INFO FileOutputCommitter: FileOutputCommitter skip cleanup _temporary folders under output directory:false, ignore cleanup failures: false
[2025-03-21T14:50:25.599+0000] {spark_submit.py:491} INFO - 25/03/21 14:50:25 INFO SQLHadoopMapReduceCommitProtocol: Using output committer class org.apache.parquet.hadoop.ParquetOutputCommitter
[2025-03-21T14:50:26.865+0000] {spark_submit.py:491} INFO - 25/03/21 14:50:26 INFO CodeGenerator: Code generated in 547.556536 ms
[2025-03-21T14:50:26.995+0000] {spark_submit.py:491} INFO - 25/03/21 14:50:26 INFO MemoryStore: Block broadcast_0 stored as values in memory (estimated size 199.2 KiB, free 434.2 MiB)
[2025-03-21T14:50:27.140+0000] {spark_submit.py:491} INFO - 25/03/21 14:50:27 INFO MemoryStore: Block broadcast_0_piece0 stored as bytes in memory (estimated size 34.1 KiB, free 434.2 MiB)
[2025-03-21T14:50:27.155+0000] {spark_submit.py:491} INFO - 25/03/21 14:50:27 INFO BlockManagerInfo: Added broadcast_0_piece0 in memory on 76faeac9fcab:34285 (size: 34.1 KiB, free: 434.4 MiB)
[2025-03-21T14:50:27.170+0000] {spark_submit.py:491} INFO - 25/03/21 14:50:27 INFO SparkContext: Created broadcast 0 from parquet at NativeMethodAccessorImpl.java:0
[2025-03-21T14:50:27.226+0000] {spark_submit.py:491} INFO - 25/03/21 14:50:27 INFO FileSourceScanExec: Planning scan with bin packing, max size: 134217728 bytes, open cost is considered as scanning 4194304 bytes.
[2025-03-21T14:50:27.471+0000] {spark_submit.py:491} INFO - 25/03/21 14:50:27 INFO SparkContext: Starting job: parquet at NativeMethodAccessorImpl.java:0
[2025-03-21T14:50:27.505+0000] {spark_submit.py:491} INFO - 25/03/21 14:50:27 INFO DAGScheduler: Got job 0 (parquet at NativeMethodAccessorImpl.java:0) with 3 output partitions
[2025-03-21T14:50:27.506+0000] {spark_submit.py:491} INFO - 25/03/21 14:50:27 INFO DAGScheduler: Final stage: ResultStage 0 (parquet at NativeMethodAccessorImpl.java:0)
[2025-03-21T14:50:27.507+0000] {spark_submit.py:491} INFO - 25/03/21 14:50:27 INFO DAGScheduler: Parents of final stage: List()
[2025-03-21T14:50:27.510+0000] {spark_submit.py:491} INFO - 25/03/21 14:50:27 INFO DAGScheduler: Missing parents: List()
[2025-03-21T14:50:27.521+0000] {spark_submit.py:491} INFO - 25/03/21 14:50:27 INFO DAGScheduler: Submitting ResultStage 0 (MapPartitionsRDD[3] at parquet at NativeMethodAccessorImpl.java:0), which has no missing parents
[2025-03-21T14:50:27.864+0000] {spark_submit.py:491} INFO - 25/03/21 14:50:27 INFO MemoryStore: Block broadcast_1 stored as values in memory (estimated size 222.5 KiB, free 434.0 MiB)
[2025-03-21T14:50:27.881+0000] {spark_submit.py:491} INFO - 25/03/21 14:50:27 INFO MemoryStore: Block broadcast_1_piece0 stored as bytes in memory (estimated size 79.8 KiB, free 433.9 MiB)
[2025-03-21T14:50:27.882+0000] {spark_submit.py:491} INFO - 25/03/21 14:50:27 INFO BlockManagerInfo: Added broadcast_1_piece0 in memory on 76faeac9fcab:34285 (size: 79.8 KiB, free: 434.3 MiB)
[2025-03-21T14:50:27.883+0000] {spark_submit.py:491} INFO - 25/03/21 14:50:27 INFO SparkContext: Created broadcast 1 from broadcast at DAGScheduler.scala:1535
[2025-03-21T14:50:27.915+0000] {spark_submit.py:491} INFO - 25/03/21 14:50:27 INFO DAGScheduler: Submitting 3 missing tasks from ResultStage 0 (MapPartitionsRDD[3] at parquet at NativeMethodAccessorImpl.java:0) (first 15 tasks are for partitions Vector(0, 1, 2))
[2025-03-21T14:50:27.920+0000] {spark_submit.py:491} INFO - 25/03/21 14:50:27 INFO TaskSchedulerImpl: Adding task set 0.0 with 3 tasks resource profile 0
[2025-03-21T14:50:28.038+0000] {spark_submit.py:491} INFO - 25/03/21 14:50:28 INFO TaskSetManager: Starting task 0.0 in stage 0.0 (TID 0) (76faeac9fcab, executor driver, partition 0, PROCESS_LOCAL, 7933 bytes)
[2025-03-21T14:50:28.073+0000] {spark_submit.py:491} INFO - 25/03/21 14:50:28 INFO Executor: Running task 0.0 in stage 0.0 (TID 0)
[2025-03-21T14:50:28.369+0000] {spark_submit.py:491} INFO - 25/03/21 14:50:28 INFO FileOutputCommitter: File Output Committer Algorithm version is 1
[2025-03-21T14:50:28.370+0000] {spark_submit.py:491} INFO - 25/03/21 14:50:28 INFO FileOutputCommitter: FileOutputCommitter skip cleanup _temporary folders under output directory:false, ignore cleanup failures: false
[2025-03-21T14:50:28.373+0000] {spark_submit.py:491} INFO - 25/03/21 14:50:28 INFO SQLHadoopMapReduceCommitProtocol: Using user defined output committer class org.apache.parquet.hadoop.ParquetOutputCommitter
[2025-03-21T14:50:28.375+0000] {spark_submit.py:491} INFO - 25/03/21 14:50:28 INFO FileOutputCommitter: File Output Committer Algorithm version is 1
[2025-03-21T14:50:28.376+0000] {spark_submit.py:491} INFO - 25/03/21 14:50:28 INFO FileOutputCommitter: FileOutputCommitter skip cleanup _temporary folders under output directory:false, ignore cleanup failures: false
[2025-03-21T14:50:28.378+0000] {spark_submit.py:491} INFO - 25/03/21 14:50:28 INFO SQLHadoopMapReduceCommitProtocol: Using output committer class org.apache.parquet.hadoop.ParquetOutputCommitter
[2025-03-21T14:50:28.393+0000] {spark_submit.py:491} INFO - 25/03/21 14:50:28 INFO CodecConfig: Compression: SNAPPY
[2025-03-21T14:50:28.399+0000] {spark_submit.py:491} INFO - 25/03/21 14:50:28 INFO CodecConfig: Compression: SNAPPY
[2025-03-21T14:50:28.446+0000] {spark_submit.py:491} INFO - 25/03/21 14:50:28 INFO ParquetOutputFormat: ParquetRecordWriter [block size: 134217728b, row group padding size: 8388608b, validating: false]
[2025-03-21T14:50:28.503+0000] {spark_submit.py:491} INFO - 25/03/21 14:50:28 INFO ParquetWriteSupport: Initialized Parquet WriteSupport with Catalyst schema:
[2025-03-21T14:50:28.504+0000] {spark_submit.py:491} INFO - {
[2025-03-21T14:50:28.504+0000] {spark_submit.py:491} INFO - "type" : "struct",
[2025-03-21T14:50:28.505+0000] {spark_submit.py:491} INFO - "fields" : [ {
[2025-03-21T14:50:28.505+0000] {spark_submit.py:491} INFO - "name" : "id",
[2025-03-21T14:50:28.505+0000] {spark_submit.py:491} INFO - "type" : "integer",
[2025-03-21T14:50:28.505+0000] {spark_submit.py:491} INFO - "nullable" : true,
[2025-03-21T14:50:28.505+0000] {spark_submit.py:491} INFO - "metadata" : { }
[2025-03-21T14:50:28.506+0000] {spark_submit.py:491} INFO - }, {
[2025-03-21T14:50:28.506+0000] {spark_submit.py:491} INFO - "name" : "date",
[2025-03-21T14:50:28.506+0000] {spark_submit.py:491} INFO - "type" : "string",
[2025-03-21T14:50:28.506+0000] {spark_submit.py:491} INFO - "nullable" : true,
[2025-03-21T14:50:28.506+0000] {spark_submit.py:491} INFO - "metadata" : { }
[2025-03-21T14:50:28.507+0000] {spark_submit.py:491} INFO - }, {
[2025-03-21T14:50:28.507+0000] {spark_submit.py:491} INFO - "name" : "client_id",
[2025-03-21T14:50:28.507+0000] {spark_submit.py:491} INFO - "type" : "integer",
[2025-03-21T14:50:28.507+0000] {spark_submit.py:491} INFO - "nullable" : true,
[2025-03-21T14:50:28.507+0000] {spark_submit.py:491} INFO - "metadata" : { }
[2025-03-21T14:50:28.507+0000] {spark_submit.py:491} INFO - }, {
[2025-03-21T14:50:28.508+0000] {spark_submit.py:491} INFO - "name" : "card_id",
[2025-03-21T14:50:28.508+0000] {spark_submit.py:491} INFO - "type" : "integer",
[2025-03-21T14:50:28.508+0000] {spark_submit.py:491} INFO - "nullable" : true,
[2025-03-21T14:50:28.508+0000] {spark_submit.py:491} INFO - "metadata" : { }
[2025-03-21T14:50:28.508+0000] {spark_submit.py:491} INFO - }, {
[2025-03-21T14:50:28.509+0000] {spark_submit.py:491} INFO - "name" : "amount",
[2025-03-21T14:50:28.509+0000] {spark_submit.py:491} INFO - "type" : "string",
[2025-03-21T14:50:28.509+0000] {spark_submit.py:491} INFO - "nullable" : true,
[2025-03-21T14:50:28.509+0000] {spark_submit.py:491} INFO - "metadata" : { }
[2025-03-21T14:50:28.509+0000] {spark_submit.py:491} INFO - }, {
[2025-03-21T14:50:28.509+0000] {spark_submit.py:491} INFO - "name" : "use_chip",
[2025-03-21T14:50:28.510+0000] {spark_submit.py:491} INFO - "type" : "string",
[2025-03-21T14:50:28.510+0000] {spark_submit.py:491} INFO - "nullable" : true,
[2025-03-21T14:50:28.510+0000] {spark_submit.py:491} INFO - "metadata" : { }
[2025-03-21T14:50:28.510+0000] {spark_submit.py:491} INFO - }, {
[2025-03-21T14:50:28.510+0000] {spark_submit.py:491} INFO - "name" : "merchant_id",
[2025-03-21T14:50:28.510+0000] {spark_submit.py:491} INFO - "type" : "integer",
[2025-03-21T14:50:28.511+0000] {spark_submit.py:491} INFO - "nullable" : true,
[2025-03-21T14:50:28.511+0000] {spark_submit.py:491} INFO - "metadata" : { }
[2025-03-21T14:50:28.511+0000] {spark_submit.py:491} INFO - }, {
[2025-03-21T14:50:28.511+0000] {spark_submit.py:491} INFO - "name" : "merchant_city",
[2025-03-21T14:50:28.511+0000] {spark_submit.py:491} INFO - "type" : "string",
[2025-03-21T14:50:28.512+0000] {spark_submit.py:491} INFO - "nullable" : false,
[2025-03-21T14:50:28.512+0000] {spark_submit.py:491} INFO - "metadata" : { }
[2025-03-21T14:50:28.512+0000] {spark_submit.py:491} INFO - }, {
[2025-03-21T14:50:28.512+0000] {spark_submit.py:491} INFO - "name" : "merchant_state",
[2025-03-21T14:50:28.512+0000] {spark_submit.py:491} INFO - "type" : "string",
[2025-03-21T14:50:28.512+0000] {spark_submit.py:491} INFO - "nullable" : false,
[2025-03-21T14:50:28.513+0000] {spark_submit.py:491} INFO - "metadata" : { }
[2025-03-21T14:50:28.513+0000] {spark_submit.py:491} INFO - }, {
[2025-03-21T14:50:28.513+0000] {spark_submit.py:491} INFO - "name" : "zip",
[2025-03-21T14:50:28.513+0000] {spark_submit.py:491} INFO - "type" : "string",
[2025-03-21T14:50:28.513+0000] {spark_submit.py:491} INFO - "nullable" : true,
[2025-03-21T14:50:28.516+0000] {spark_submit.py:491} INFO - "metadata" : { }
[2025-03-21T14:50:28.517+0000] {spark_submit.py:491} INFO - }, {
[2025-03-21T14:50:28.518+0000] {spark_submit.py:491} INFO - "name" : "mcc",
[2025-03-21T14:50:28.518+0000] {spark_submit.py:491} INFO - "type" : "string",
[2025-03-21T14:50:28.519+0000] {spark_submit.py:491} INFO - "nullable" : true,
[2025-03-21T14:50:28.520+0000] {spark_submit.py:491} INFO - "metadata" : { }
[2025-03-21T14:50:28.521+0000] {spark_submit.py:491} INFO - }, {
[2025-03-21T14:50:28.522+0000] {spark_submit.py:491} INFO - "name" : "errors",
[2025-03-21T14:50:28.522+0000] {spark_submit.py:491} INFO - "type" : "string",
[2025-03-21T14:50:28.523+0000] {spark_submit.py:491} INFO - "nullable" : false,
[2025-03-21T14:50:28.524+0000] {spark_submit.py:491} INFO - "metadata" : { }
[2025-03-21T14:50:28.525+0000] {spark_submit.py:491} INFO - } ]
[2025-03-21T14:50:28.526+0000] {spark_submit.py:491} INFO - }
[2025-03-21T14:50:28.527+0000] {spark_submit.py:491} INFO - and corresponding Parquet message type:
[2025-03-21T14:50:28.528+0000] {spark_submit.py:491} INFO - message spark_schema {
[2025-03-21T14:50:28.529+0000] {spark_submit.py:491} INFO - optional int32 id;
[2025-03-21T14:50:28.530+0000] {spark_submit.py:491} INFO - optional binary date (STRING);
[2025-03-21T14:50:28.530+0000] {spark_submit.py:491} INFO - optional int32 client_id;
[2025-03-21T14:50:28.531+0000] {spark_submit.py:491} INFO - optional int32 card_id;
[2025-03-21T14:50:28.532+0000] {spark_submit.py:491} INFO - optional binary amount (STRING);
[2025-03-21T14:50:28.533+0000] {spark_submit.py:491} INFO - optional binary use_chip (STRING);
[2025-03-21T14:50:28.534+0000] {spark_submit.py:491} INFO - optional int32 merchant_id;
[2025-03-21T14:50:28.534+0000] {spark_submit.py:491} INFO - required binary merchant_city (STRING);
[2025-03-21T14:50:28.535+0000] {spark_submit.py:491} INFO - required binary merchant_state (STRING);
[2025-03-21T14:50:28.536+0000] {spark_submit.py:491} INFO - optional binary zip (STRING);
[2025-03-21T14:50:28.536+0000] {spark_submit.py:491} INFO - optional binary mcc (STRING);
[2025-03-21T14:50:28.537+0000] {spark_submit.py:491} INFO - required binary errors (STRING);
[2025-03-21T14:50:28.538+0000] {spark_submit.py:491} INFO - }
[2025-03-21T14:50:28.538+0000] {spark_submit.py:491} INFO - 
[2025-03-21T14:50:28.539+0000] {spark_submit.py:491} INFO - 
[2025-03-21T14:50:28.647+0000] {spark_submit.py:491} INFO - 25/03/21 14:50:28 INFO CodecPool: Got brand-new compressor [.snappy]
[2025-03-21T14:50:29.001+0000] {spark_submit.py:491} INFO - 25/03/21 14:50:29 INFO FileScanRDD: Reading File path: file:///opt/***/temp_data/trnsction/trnsction.csv, range: 0-134217728, partition values: [empty row]
[2025-03-21T14:50:29.098+0000] {spark_submit.py:491} INFO - 25/03/21 14:50:29 INFO CodeGenerator: Code generated in 59.36483 ms
[2025-03-21T14:50:29.232+0000] {spark_submit.py:491} INFO - 25/03/21 14:50:29 WARN CSVHeaderChecker: Number of column in CSV header is not equal to number of fields in the schema:
[2025-03-21T14:50:29.233+0000] {spark_submit.py:491} INFO - Header length: 1, schema size: 12
[2025-03-21T14:50:29.234+0000] {spark_submit.py:491} INFO - CSV file: file:///opt/***/temp_data/trnsction/trnsction.csv
[2025-03-21T14:51:14.466+0000] {spark_submit.py:491} INFO - 25/03/21 14:51:14 INFO FileOutputCommitter: Saved output of task 'attempt_202503211450278601354172256679424_0000_m_000000_0' to file:/opt/***/temp_data/trnsction/trnsction/_temporary/0/task_202503211450278601354172256679424_0000_m_000000
[2025-03-21T14:51:14.468+0000] {spark_submit.py:491} INFO - 25/03/21 14:51:14 INFO SparkHadoopMapRedUtil: attempt_202503211450278601354172256679424_0000_m_000000_0: Committed. Elapsed time: 2 ms.
[2025-03-21T14:51:14.549+0000] {spark_submit.py:491} INFO - 25/03/21 14:51:14 INFO Executor: Finished task 0.0 in stage 0.0 (TID 0). 2613 bytes result sent to driver
[2025-03-21T14:51:14.567+0000] {spark_submit.py:491} INFO - 25/03/21 14:51:14 INFO TaskSetManager: Starting task 1.0 in stage 0.0 (TID 1) (76faeac9fcab, executor driver, partition 1, PROCESS_LOCAL, 7933 bytes)
[2025-03-21T14:51:14.578+0000] {spark_submit.py:491} INFO - 25/03/21 14:51:14 INFO Executor: Running task 1.0 in stage 0.0 (TID 1)
[2025-03-21T14:51:14.592+0000] {spark_submit.py:491} INFO - 25/03/21 14:51:14 INFO TaskSetManager: Finished task 0.0 in stage 0.0 (TID 0) in 46570 ms on 76faeac9fcab (executor driver) (1/3)
[2025-03-21T14:51:14.650+0000] {spark_submit.py:491} INFO - 25/03/21 14:51:14 INFO FileOutputCommitter: File Output Committer Algorithm version is 1
[2025-03-21T14:51:14.652+0000] {spark_submit.py:491} INFO - 25/03/21 14:51:14 INFO FileOutputCommitter: FileOutputCommitter skip cleanup _temporary folders under output directory:false, ignore cleanup failures: false
[2025-03-21T14:51:14.654+0000] {spark_submit.py:491} INFO - 25/03/21 14:51:14 INFO SQLHadoopMapReduceCommitProtocol: Using user defined output committer class org.apache.parquet.hadoop.ParquetOutputCommitter
[2025-03-21T14:51:14.656+0000] {spark_submit.py:491} INFO - 25/03/21 14:51:14 INFO FileOutputCommitter: File Output Committer Algorithm version is 1
[2025-03-21T14:51:14.657+0000] {spark_submit.py:491} INFO - 25/03/21 14:51:14 INFO FileOutputCommitter: FileOutputCommitter skip cleanup _temporary folders under output directory:false, ignore cleanup failures: false
[2025-03-21T14:51:14.660+0000] {spark_submit.py:491} INFO - 25/03/21 14:51:14 INFO SQLHadoopMapReduceCommitProtocol: Using output committer class org.apache.parquet.hadoop.ParquetOutputCommitter
[2025-03-21T14:51:14.662+0000] {spark_submit.py:491} INFO - 25/03/21 14:51:14 INFO FileScanRDD: Reading File path: file:///opt/***/temp_data/trnsction/trnsction.csv, range: 134217728-268435456, partition values: [empty row]
[2025-03-21T14:51:14.712+0000] {spark_submit.py:491} INFO - 25/03/21 14:51:14 INFO CodecConfig: Compression: SNAPPY
[2025-03-21T14:51:14.716+0000] {spark_submit.py:491} INFO - 25/03/21 14:51:14 INFO CodecConfig: Compression: SNAPPY
[2025-03-21T14:51:14.720+0000] {spark_submit.py:491} INFO - 25/03/21 14:51:14 INFO ParquetOutputFormat: ParquetRecordWriter [block size: 134217728b, row group padding size: 8388608b, validating: false]
[2025-03-21T14:51:14.738+0000] {spark_submit.py:491} INFO - 25/03/21 14:51:14 INFO ParquetWriteSupport: Initialized Parquet WriteSupport with Catalyst schema:
[2025-03-21T14:51:14.739+0000] {spark_submit.py:491} INFO - {
[2025-03-21T14:51:14.739+0000] {spark_submit.py:491} INFO - "type" : "struct",
[2025-03-21T14:51:14.739+0000] {spark_submit.py:491} INFO - "fields" : [ {
[2025-03-21T14:51:14.739+0000] {spark_submit.py:491} INFO - "name" : "id",
[2025-03-21T14:51:14.740+0000] {spark_submit.py:491} INFO - "type" : "integer",
[2025-03-21T14:51:14.740+0000] {spark_submit.py:491} INFO - "nullable" : true,
[2025-03-21T14:51:14.740+0000] {spark_submit.py:491} INFO - "metadata" : { }
[2025-03-21T14:51:14.740+0000] {spark_submit.py:491} INFO - }, {
[2025-03-21T14:51:14.740+0000] {spark_submit.py:491} INFO - "name" : "date",
[2025-03-21T14:51:14.740+0000] {spark_submit.py:491} INFO - "type" : "string",
[2025-03-21T14:51:14.741+0000] {spark_submit.py:491} INFO - "nullable" : true,
[2025-03-21T14:51:14.741+0000] {spark_submit.py:491} INFO - "metadata" : { }
[2025-03-21T14:51:14.741+0000] {spark_submit.py:491} INFO - }, {
[2025-03-21T14:51:14.741+0000] {spark_submit.py:491} INFO - "name" : "client_id",
[2025-03-21T14:51:14.741+0000] {spark_submit.py:491} INFO - "type" : "integer",
[2025-03-21T14:51:14.741+0000] {spark_submit.py:491} INFO - "nullable" : true,
[2025-03-21T14:51:14.741+0000] {spark_submit.py:491} INFO - "metadata" : { }
[2025-03-21T14:51:14.742+0000] {spark_submit.py:491} INFO - }, {
[2025-03-21T14:51:14.742+0000] {spark_submit.py:491} INFO - "name" : "card_id",
[2025-03-21T14:51:14.742+0000] {spark_submit.py:491} INFO - "type" : "integer",
[2025-03-21T14:51:14.742+0000] {spark_submit.py:491} INFO - "nullable" : true,
[2025-03-21T14:51:14.742+0000] {spark_submit.py:491} INFO - "metadata" : { }
[2025-03-21T14:51:14.743+0000] {spark_submit.py:491} INFO - }, {
[2025-03-21T14:51:14.743+0000] {spark_submit.py:491} INFO - "name" : "amount",
[2025-03-21T14:51:14.743+0000] {spark_submit.py:491} INFO - "type" : "string",
[2025-03-21T14:51:14.743+0000] {spark_submit.py:491} INFO - "nullable" : true,
[2025-03-21T14:51:14.743+0000] {spark_submit.py:491} INFO - "metadata" : { }
[2025-03-21T14:51:14.743+0000] {spark_submit.py:491} INFO - }, {
[2025-03-21T14:51:14.743+0000] {spark_submit.py:491} INFO - "name" : "use_chip",
[2025-03-21T14:51:14.744+0000] {spark_submit.py:491} INFO - "type" : "string",
[2025-03-21T14:51:14.744+0000] {spark_submit.py:491} INFO - "nullable" : true,
[2025-03-21T14:51:14.744+0000] {spark_submit.py:491} INFO - "metadata" : { }
[2025-03-21T14:51:14.744+0000] {spark_submit.py:491} INFO - }, {
[2025-03-21T14:51:14.744+0000] {spark_submit.py:491} INFO - "name" : "merchant_id",
[2025-03-21T14:51:14.744+0000] {spark_submit.py:491} INFO - "type" : "integer",
[2025-03-21T14:51:14.745+0000] {spark_submit.py:491} INFO - "nullable" : true,
[2025-03-21T14:51:14.745+0000] {spark_submit.py:491} INFO - "metadata" : { }
[2025-03-21T14:51:14.745+0000] {spark_submit.py:491} INFO - }, {
[2025-03-21T14:51:14.745+0000] {spark_submit.py:491} INFO - "name" : "merchant_city",
[2025-03-21T14:51:14.745+0000] {spark_submit.py:491} INFO - "type" : "string",
[2025-03-21T14:51:14.745+0000] {spark_submit.py:491} INFO - "nullable" : false,
[2025-03-21T14:51:14.746+0000] {spark_submit.py:491} INFO - "metadata" : { }
[2025-03-21T14:51:14.746+0000] {spark_submit.py:491} INFO - }, {
[2025-03-21T14:51:14.746+0000] {spark_submit.py:491} INFO - "name" : "merchant_state",
[2025-03-21T14:51:14.746+0000] {spark_submit.py:491} INFO - "type" : "string",
[2025-03-21T14:51:14.746+0000] {spark_submit.py:491} INFO - "nullable" : false,
[2025-03-21T14:51:14.746+0000] {spark_submit.py:491} INFO - "metadata" : { }
[2025-03-21T14:51:14.747+0000] {spark_submit.py:491} INFO - }, {
[2025-03-21T14:51:14.747+0000] {spark_submit.py:491} INFO - "name" : "zip",
[2025-03-21T14:51:14.747+0000] {spark_submit.py:491} INFO - "type" : "string",
[2025-03-21T14:51:14.747+0000] {spark_submit.py:491} INFO - "nullable" : true,
[2025-03-21T14:51:14.747+0000] {spark_submit.py:491} INFO - "metadata" : { }
[2025-03-21T14:51:14.747+0000] {spark_submit.py:491} INFO - }, {
[2025-03-21T14:51:14.748+0000] {spark_submit.py:491} INFO - "name" : "mcc",
[2025-03-21T14:51:14.748+0000] {spark_submit.py:491} INFO - "type" : "string",
[2025-03-21T14:51:14.748+0000] {spark_submit.py:491} INFO - "nullable" : true,
[2025-03-21T14:51:14.748+0000] {spark_submit.py:491} INFO - "metadata" : { }
[2025-03-21T14:51:14.748+0000] {spark_submit.py:491} INFO - }, {
[2025-03-21T14:51:14.748+0000] {spark_submit.py:491} INFO - "name" : "errors",
[2025-03-21T14:51:14.749+0000] {spark_submit.py:491} INFO - "type" : "string",
[2025-03-21T14:51:14.749+0000] {spark_submit.py:491} INFO - "nullable" : false,
[2025-03-21T14:51:14.749+0000] {spark_submit.py:491} INFO - "metadata" : { }
[2025-03-21T14:51:14.749+0000] {spark_submit.py:491} INFO - } ]
[2025-03-21T14:51:14.749+0000] {spark_submit.py:491} INFO - }
[2025-03-21T14:51:14.749+0000] {spark_submit.py:491} INFO - and corresponding Parquet message type:
[2025-03-21T14:51:14.750+0000] {spark_submit.py:491} INFO - message spark_schema {
[2025-03-21T14:51:14.750+0000] {spark_submit.py:491} INFO - optional int32 id;
[2025-03-21T14:51:14.750+0000] {spark_submit.py:491} INFO - optional binary date (STRING);
[2025-03-21T14:51:14.750+0000] {spark_submit.py:491} INFO - optional int32 client_id;
[2025-03-21T14:51:14.750+0000] {spark_submit.py:491} INFO - optional int32 card_id;
[2025-03-21T14:51:14.750+0000] {spark_submit.py:491} INFO - optional binary amount (STRING);
[2025-03-21T14:51:14.751+0000] {spark_submit.py:491} INFO - optional binary use_chip (STRING);
[2025-03-21T14:51:14.751+0000] {spark_submit.py:491} INFO - optional int32 merchant_id;
[2025-03-21T14:51:14.751+0000] {spark_submit.py:491} INFO - required binary merchant_city (STRING);
[2025-03-21T14:51:14.751+0000] {spark_submit.py:491} INFO - required binary merchant_state (STRING);
[2025-03-21T14:51:14.751+0000] {spark_submit.py:491} INFO - optional binary zip (STRING);
[2025-03-21T14:51:14.751+0000] {spark_submit.py:491} INFO - optional binary mcc (STRING);
[2025-03-21T14:51:14.752+0000] {spark_submit.py:491} INFO - required binary errors (STRING);
[2025-03-21T14:51:14.752+0000] {spark_submit.py:491} INFO - }
[2025-03-21T14:51:14.752+0000] {spark_submit.py:491} INFO - 
[2025-03-21T14:51:14.753+0000] {spark_submit.py:491} INFO - 
[2025-03-21T14:51:54.593+0000] {spark_submit.py:491} INFO - 25/03/21 14:51:54 INFO FileOutputCommitter: Saved output of task 'attempt_202503211450278601354172256679424_0000_m_000001_1' to file:/opt/***/temp_data/trnsction/trnsction/_temporary/0/task_202503211450278601354172256679424_0000_m_000001
[2025-03-21T14:51:54.593+0000] {spark_submit.py:491} INFO - 25/03/21 14:51:54 INFO SparkHadoopMapRedUtil: attempt_202503211450278601354172256679424_0000_m_000001_1: Committed. Elapsed time: 2 ms.
[2025-03-21T14:51:54.598+0000] {spark_submit.py:491} INFO - 25/03/21 14:51:54 INFO Executor: Finished task 1.0 in stage 0.0 (TID 1). 2570 bytes result sent to driver
[2025-03-21T14:51:54.602+0000] {spark_submit.py:491} INFO - 25/03/21 14:51:54 INFO TaskSetManager: Starting task 2.0 in stage 0.0 (TID 2) (76faeac9fcab, executor driver, partition 2, PROCESS_LOCAL, 7933 bytes)
[2025-03-21T14:51:54.604+0000] {spark_submit.py:491} INFO - 25/03/21 14:51:54 INFO Executor: Running task 2.0 in stage 0.0 (TID 2)
[2025-03-21T14:51:54.608+0000] {spark_submit.py:491} INFO - 25/03/21 14:51:54 INFO TaskSetManager: Finished task 1.0 in stage 0.0 (TID 1) in 40046 ms on 76faeac9fcab (executor driver) (2/3)
[2025-03-21T14:51:54.642+0000] {spark_submit.py:491} INFO - 25/03/21 14:51:54 INFO FileOutputCommitter: File Output Committer Algorithm version is 1
[2025-03-21T14:51:54.643+0000] {spark_submit.py:491} INFO - 25/03/21 14:51:54 INFO FileOutputCommitter: FileOutputCommitter skip cleanup _temporary folders under output directory:false, ignore cleanup failures: false
[2025-03-21T14:51:54.644+0000] {spark_submit.py:491} INFO - 25/03/21 14:51:54 INFO SQLHadoopMapReduceCommitProtocol: Using user defined output committer class org.apache.parquet.hadoop.ParquetOutputCommitter
[2025-03-21T14:51:54.645+0000] {spark_submit.py:491} INFO - 25/03/21 14:51:54 INFO FileOutputCommitter: File Output Committer Algorithm version is 1
[2025-03-21T14:51:54.646+0000] {spark_submit.py:491} INFO - 25/03/21 14:51:54 INFO FileOutputCommitter: FileOutputCommitter skip cleanup _temporary folders under output directory:false, ignore cleanup failures: false
[2025-03-21T14:51:54.647+0000] {spark_submit.py:491} INFO - 25/03/21 14:51:54 INFO SQLHadoopMapReduceCommitProtocol: Using output committer class org.apache.parquet.hadoop.ParquetOutputCommitter
[2025-03-21T14:51:54.648+0000] {spark_submit.py:491} INFO - 25/03/21 14:51:54 INFO FileScanRDD: Reading File path: file:///opt/***/temp_data/trnsction/trnsction.csv, range: 268435456-318854564, partition values: [empty row]
[2025-03-21T14:51:54.676+0000] {spark_submit.py:491} INFO - 25/03/21 14:51:54 INFO CodecConfig: Compression: SNAPPY
[2025-03-21T14:51:54.678+0000] {spark_submit.py:491} INFO - 25/03/21 14:51:54 INFO CodecConfig: Compression: SNAPPY
[2025-03-21T14:51:54.682+0000] {spark_submit.py:491} INFO - 25/03/21 14:51:54 INFO ParquetOutputFormat: ParquetRecordWriter [block size: 134217728b, row group padding size: 8388608b, validating: false]
[2025-03-21T14:51:54.686+0000] {spark_submit.py:491} INFO - 25/03/21 14:51:54 INFO ParquetWriteSupport: Initialized Parquet WriteSupport with Catalyst schema:
[2025-03-21T14:51:54.688+0000] {spark_submit.py:491} INFO - {
[2025-03-21T14:51:54.688+0000] {spark_submit.py:491} INFO - "type" : "struct",
[2025-03-21T14:51:54.689+0000] {spark_submit.py:491} INFO - "fields" : [ {
[2025-03-21T14:51:54.689+0000] {spark_submit.py:491} INFO - "name" : "id",
[2025-03-21T14:51:54.689+0000] {spark_submit.py:491} INFO - "type" : "integer",
[2025-03-21T14:51:54.689+0000] {spark_submit.py:491} INFO - "nullable" : true,
[2025-03-21T14:51:54.690+0000] {spark_submit.py:491} INFO - "metadata" : { }
[2025-03-21T14:51:54.690+0000] {spark_submit.py:491} INFO - }, {
[2025-03-21T14:51:54.690+0000] {spark_submit.py:491} INFO - "name" : "date",
[2025-03-21T14:51:54.690+0000] {spark_submit.py:491} INFO - "type" : "string",
[2025-03-21T14:51:54.690+0000] {spark_submit.py:491} INFO - "nullable" : true,
[2025-03-21T14:51:54.690+0000] {spark_submit.py:491} INFO - "metadata" : { }
[2025-03-21T14:51:54.691+0000] {spark_submit.py:491} INFO - }, {
[2025-03-21T14:51:54.691+0000] {spark_submit.py:491} INFO - "name" : "client_id",
[2025-03-21T14:51:54.691+0000] {spark_submit.py:491} INFO - "type" : "integer",
[2025-03-21T14:51:54.691+0000] {spark_submit.py:491} INFO - "nullable" : true,
[2025-03-21T14:51:54.691+0000] {spark_submit.py:491} INFO - "metadata" : { }
[2025-03-21T14:51:54.691+0000] {spark_submit.py:491} INFO - }, {
[2025-03-21T14:51:54.692+0000] {spark_submit.py:491} INFO - "name" : "card_id",
[2025-03-21T14:51:54.692+0000] {spark_submit.py:491} INFO - "type" : "integer",
[2025-03-21T14:51:54.692+0000] {spark_submit.py:491} INFO - "nullable" : true,
[2025-03-21T14:51:54.692+0000] {spark_submit.py:491} INFO - "metadata" : { }
[2025-03-21T14:51:54.692+0000] {spark_submit.py:491} INFO - }, {
[2025-03-21T14:51:54.692+0000] {spark_submit.py:491} INFO - "name" : "amount",
[2025-03-21T14:51:54.693+0000] {spark_submit.py:491} INFO - "type" : "string",
[2025-03-21T14:51:54.693+0000] {spark_submit.py:491} INFO - "nullable" : true,
[2025-03-21T14:51:54.694+0000] {spark_submit.py:491} INFO - "metadata" : { }
[2025-03-21T14:51:54.694+0000] {spark_submit.py:491} INFO - }, {
[2025-03-21T14:51:54.695+0000] {spark_submit.py:491} INFO - "name" : "use_chip",
[2025-03-21T14:51:54.695+0000] {spark_submit.py:491} INFO - "type" : "string",
[2025-03-21T14:51:54.695+0000] {spark_submit.py:491} INFO - "nullable" : true,
[2025-03-21T14:51:54.695+0000] {spark_submit.py:491} INFO - "metadata" : { }
[2025-03-21T14:51:54.696+0000] {spark_submit.py:491} INFO - }, {
[2025-03-21T14:51:54.696+0000] {spark_submit.py:491} INFO - "name" : "merchant_id",
[2025-03-21T14:51:54.696+0000] {spark_submit.py:491} INFO - "type" : "integer",
[2025-03-21T14:51:54.696+0000] {spark_submit.py:491} INFO - "nullable" : true,
[2025-03-21T14:51:54.696+0000] {spark_submit.py:491} INFO - "metadata" : { }
[2025-03-21T14:51:54.697+0000] {spark_submit.py:491} INFO - }, {
[2025-03-21T14:51:54.697+0000] {spark_submit.py:491} INFO - "name" : "merchant_city",
[2025-03-21T14:51:54.697+0000] {spark_submit.py:491} INFO - "type" : "string",
[2025-03-21T14:51:54.697+0000] {spark_submit.py:491} INFO - "nullable" : false,
[2025-03-21T14:51:54.697+0000] {spark_submit.py:491} INFO - "metadata" : { }
[2025-03-21T14:51:54.698+0000] {spark_submit.py:491} INFO - }, {
[2025-03-21T14:51:54.698+0000] {spark_submit.py:491} INFO - "name" : "merchant_state",
[2025-03-21T14:51:54.698+0000] {spark_submit.py:491} INFO - "type" : "string",
[2025-03-21T14:51:54.698+0000] {spark_submit.py:491} INFO - "nullable" : false,
[2025-03-21T14:51:54.698+0000] {spark_submit.py:491} INFO - "metadata" : { }
[2025-03-21T14:51:54.699+0000] {spark_submit.py:491} INFO - }, {
[2025-03-21T14:51:54.699+0000] {spark_submit.py:491} INFO - "name" : "zip",
[2025-03-21T14:51:54.699+0000] {spark_submit.py:491} INFO - "type" : "string",
[2025-03-21T14:51:54.699+0000] {spark_submit.py:491} INFO - "nullable" : true,
[2025-03-21T14:51:54.699+0000] {spark_submit.py:491} INFO - "metadata" : { }
[2025-03-21T14:51:54.699+0000] {spark_submit.py:491} INFO - }, {
[2025-03-21T14:51:54.700+0000] {spark_submit.py:491} INFO - "name" : "mcc",
[2025-03-21T14:51:54.700+0000] {spark_submit.py:491} INFO - "type" : "string",
[2025-03-21T14:51:54.700+0000] {spark_submit.py:491} INFO - "nullable" : true,
[2025-03-21T14:51:54.700+0000] {spark_submit.py:491} INFO - "metadata" : { }
[2025-03-21T14:51:54.700+0000] {spark_submit.py:491} INFO - }, {
[2025-03-21T14:51:54.701+0000] {spark_submit.py:491} INFO - "name" : "errors",
[2025-03-21T14:51:54.701+0000] {spark_submit.py:491} INFO - "type" : "string",
[2025-03-21T14:51:54.701+0000] {spark_submit.py:491} INFO - "nullable" : false,
[2025-03-21T14:51:54.701+0000] {spark_submit.py:491} INFO - "metadata" : { }
[2025-03-21T14:51:54.701+0000] {spark_submit.py:491} INFO - } ]
[2025-03-21T14:51:54.701+0000] {spark_submit.py:491} INFO - }
[2025-03-21T14:51:54.702+0000] {spark_submit.py:491} INFO - and corresponding Parquet message type:
[2025-03-21T14:51:54.702+0000] {spark_submit.py:491} INFO - message spark_schema {
[2025-03-21T14:51:54.702+0000] {spark_submit.py:491} INFO - optional int32 id;
[2025-03-21T14:51:54.702+0000] {spark_submit.py:491} INFO - optional binary date (STRING);
[2025-03-21T14:51:54.703+0000] {spark_submit.py:491} INFO - optional int32 client_id;
[2025-03-21T14:51:54.703+0000] {spark_submit.py:491} INFO - optional int32 card_id;
[2025-03-21T14:51:54.703+0000] {spark_submit.py:491} INFO - optional binary amount (STRING);
[2025-03-21T14:51:54.703+0000] {spark_submit.py:491} INFO - optional binary use_chip (STRING);
[2025-03-21T14:51:54.703+0000] {spark_submit.py:491} INFO - optional int32 merchant_id;
[2025-03-21T14:51:54.703+0000] {spark_submit.py:491} INFO - required binary merchant_city (STRING);
[2025-03-21T14:51:54.704+0000] {spark_submit.py:491} INFO - required binary merchant_state (STRING);
[2025-03-21T14:51:54.704+0000] {spark_submit.py:491} INFO - optional binary zip (STRING);
[2025-03-21T14:51:54.704+0000] {spark_submit.py:491} INFO - optional binary mcc (STRING);
[2025-03-21T14:51:54.704+0000] {spark_submit.py:491} INFO - required binary errors (STRING);
[2025-03-21T14:51:54.705+0000] {spark_submit.py:491} INFO - }
[2025-03-21T14:51:54.705+0000] {spark_submit.py:491} INFO - 
[2025-03-21T14:51:54.705+0000] {spark_submit.py:491} INFO - 
[2025-03-21T14:52:09.360+0000] {spark_submit.py:491} INFO - 25/03/21 14:52:09 INFO FileOutputCommitter: Saved output of task 'attempt_202503211450278601354172256679424_0000_m_000002_2' to file:/opt/***/temp_data/trnsction/trnsction/_temporary/0/task_202503211450278601354172256679424_0000_m_000002
[2025-03-21T14:52:09.360+0000] {spark_submit.py:491} INFO - 25/03/21 14:52:09 INFO SparkHadoopMapRedUtil: attempt_202503211450278601354172256679424_0000_m_000002_2: Committed. Elapsed time: 2 ms.
[2025-03-21T14:52:09.366+0000] {spark_submit.py:491} INFO - 25/03/21 14:52:09 INFO Executor: Finished task 2.0 in stage 0.0 (TID 2). 2613 bytes result sent to driver
[2025-03-21T14:52:09.375+0000] {spark_submit.py:491} INFO - 25/03/21 14:52:09 INFO TaskSetManager: Finished task 2.0 in stage 0.0 (TID 2) in 14775 ms on 76faeac9fcab (executor driver) (3/3)
[2025-03-21T14:52:09.377+0000] {spark_submit.py:491} INFO - 25/03/21 14:52:09 INFO TaskSchedulerImpl: Removed TaskSet 0.0, whose tasks have all completed, from pool
[2025-03-21T14:52:09.380+0000] {spark_submit.py:491} INFO - 25/03/21 14:52:09 INFO DAGScheduler: ResultStage 0 (parquet at NativeMethodAccessorImpl.java:0) finished in 101.826 s
[2025-03-21T14:52:09.386+0000] {spark_submit.py:491} INFO - 25/03/21 14:52:09 INFO DAGScheduler: Job 0 is finished. Cancelling potential speculative or zombie tasks for this job
[2025-03-21T14:52:09.386+0000] {spark_submit.py:491} INFO - 25/03/21 14:52:09 INFO TaskSchedulerImpl: Killing all running tasks in stage 0: Stage finished
[2025-03-21T14:52:09.391+0000] {spark_submit.py:491} INFO - 25/03/21 14:52:09 INFO DAGScheduler: Job 0 finished: parquet at NativeMethodAccessorImpl.java:0, took 101.917824 s
[2025-03-21T14:52:09.395+0000] {spark_submit.py:491} INFO - 25/03/21 14:52:09 INFO FileFormatWriter: Start to commit write Job 135297c0-ae35-4a88-8751-3f194798f895.
[2025-03-21T14:52:09.442+0000] {spark_submit.py:491} INFO - 25/03/21 14:52:09 INFO FileFormatWriter: Write Job 135297c0-ae35-4a88-8751-3f194798f895 committed. Elapsed time: 38 ms.
[2025-03-21T14:52:09.446+0000] {spark_submit.py:491} INFO - 25/03/21 14:52:09 INFO FileFormatWriter: Finished processing stats for write job 135297c0-ae35-4a88-8751-3f194798f895.
[2025-03-21T14:52:09.618+0000] {spark_submit.py:491} INFO - 25/03/21 14:52:09 INFO SparkContext: Invoking stop() from shutdown hook
[2025-03-21T14:52:09.619+0000] {spark_submit.py:491} INFO - 25/03/21 14:52:09 INFO SparkContext: SparkContext is stopping with exitCode 0.
[2025-03-21T14:52:09.645+0000] {spark_submit.py:491} INFO - 25/03/21 14:52:09 INFO SparkUI: Stopped Spark web UI at http://76faeac9fcab:4040
[2025-03-21T14:52:09.679+0000] {spark_submit.py:491} INFO - 25/03/21 14:52:09 INFO MapOutputTrackerMasterEndpoint: MapOutputTrackerMasterEndpoint stopped!
[2025-03-21T14:52:09.702+0000] {spark_submit.py:491} INFO - 25/03/21 14:52:09 INFO MemoryStore: MemoryStore cleared
[2025-03-21T14:52:09.703+0000] {spark_submit.py:491} INFO - 25/03/21 14:52:09 INFO BlockManager: BlockManager stopped
[2025-03-21T14:52:09.724+0000] {spark_submit.py:491} INFO - 25/03/21 14:52:09 INFO BlockManagerMaster: BlockManagerMaster stopped
[2025-03-21T14:52:09.731+0000] {spark_submit.py:491} INFO - 25/03/21 14:52:09 INFO OutputCommitCoordinator$OutputCommitCoordinatorEndpoint: OutputCommitCoordinator stopped!
[2025-03-21T14:52:09.744+0000] {spark_submit.py:491} INFO - 25/03/21 14:52:09 INFO SparkContext: Successfully stopped SparkContext
[2025-03-21T14:52:09.744+0000] {spark_submit.py:491} INFO - 25/03/21 14:52:09 INFO ShutdownHookManager: Shutdown hook called
[2025-03-21T14:52:09.747+0000] {spark_submit.py:491} INFO - 25/03/21 14:52:09 INFO ShutdownHookManager: Deleting directory /tmp/spark-12c43667-2005-4925-8faf-baeaa7c797e7/pyspark-704ec233-efee-47cb-99bc-44aab1e194e3
[2025-03-21T14:52:09.754+0000] {spark_submit.py:491} INFO - 25/03/21 14:52:09 INFO ShutdownHookManager: Deleting directory /tmp/spark-c3f38ac4-427e-4917-b8b6-5075fc669a1e
[2025-03-21T14:52:09.762+0000] {spark_submit.py:491} INFO - 25/03/21 14:52:09 INFO ShutdownHookManager: Deleting directory /tmp/spark-12c43667-2005-4925-8faf-baeaa7c797e7
[2025-03-21T14:52:09.931+0000] {taskinstance.py:1400} INFO - Marking task as SUCCESS. dag_id=trnsaction_ingestion_gcs_dag, task_id=spark_convert_to_parquet, execution_date=20250321T144949, start_date=20250321T145005, end_date=20250321T145209
[2025-03-21T14:52:09.999+0000] {local_task_job_runner.py:228} INFO - Task exited with return code 0
[2025-03-21T14:52:10.054+0000] {taskinstance.py:2784} INFO - 0 downstream tasks scheduled from follow-on schedule check
